INFO - 2023-06-08 00:49:58 --> Session: Class initialized using 'CodeIgniter\Session\Handlers\FileHandler' driver.
INFO - 2023-06-08 00:50:05 --> Session: Class initialized using 'CodeIgniter\Session\Handlers\FileHandler' driver.
INFO - 2023-06-08 00:50:05 --> Session: Class initialized using 'CodeIgniter\Session\Handlers\FileHandler' driver.
INFO - 2023-06-08 00:50:41 --> Session: Class initialized using 'CodeIgniter\Session\Handlers\FileHandler' driver.
ERROR - 2023-06-08 08:50:42 --> mysqli_sql_exception: Subquery returns more than 1 row in C:\xampp\htdocs\adminfhm\system\Database\MySQLi\Connection.php:295
Stack trace:
#0 C:\xampp\htdocs\adminfhm\system\Database\MySQLi\Connection.php(295): mysqli->query('select ifnull((...', 0)
#1 C:\xampp\htdocs\adminfhm\system\Database\BaseConnection.php(692): CodeIgniter\Database\MySQLi\Connection->execute('select ifnull((...')
#2 C:\xampp\htdocs\adminfhm\system\Database\BaseConnection.php(606): CodeIgniter\Database\BaseConnection->simpleQuery('select ifnull((...')
#3 C:\xampp\htdocs\adminfhm\app\Models\Inventory_model.php(43): CodeIgniter\Database\BaseConnection->query('select ifnull((...')
#4 C:\xampp\htdocs\adminfhm\app\Views\inventory\inventory.php(38): App\Models\Inventory_model->getstock('532')
#5 C:\xampp\htdocs\adminfhm\system\View\View.php(213): include('C:\\xampp\\htdocs...')
#6 C:\xampp\htdocs\adminfhm\system\View\View.php(216): CodeIgniter\View\View->CodeIgniter\View\{closure}()
#7 C:\xampp\htdocs\adminfhm\system\Common.php(1184): CodeIgniter\View\View->render('inventory/inven...', Array, true)
#8 C:\xampp\htdocs\adminfhm\app\Controllers\Inventory_controller.php(48): view('inventory/inven...', Array)
#9 C:\xampp\htdocs\adminfhm\system\CodeIgniter.php(934): App\Controllers\Inventory_controller->inventory('all')
#10 C:\xampp\htdocs\adminfhm\system\CodeIgniter.php(499): CodeIgniter\CodeIgniter->runController(Object(App\Controllers\Inventory_controller))
#11 C:\xampp\htdocs\adminfhm\system\CodeIgniter.php(368): CodeIgniter\CodeIgniter->handleRequest(NULL, Object(Config\Cache), false)
#12 C:\xampp\htdocs\adminfhm\index.php(67): CodeIgniter\CodeIgniter->run()
#13 {main}
CRITICAL - 2023-06-08 08:50:42 --> Subquery returns more than 1 row
in SYSTEMPATH\Database\MySQLi\Connection.php on line 295.
 1 SYSTEMPATH\Database\MySQLi\Connection.php(295): mysqli->query('select ifnull((select quantity from tbl_purchase_item where item_id = 532), 0) as qty', 0)
 2 SYSTEMPATH\Database\BaseConnection.php(692): CodeIgniter\Database\MySQLi\Connection->execute('select ifnull((select quantity from tbl_purchase_item where item_id = 532), 0) as qty')
 3 SYSTEMPATH\Database\BaseConnection.php(606): CodeIgniter\Database\BaseConnection->simpleQuery('select ifnull((select quantity from tbl_purchase_item where item_id = 532), 0) as qty')
 4 APPPATH\Models\Inventory_model.php(43): CodeIgniter\Database\BaseConnection->query('select ifnull((select quantity from tbl_purchase_item where item_id = 532), 0) as qty')
 5 APPPATH\Views\inventory\inventory.php(38): App\Models\Inventory_model->getstock('532')
 6 SYSTEMPATH\View\View.php(213): include('C:\\xampp\\htdocs\\adminfhm\\app\\Views\\inventory\\inventory.php')
 7 SYSTEMPATH\View\View.php(216): CodeIgniter\View\View->CodeIgniter\View\{closure}()
 8 SYSTEMPATH\Common.php(1184): CodeIgniter\View\View->render('inventory/inventory', [], true)
 9 APPPATH\Controllers\Inventory_controller.php(48): view('inventory/inventory', [...])
10 SYSTEMPATH\CodeIgniter.php(934): App\Controllers\Inventory_controller->inventory('all')
11 SYSTEMPATH\CodeIgniter.php(499): CodeIgniter\CodeIgniter->runController(Object(App\Controllers\Inventory_controller))
12 SYSTEMPATH\CodeIgniter.php(368): CodeIgniter\CodeIgniter->handleRequest(null, Object(Config\Cache), false)
13 FCPATH\index.php(67): CodeIgniter\CodeIgniter->run()
INFO - 2023-06-08 00:51:36 --> Session: Class initialized using 'CodeIgniter\Session\Handlers\FileHandler' driver.
INFO - 2023-06-08 00:51:41 --> Session: Class initialized using 'CodeIgniter\Session\Handlers\FileHandler' driver.
INFO - 2023-06-08 00:51:56 --> Session: Class initialized using 'CodeIgniter\Session\Handlers\FileHandler' driver.
INFO - 2023-06-08 01:12:30 --> Session: Class initialized using 'CodeIgniter\Session\Handlers\FileHandler' driver.
INFO - 2023-06-08 01:35:33 --> Session: Class initialized using 'CodeIgniter\Session\Handlers\FileHandler' driver.
INFO - 2023-06-08 01:35:57 --> Session: Class initialized using 'CodeIgniter\Session\Handlers\FileHandler' driver.
INFO - 2023-06-08 01:43:08 --> Session: Class initialized using 'CodeIgniter\Session\Handlers\FileHandler' driver.
ERROR - 2023-06-08 09:43:08 --> mysqli_sql_exception: You have an error in your SQL syntax; check the manual that corresponds to your MariaDB server version for the right syntax to use near 'from tbl_damage_item where item_id = 6)),0) as damage' at line 1 in C:\xampp\htdocs\adminfhm\system\Database\MySQLi\Connection.php:295
Stack trace:
#0 C:\xampp\htdocs\adminfhm\system\Database\MySQLi\Connection.php(295): mysqli->query('select ifnull((...', 0)
#1 C:\xampp\htdocs\adminfhm\system\Database\BaseConnection.php(692): CodeIgniter\Database\MySQLi\Connection->execute('select ifnull((...')
#2 C:\xampp\htdocs\adminfhm\system\Database\BaseConnection.php(606): CodeIgniter\Database\BaseConnection->simpleQuery('select ifnull((...')
#3 C:\xampp\htdocs\adminfhm\app\Models\Inventory_model.php(50): CodeIgniter\Database\BaseConnection->query('select ifnull((...')
#4 C:\xampp\htdocs\adminfhm\app\Views\inventory\inventory.php(110): App\Models\Inventory_model->getdamage('6')
#5 C:\xampp\htdocs\adminfhm\system\View\View.php(213): include('C:\\xampp\\htdocs...')
#6 C:\xampp\htdocs\adminfhm\system\View\View.php(216): CodeIgniter\View\View->CodeIgniter\View\{closure}()
#7 C:\xampp\htdocs\adminfhm\system\Common.php(1184): CodeIgniter\View\View->render('inventory/inven...', Array, true)
#8 C:\xampp\htdocs\adminfhm\app\Controllers\Inventory_controller.php(48): view('inventory/inven...', Array)
#9 C:\xampp\htdocs\adminfhm\system\CodeIgniter.php(934): App\Controllers\Inventory_controller->inventory('Chair')
#10 C:\xampp\htdocs\adminfhm\system\CodeIgniter.php(499): CodeIgniter\CodeIgniter->runController(Object(App\Controllers\Inventory_controller))
#11 C:\xampp\htdocs\adminfhm\system\CodeIgniter.php(368): CodeIgniter\CodeIgniter->handleRequest(NULL, Object(Config\Cache), false)
#12 C:\xampp\htdocs\adminfhm\index.php(67): CodeIgniter\CodeIgniter->run()
#13 {main}
CRITICAL - 2023-06-08 09:43:08 --> You have an error in your SQL syntax; check the manual that corresponds to your MariaDB server version for the right syntax to use near 'from tbl_damage_item where item_id = 6)),0) as damage' at line 1
in SYSTEMPATH\Database\MySQLi\Connection.php on line 295.
 1 SYSTEMPATH\Database\MySQLi\Connection.php(295): mysqli->query('select ifnull((select count(damage_item_id from tbl_damage_item where item_id = 6)),0) as damage', 0)
 2 SYSTEMPATH\Database\BaseConnection.php(692): CodeIgniter\Database\MySQLi\Connection->execute('select ifnull((select count(damage_item_id from tbl_damage_item where item_id = 6)),0) as damage')
 3 SYSTEMPATH\Database\BaseConnection.php(606): CodeIgniter\Database\BaseConnection->simpleQuery('select ifnull((select count(damage_item_id from tbl_damage_item where item_id = 6)),0) as damage')
 4 APPPATH\Models\Inventory_model.php(50): CodeIgniter\Database\BaseConnection->query('select ifnull((select count(damage_item_id from tbl_damage_item where item_id = 6)),0) as damage')
 5 APPPATH\Views\inventory\inventory.php(110): App\Models\Inventory_model->getdamage('6')
 6 SYSTEMPATH\View\View.php(213): include('C:\\xampp\\htdocs\\adminfhm\\app\\Views\\inventory\\inventory.php')
 7 SYSTEMPATH\View\View.php(216): CodeIgniter\View\View->CodeIgniter\View\{closure}()
 8 SYSTEMPATH\Common.php(1184): CodeIgniter\View\View->render('inventory/inventory', [], true)
 9 APPPATH\Controllers\Inventory_controller.php(48): view('inventory/inventory', [...])
10 SYSTEMPATH\CodeIgniter.php(934): App\Controllers\Inventory_controller->inventory('Chair')
11 SYSTEMPATH\CodeIgniter.php(499): CodeIgniter\CodeIgniter->runController(Object(App\Controllers\Inventory_controller))
12 SYSTEMPATH\CodeIgniter.php(368): CodeIgniter\CodeIgniter->handleRequest(null, Object(Config\Cache), false)
13 FCPATH\index.php(67): CodeIgniter\CodeIgniter->run()
INFO - 2023-06-08 01:44:06 --> Session: Class initialized using 'CodeIgniter\Session\Handlers\FileHandler' driver.
ERROR - 2023-06-08 09:44:06 --> mysqli_sql_exception: You have an error in your SQL syntax; check the manual that corresponds to your MariaDB server version for the right syntax to use near 'from tbl_display_item where item_id = 6)),0) as display' at line 1 in C:\xampp\htdocs\adminfhm\system\Database\MySQLi\Connection.php:295
Stack trace:
#0 C:\xampp\htdocs\adminfhm\system\Database\MySQLi\Connection.php(295): mysqli->query('select ifnull((...', 0)
#1 C:\xampp\htdocs\adminfhm\system\Database\BaseConnection.php(692): CodeIgniter\Database\MySQLi\Connection->execute('select ifnull((...')
#2 C:\xampp\htdocs\adminfhm\system\Database\BaseConnection.php(606): CodeIgniter\Database\BaseConnection->simpleQuery('select ifnull((...')
#3 C:\xampp\htdocs\adminfhm\app\Models\Inventory_model.php(56): CodeIgniter\Database\BaseConnection->query('select ifnull((...')
#4 C:\xampp\htdocs\adminfhm\app\Views\inventory\inventory.php(111): App\Models\Inventory_model->getdisplay('6')
#5 C:\xampp\htdocs\adminfhm\system\View\View.php(213): include('C:\\xampp\\htdocs...')
#6 C:\xampp\htdocs\adminfhm\system\View\View.php(216): CodeIgniter\View\View->CodeIgniter\View\{closure}()
#7 C:\xampp\htdocs\adminfhm\system\Common.php(1184): CodeIgniter\View\View->render('inventory/inven...', Array, true)
#8 C:\xampp\htdocs\adminfhm\app\Controllers\Inventory_controller.php(48): view('inventory/inven...', Array)
#9 C:\xampp\htdocs\adminfhm\system\CodeIgniter.php(934): App\Controllers\Inventory_controller->inventory('Chair')
#10 C:\xampp\htdocs\adminfhm\system\CodeIgniter.php(499): CodeIgniter\CodeIgniter->runController(Object(App\Controllers\Inventory_controller))
#11 C:\xampp\htdocs\adminfhm\system\CodeIgniter.php(368): CodeIgniter\CodeIgniter->handleRequest(NULL, Object(Config\Cache), false)
#12 C:\xampp\htdocs\adminfhm\index.php(67): CodeIgniter\CodeIgniter->run()
#13 {main}
CRITICAL - 2023-06-08 09:44:06 --> You have an error in your SQL syntax; check the manual that corresponds to your MariaDB server version for the right syntax to use near 'from tbl_display_item where item_id = 6)),0) as display' at line 1
in SYSTEMPATH\Database\MySQLi\Connection.php on line 295.
 1 SYSTEMPATH\Database\MySQLi\Connection.php(295): mysqli->query('select ifnull((select count(display_item_id from tbl_display_item where item_id = 6)),0) as display', 0)
 2 SYSTEMPATH\Database\BaseConnection.php(692): CodeIgniter\Database\MySQLi\Connection->execute('select ifnull((select count(display_item_id from tbl_display_item where item_id = 6)),0) as display')
 3 SYSTEMPATH\Database\BaseConnection.php(606): CodeIgniter\Database\BaseConnection->simpleQuery('select ifnull((select count(display_item_id from tbl_display_item where item_id = 6)),0) as display')
 4 APPPATH\Models\Inventory_model.php(56): CodeIgniter\Database\BaseConnection->query('select ifnull((select count(display_item_id from tbl_display_item where item_id = 6)),0) as display')
 5 APPPATH\Views\inventory\inventory.php(111): App\Models\Inventory_model->getdisplay('6')
 6 SYSTEMPATH\View\View.php(213): include('C:\\xampp\\htdocs\\adminfhm\\app\\Views\\inventory\\inventory.php')
 7 SYSTEMPATH\View\View.php(216): CodeIgniter\View\View->CodeIgniter\View\{closure}()
 8 SYSTEMPATH\Common.php(1184): CodeIgniter\View\View->render('inventory/inventory', [], true)
 9 APPPATH\Controllers\Inventory_controller.php(48): view('inventory/inventory', [...])
10 SYSTEMPATH\CodeIgniter.php(934): App\Controllers\Inventory_controller->inventory('Chair')
11 SYSTEMPATH\CodeIgniter.php(499): CodeIgniter\CodeIgniter->runController(Object(App\Controllers\Inventory_controller))
12 SYSTEMPATH\CodeIgniter.php(368): CodeIgniter\CodeIgniter->handleRequest(null, Object(Config\Cache), false)
13 FCPATH\index.php(67): CodeIgniter\CodeIgniter->run()
INFO - 2023-06-08 01:44:25 --> Session: Class initialized using 'CodeIgniter\Session\Handlers\FileHandler' driver.
CRITICAL - 2023-06-08 09:44:25 --> Undefined variable $dips
in APPPATH\Views\inventory\inventory.php on line 115.
 1 APPPATH\Views\inventory\inventory.php(115): CodeIgniter\Debug\Exceptions->errorHandler(2, 'Undefined variable $dips', 'C:\\xampp\\htdocs\\adminfhm\\app\\Views\\inventory\\inventory.php', 115)
 2 SYSTEMPATH\View\View.php(213): include('C:\\xampp\\htdocs\\adminfhm\\app\\Views\\inventory\\inventory.php')
 3 SYSTEMPATH\View\View.php(216): CodeIgniter\View\View->CodeIgniter\View\{closure}()
 4 SYSTEMPATH\Common.php(1184): CodeIgniter\View\View->render('inventory/inventory', [], true)
 5 APPPATH\Controllers\Inventory_controller.php(48): view('inventory/inventory', [...])
 6 SYSTEMPATH\CodeIgniter.php(934): App\Controllers\Inventory_controller->inventory('Chair')
 7 SYSTEMPATH\CodeIgniter.php(499): CodeIgniter\CodeIgniter->runController(Object(App\Controllers\Inventory_controller))
 8 SYSTEMPATH\CodeIgniter.php(368): CodeIgniter\CodeIgniter->handleRequest(null, Object(Config\Cache), false)
 9 FCPATH\index.php(67): CodeIgniter\CodeIgniter->run()
INFO - 2023-06-08 01:44:39 --> Session: Class initialized using 'CodeIgniter\Session\Handlers\FileHandler' driver.
INFO - 2023-06-08 01:51:47 --> Session: Class initialized using 'CodeIgniter\Session\Handlers\FileHandler' driver.
CRITICAL - 2023-06-08 09:51:47 --> Undefined array key "qty"
in APPPATH\Views\inventory\inventory.php on line 116.
 1 APPPATH\Views\inventory\inventory.php(116): CodeIgniter\Debug\Exceptions->errorHandler(2, 'Undefined array key "qty"', 'C:\\xampp\\htdocs\\adminfhm\\app\\Views\\inventory\\inventory.php', 116)
 2 SYSTEMPATH\View\View.php(213): include('C:\\xampp\\htdocs\\adminfhm\\app\\Views\\inventory\\inventory.php')
 3 SYSTEMPATH\View\View.php(216): CodeIgniter\View\View->CodeIgniter\View\{closure}()
 4 SYSTEMPATH\Common.php(1184): CodeIgniter\View\View->render('inventory/inventory', [], true)
 5 APPPATH\Controllers\Inventory_controller.php(48): view('inventory/inventory', [...])
 6 SYSTEMPATH\CodeIgniter.php(934): App\Controllers\Inventory_controller->inventory('Chair')
 7 SYSTEMPATH\CodeIgniter.php(499): CodeIgniter\CodeIgniter->runController(Object(App\Controllers\Inventory_controller))
 8 SYSTEMPATH\CodeIgniter.php(368): CodeIgniter\CodeIgniter->handleRequest(null, Object(Config\Cache), false)
 9 FCPATH\index.php(67): CodeIgniter\CodeIgniter->run()
INFO - 2023-06-08 01:52:00 --> Session: Class initialized using 'CodeIgniter\Session\Handlers\FileHandler' driver.
CRITICAL - 2023-06-08 09:52:00 --> Undefined array key "salesitem"
in APPPATH\Views\inventory\inventory.php on line 116.
 1 APPPATH\Views\inventory\inventory.php(116): CodeIgniter\Debug\Exceptions->errorHandler(2, 'Undefined array key "salesitem"', 'C:\\xampp\\htdocs\\adminfhm\\app\\Views\\inventory\\inventory.php', 116)
 2 SYSTEMPATH\View\View.php(213): include('C:\\xampp\\htdocs\\adminfhm\\app\\Views\\inventory\\inventory.php')
 3 SYSTEMPATH\View\View.php(216): CodeIgniter\View\View->CodeIgniter\View\{closure}()
 4 SYSTEMPATH\Common.php(1184): CodeIgniter\View\View->render('inventory/inventory', [], true)
 5 APPPATH\Controllers\Inventory_controller.php(48): view('inventory/inventory', [...])
 6 SYSTEMPATH\CodeIgniter.php(934): App\Controllers\Inventory_controller->inventory('Chair')
 7 SYSTEMPATH\CodeIgniter.php(499): CodeIgniter\CodeIgniter->runController(Object(App\Controllers\Inventory_controller))
 8 SYSTEMPATH\CodeIgniter.php(368): CodeIgniter\CodeIgniter->handleRequest(null, Object(Config\Cache), false)
 9 FCPATH\index.php(67): CodeIgniter\CodeIgniter->run()
INFO - 2023-06-08 01:52:25 --> Session: Class initialized using 'CodeIgniter\Session\Handlers\FileHandler' driver.
INFO - 2023-06-08 01:53:26 --> Session: Class initialized using 'CodeIgniter\Session\Handlers\FileHandler' driver.
INFO - 2023-06-08 01:54:53 --> Session: Class initialized using 'CodeIgniter\Session\Handlers\FileHandler' driver.
CRITICAL - 2023-06-08 09:54:53 --> syntax error, unexpected variable "$qty"
in APPPATH\Views\inventory\inventory.php on line 116.
 1 SYSTEMPATH\View\View.php(216): CodeIgniter\View\View->CodeIgniter\View\{closure}()
 2 SYSTEMPATH\Common.php(1184): CodeIgniter\View\View->render('inventory/inventory', [], true)
 3 APPPATH\Controllers\Inventory_controller.php(48): view('inventory/inventory', [...])
 4 SYSTEMPATH\CodeIgniter.php(934): App\Controllers\Inventory_controller->inventory('Chair')
 5 SYSTEMPATH\CodeIgniter.php(499): CodeIgniter\CodeIgniter->runController(Object(App\Controllers\Inventory_controller))
 6 SYSTEMPATH\CodeIgniter.php(368): CodeIgniter\CodeIgniter->handleRequest(null, Object(Config\Cache), false)
 7 FCPATH\index.php(67): CodeIgniter\CodeIgniter->run()
INFO - 2023-06-08 01:55:11 --> Session: Class initialized using 'CodeIgniter\Session\Handlers\FileHandler' driver.
INFO - 2023-06-08 01:55:40 --> Session: Class initialized using 'CodeIgniter\Session\Handlers\FileHandler' driver.
INFO - 2023-06-08 01:57:25 --> Session: Class initialized using 'CodeIgniter\Session\Handlers\FileHandler' driver.
INFO - 2023-06-08 01:58:22 --> Session: Class initialized using 'CodeIgniter\Session\Handlers\FileHandler' driver.
INFO - 2023-06-08 01:59:09 --> Session: Class initialized using 'CodeIgniter\Session\Handlers\FileHandler' driver.
INFO - 2023-06-08 01:59:32 --> Session: Class initialized using 'CodeIgniter\Session\Handlers\FileHandler' driver.
INFO - 2023-06-08 01:59:46 --> Session: Class initialized using 'CodeIgniter\Session\Handlers\FileHandler' driver.
INFO - 2023-06-08 02:02:52 --> Session: Class initialized using 'CodeIgniter\Session\Handlers\FileHandler' driver.
INFO - 2023-06-08 02:03:00 --> Session: Class initialized using 'CodeIgniter\Session\Handlers\FileHandler' driver.
INFO - 2023-06-08 02:03:02 --> Session: Class initialized using 'CodeIgniter\Session\Handlers\FileHandler' driver.
INFO - 2023-06-08 02:03:18 --> Session: Class initialized using 'CodeIgniter\Session\Handlers\FileHandler' driver.
INFO - 2023-06-08 02:03:25 --> Session: Class initialized using 'CodeIgniter\Session\Handlers\FileHandler' driver.
INFO - 2023-06-08 02:03:28 --> Session: Class initialized using 'CodeIgniter\Session\Handlers\FileHandler' driver.
INFO - 2023-06-08 02:03:33 --> Session: Class initialized using 'CodeIgniter\Session\Handlers\FileHandler' driver.
INFO - 2023-06-08 02:03:37 --> Session: Class initialized using 'CodeIgniter\Session\Handlers\FileHandler' driver.
INFO - 2023-06-08 02:13:38 --> Session: Class initialized using 'CodeIgniter\Session\Handlers\FileHandler' driver.
INFO - 2023-06-08 02:15:35 --> Session: Class initialized using 'CodeIgniter\Session\Handlers\FileHandler' driver.
INFO - 2023-06-08 02:15:39 --> Session: Class initialized using 'CodeIgniter\Session\Handlers\FileHandler' driver.
INFO - 2023-06-08 02:15:47 --> Session: Class initialized using 'CodeIgniter\Session\Handlers\FileHandler' driver.
INFO - 2023-06-08 02:15:50 --> Session: Class initialized using 'CodeIgniter\Session\Handlers\FileHandler' driver.
INFO - 2023-06-08 02:16:00 --> Session: Class initialized using 'CodeIgniter\Session\Handlers\FileHandler' driver.
INFO - 2023-06-08 02:16:03 --> Session: Class initialized using 'CodeIgniter\Session\Handlers\FileHandler' driver.
INFO - 2023-06-08 02:16:10 --> Session: Class initialized using 'CodeIgniter\Session\Handlers\FileHandler' driver.
INFO - 2023-06-08 02:17:18 --> Session: Class initialized using 'CodeIgniter\Session\Handlers\FileHandler' driver.
INFO - 2023-06-08 02:17:21 --> Session: Class initialized using 'CodeIgniter\Session\Handlers\FileHandler' driver.
INFO - 2023-06-08 02:17:25 --> Session: Class initialized using 'CodeIgniter\Session\Handlers\FileHandler' driver.
INFO - 2023-06-08 02:17:28 --> Session: Class initialized using 'CodeIgniter\Session\Handlers\FileHandler' driver.
INFO - 2023-06-08 02:17:36 --> Session: Class initialized using 'CodeIgniter\Session\Handlers\FileHandler' driver.
INFO - 2023-06-08 02:21:25 --> Session: Class initialized using 'CodeIgniter\Session\Handlers\FileHandler' driver.
INFO - 2023-06-08 02:30:17 --> Session: Class initialized using 'CodeIgniter\Session\Handlers\FileHandler' driver.
INFO - 2023-06-08 02:35:40 --> Session: Class initialized using 'CodeIgniter\Session\Handlers\FileHandler' driver.
INFO - 2023-06-08 02:39:21 --> Session: Class initialized using 'CodeIgniter\Session\Handlers\FileHandler' driver.
INFO - 2023-06-08 02:39:24 --> Session: Class initialized using 'CodeIgniter\Session\Handlers\FileHandler' driver.
INFO - 2023-06-08 02:45:01 --> Session: Class initialized using 'CodeIgniter\Session\Handlers\FileHandler' driver.
INFO - 2023-06-08 02:45:26 --> Session: Class initialized using 'CodeIgniter\Session\Handlers\FileHandler' driver.
INFO - 2023-06-08 02:45:33 --> Session: Class initialized using 'CodeIgniter\Session\Handlers\FileHandler' driver.
INFO - 2023-06-08 02:45:38 --> Session: Class initialized using 'CodeIgniter\Session\Handlers\FileHandler' driver.
INFO - 2023-06-08 02:45:44 --> Session: Class initialized using 'CodeIgniter\Session\Handlers\FileHandler' driver.
INFO - 2023-06-08 02:45:54 --> Session: Class initialized using 'CodeIgniter\Session\Handlers\FileHandler' driver.
INFO - 2023-06-08 02:45:58 --> Session: Class initialized using 'CodeIgniter\Session\Handlers\FileHandler' driver.
INFO - 2023-06-08 03:13:09 --> Session: Class initialized using 'CodeIgniter\Session\Handlers\FileHandler' driver.
ERROR - 2023-06-08 11:13:10 --> mysqli_sql_exception: You have an error in your SQL syntax; check the manual that corresponds to your MariaDB server version for the right syntax to use near 'select select ifnull((select sum(quantity)
        from tbl_sales_item as ts...' at line 1 in C:\xampp\htdocs\adminfhm\system\Database\MySQLi\Connection.php:295
Stack trace:
#0 C:\xampp\htdocs\adminfhm\system\Database\MySQLi\Connection.php(295): mysqli->query('select select s...', 0)
#1 C:\xampp\htdocs\adminfhm\system\Database\BaseConnection.php(692): CodeIgniter\Database\MySQLi\Connection->execute('select select s...')
#2 C:\xampp\htdocs\adminfhm\system\Database\BaseConnection.php(606): CodeIgniter\Database\BaseConnection->simpleQuery('select select s...')
#3 C:\xampp\htdocs\adminfhm\app\Models\Inventory_model.php(67): CodeIgniter\Database\BaseConnection->query('select select s...')
#4 C:\xampp\htdocs\adminfhm\app\Views\inventory\inventory.php(41): App\Models\Inventory_model->getsalesitem('532', 1)
#5 C:\xampp\htdocs\adminfhm\system\View\View.php(213): include('C:\\xampp\\htdocs...')
#6 C:\xampp\htdocs\adminfhm\system\View\View.php(216): CodeIgniter\View\View->CodeIgniter\View\{closure}()
#7 C:\xampp\htdocs\adminfhm\system\Common.php(1184): CodeIgniter\View\View->render('inventory/inven...', Array, true)
#8 C:\xampp\htdocs\adminfhm\app\Controllers\Inventory_controller.php(51): view('inventory/inven...', Array)
#9 C:\xampp\htdocs\adminfhm\system\CodeIgniter.php(934): App\Controllers\Inventory_controller->inventory('Chair')
#10 C:\xampp\htdocs\adminfhm\system\CodeIgniter.php(499): CodeIgniter\CodeIgniter->runController(Object(App\Controllers\Inventory_controller))
#11 C:\xampp\htdocs\adminfhm\system\CodeIgniter.php(368): CodeIgniter\CodeIgniter->handleRequest(NULL, Object(Config\Cache), false)
#12 C:\xampp\htdocs\adminfhm\index.php(67): CodeIgniter\CodeIgniter->run()
#13 {main}
CRITICAL - 2023-06-08 11:13:10 --> You have an error in your SQL syntax; check the manual that corresponds to your MariaDB server version for the right syntax to use near 'select select ifnull((select sum(quantity)
        from tbl_sales_item as ts...' at line 1
in SYSTEMPATH\Database\MySQLi\Connection.php on line 295.
 1 SYSTEMPATH\Database\MySQLi\Connection.php(295): mysqli->query('select select select ifnull((select sum(quantity)
        from tbl_sales_item as tsi, tbl_sales as ts
        where tsi.sales_id = ts.sales_id
        and ts.warehouse_id = 1
        and tsi.item_id = 532), 0) as as salesitem', 0)
 2 SYSTEMPATH\Database\BaseConnection.php(692): CodeIgniter\Database\MySQLi\Connection->execute('select select select ifnull((select sum(quantity)
        from tbl_sales_item as tsi, tbl_sales as ts
        where tsi.sales_id = ts.sales_id
        and ts.warehouse_id = 1
        and tsi.item_id = 532), 0) as as salesitem')
 3 SYSTEMPATH\Database\BaseConnection.php(606): CodeIgniter\Database\BaseConnection->simpleQuery('select select select ifnull((select sum(quantity)
        from tbl_sales_item as tsi, tbl_sales as ts
        where tsi.sales_id = ts.sales_id
        and ts.warehouse_id = 1
        and tsi.item_id = 532), 0) as as salesitem')
 4 APPPATH\Models\Inventory_model.php(67): CodeIgniter\Database\BaseConnection->query('select select select ifnull((select sum(quantity)
        from tbl_sales_item as tsi, tbl_sales as ts
        where tsi.sales_id = ts.sales_id
        and ts.warehouse_id = 1
        and tsi.item_id = 532), 0) as as salesitem')
 5 APPPATH\Views\inventory\inventory.php(41): App\Models\Inventory_model->getsalesitem('532', 1)
 6 SYSTEMPATH\View\View.php(213): include('C:\\xampp\\htdocs\\adminfhm\\app\\Views\\inventory\\inventory.php')
 7 SYSTEMPATH\View\View.php(216): CodeIgniter\View\View->CodeIgniter\View\{closure}()
 8 SYSTEMPATH\Common.php(1184): CodeIgniter\View\View->render('inventory/inventory', [], true)
 9 APPPATH\Controllers\Inventory_controller.php(51): view('inventory/inventory', [...])
10 SYSTEMPATH\CodeIgniter.php(934): App\Controllers\Inventory_controller->inventory('Chair')
11 SYSTEMPATH\CodeIgniter.php(499): CodeIgniter\CodeIgniter->runController(Object(App\Controllers\Inventory_controller))
12 SYSTEMPATH\CodeIgniter.php(368): CodeIgniter\CodeIgniter->handleRequest(null, Object(Config\Cache), false)
13 FCPATH\index.php(67): CodeIgniter\CodeIgniter->run()
INFO - 2023-06-08 03:13:52 --> Session: Class initialized using 'CodeIgniter\Session\Handlers\FileHandler' driver.
INFO - 2023-06-08 03:20:21 --> Session: Class initialized using 'CodeIgniter\Session\Handlers\FileHandler' driver.
INFO - 2023-06-08 03:24:54 --> Session: Class initialized using 'CodeIgniter\Session\Handlers\FileHandler' driver.
CRITICAL - 2023-06-08 11:24:54 --> Undefined array key "displayitem"
in APPPATH\Views\inventory\inventory.php on line 116.
 1 APPPATH\Views\inventory\inventory.php(116): CodeIgniter\Debug\Exceptions->errorHandler(2, 'Undefined array key "displayitem"', 'C:\\xampp\\htdocs\\adminfhm\\app\\Views\\inventory\\inventory.php', 116)
 2 SYSTEMPATH\View\View.php(213): include('C:\\xampp\\htdocs\\adminfhm\\app\\Views\\inventory\\inventory.php')
 3 SYSTEMPATH\View\View.php(216): CodeIgniter\View\View->CodeIgniter\View\{closure}()
 4 SYSTEMPATH\Common.php(1184): CodeIgniter\View\View->render('inventory/inventory', [], true)
 5 APPPATH\Controllers\Inventory_controller.php(51): view('inventory/inventory', [...])
 6 SYSTEMPATH\CodeIgniter.php(934): App\Controllers\Inventory_controller->inventory('Chair')
 7 SYSTEMPATH\CodeIgniter.php(499): CodeIgniter\CodeIgniter->runController(Object(App\Controllers\Inventory_controller))
 8 SYSTEMPATH\CodeIgniter.php(368): CodeIgniter\CodeIgniter->handleRequest(null, Object(Config\Cache), false)
 9 FCPATH\index.php(67): CodeIgniter\CodeIgniter->run()
INFO - 2023-06-08 03:25:08 --> Session: Class initialized using 'CodeIgniter\Session\Handlers\FileHandler' driver.
CRITICAL - 2023-06-08 03:25:14 --> Allowed memory size of 536870912 bytes exhausted (tried to allocate 135168 bytes)
in SYSTEMPATH\Debug\Toolbar.php on line 292.
 1 [internal function]: CodeIgniter\Debug\Exceptions->shutdownHandler()
INFO - 2023-06-08 03:26:28 --> Session: Class initialized using 'CodeIgniter\Session\Handlers\FileHandler' driver.
CRITICAL - 2023-06-08 03:26:34 --> Allowed memory size of 536870912 bytes exhausted (tried to allocate 135168 bytes)
in SYSTEMPATH\Debug\Toolbar.php on line 292.
 1 [internal function]: CodeIgniter\Debug\Exceptions->shutdownHandler()
INFO - 2023-06-08 03:51:19 --> Session: Class initialized using 'CodeIgniter\Session\Handlers\FileHandler' driver.
CRITICAL - 2023-06-08 11:51:19 --> You must set the database table to be used with your query.
in SYSTEMPATH\Database\BaseConnection.php on line 883.
 1 SYSTEMPATH\Model.php(642): CodeIgniter\Database\BaseConnection->table(null)
 2 SYSTEMPATH\Model.php(832): CodeIgniter\Model->builder()
 3 APPPATH\Views\inventory\inventory.php(102): CodeIgniter\Model->__call('tstocktransferfrom', [...])
 4 SYSTEMPATH\View\View.php(213): include('C:\\xampp\\htdocs\\adminfhm\\app\\Views\\inventory\\inventory.php')
 5 SYSTEMPATH\View\View.php(216): CodeIgniter\View\View->CodeIgniter\View\{closure}()
 6 SYSTEMPATH\Common.php(1184): CodeIgniter\View\View->render('inventory/inventory', [], true)
 7 APPPATH\Controllers\Inventory_controller.php(51): view('inventory/inventory', [...])
 8 SYSTEMPATH\CodeIgniter.php(934): App\Controllers\Inventory_controller->inventory('Chair')
 9 SYSTEMPATH\CodeIgniter.php(499): CodeIgniter\CodeIgniter->runController(Object(App\Controllers\Inventory_controller))
10 SYSTEMPATH\CodeIgniter.php(368): CodeIgniter\CodeIgniter->handleRequest(null, Object(Config\Cache), false)
11 FCPATH\index.php(67): CodeIgniter\CodeIgniter->run()
INFO - 2023-06-08 03:51:52 --> Session: Class initialized using 'CodeIgniter\Session\Handlers\FileHandler' driver.
CRITICAL - 2023-06-08 11:51:52 --> You must set the database table to be used with your query.
in SYSTEMPATH\Database\BaseConnection.php on line 883.
 1 SYSTEMPATH\Model.php(642): CodeIgniter\Database\BaseConnection->table(null)
 2 SYSTEMPATH\Model.php(832): CodeIgniter\Model->builder()
 3 APPPATH\Views\inventory\inventory.php(102): CodeIgniter\Model->__call('tstocktransferfrom', [...])
 4 SYSTEMPATH\View\View.php(213): include('C:\\xampp\\htdocs\\adminfhm\\app\\Views\\inventory\\inventory.php')
 5 SYSTEMPATH\View\View.php(216): CodeIgniter\View\View->CodeIgniter\View\{closure}()
 6 SYSTEMPATH\Common.php(1184): CodeIgniter\View\View->render('inventory/inventory', [], true)
 7 APPPATH\Controllers\Inventory_controller.php(51): view('inventory/inventory', [...])
 8 SYSTEMPATH\CodeIgniter.php(934): App\Controllers\Inventory_controller->inventory('Chair')
 9 SYSTEMPATH\CodeIgniter.php(499): CodeIgniter\CodeIgniter->runController(Object(App\Controllers\Inventory_controller))
10 SYSTEMPATH\CodeIgniter.php(368): CodeIgniter\CodeIgniter->handleRequest(null, Object(Config\Cache), false)
11 FCPATH\index.php(67): CodeIgniter\CodeIgniter->run()
INFO - 2023-06-08 03:53:28 --> Session: Class initialized using 'CodeIgniter\Session\Handlers\FileHandler' driver.
CRITICAL - 2023-06-08 11:53:28 --> You must set the database table to be used with your query.
in SYSTEMPATH\Database\BaseConnection.php on line 883.
 1 SYSTEMPATH\Model.php(642): CodeIgniter\Database\BaseConnection->table(null)
 2 SYSTEMPATH\Model.php(832): CodeIgniter\Model->builder()
 3 APPPATH\Views\inventory\inventory.php(102): CodeIgniter\Model->__call('tstocktransferfrom', [...])
 4 SYSTEMPATH\View\View.php(213): include('C:\\xampp\\htdocs\\adminfhm\\app\\Views\\inventory\\inventory.php')
 5 SYSTEMPATH\View\View.php(216): CodeIgniter\View\View->CodeIgniter\View\{closure}()
 6 SYSTEMPATH\Common.php(1184): CodeIgniter\View\View->render('inventory/inventory', [], true)
 7 APPPATH\Controllers\Inventory_controller.php(51): view('inventory/inventory', [...])
 8 SYSTEMPATH\CodeIgniter.php(934): App\Controllers\Inventory_controller->inventory('Chair')
 9 SYSTEMPATH\CodeIgniter.php(499): CodeIgniter\CodeIgniter->runController(Object(App\Controllers\Inventory_controller))
10 SYSTEMPATH\CodeIgniter.php(368): CodeIgniter\CodeIgniter->handleRequest(null, Object(Config\Cache), false)
11 FCPATH\index.php(67): CodeIgniter\CodeIgniter->run()
INFO - 2023-06-08 03:55:30 --> Session: Class initialized using 'CodeIgniter\Session\Handlers\FileHandler' driver.
CRITICAL - 2023-06-08 11:55:30 --> You must set the database table to be used with your query.
in SYSTEMPATH\Database\BaseConnection.php on line 883.
 1 SYSTEMPATH\Model.php(642): CodeIgniter\Database\BaseConnection->table(null)
 2 SYSTEMPATH\Model.php(832): CodeIgniter\Model->builder()
 3 APPPATH\Views\inventory\inventory.php(102): CodeIgniter\Model->__call('tstocktransferfrom', [...])
 4 SYSTEMPATH\View\View.php(213): include('C:\\xampp\\htdocs\\adminfhm\\app\\Views\\inventory\\inventory.php')
 5 SYSTEMPATH\View\View.php(216): CodeIgniter\View\View->CodeIgniter\View\{closure}()
 6 SYSTEMPATH\Common.php(1184): CodeIgniter\View\View->render('inventory/inventory', [], true)
 7 APPPATH\Controllers\Inventory_controller.php(51): view('inventory/inventory', [...])
 8 SYSTEMPATH\CodeIgniter.php(934): App\Controllers\Inventory_controller->inventory('Chair')
 9 SYSTEMPATH\CodeIgniter.php(499): CodeIgniter\CodeIgniter->runController(Object(App\Controllers\Inventory_controller))
10 SYSTEMPATH\CodeIgniter.php(368): CodeIgniter\CodeIgniter->handleRequest(null, Object(Config\Cache), false)
11 FCPATH\index.php(67): CodeIgniter\CodeIgniter->run()
INFO - 2023-06-08 03:55:46 --> Session: Class initialized using 'CodeIgniter\Session\Handlers\FileHandler' driver.
CRITICAL - 2023-06-08 11:55:46 --> You must set the database table to be used with your query.
in SYSTEMPATH\Database\BaseConnection.php on line 883.
 1 SYSTEMPATH\Model.php(642): CodeIgniter\Database\BaseConnection->table(null)
 2 SYSTEMPATH\Model.php(832): CodeIgniter\Model->builder()
 3 APPPATH\Views\inventory\inventory.php(102): CodeIgniter\Model->__call('tstocktransferfrom', [...])
 4 SYSTEMPATH\View\View.php(213): include('C:\\xampp\\htdocs\\adminfhm\\app\\Views\\inventory\\inventory.php')
 5 SYSTEMPATH\View\View.php(216): CodeIgniter\View\View->CodeIgniter\View\{closure}()
 6 SYSTEMPATH\Common.php(1184): CodeIgniter\View\View->render('inventory/inventory', [], true)
 7 APPPATH\Controllers\Inventory_controller.php(51): view('inventory/inventory', [...])
 8 SYSTEMPATH\CodeIgniter.php(934): App\Controllers\Inventory_controller->inventory('Chair')
 9 SYSTEMPATH\CodeIgniter.php(499): CodeIgniter\CodeIgniter->runController(Object(App\Controllers\Inventory_controller))
10 SYSTEMPATH\CodeIgniter.php(368): CodeIgniter\CodeIgniter->handleRequest(null, Object(Config\Cache), false)
11 FCPATH\index.php(67): CodeIgniter\CodeIgniter->run()
INFO - 2023-06-08 03:55:52 --> Session: Class initialized using 'CodeIgniter\Session\Handlers\FileHandler' driver.
CRITICAL - 2023-06-08 11:55:52 --> Undefined variable $isalew
in APPPATH\Views\inventory\inventory.php on line 126.
 1 APPPATH\Views\inventory\inventory.php(126): CodeIgniter\Debug\Exceptions->errorHandler(2, 'Undefined variable $isalew', 'C:\\xampp\\htdocs\\adminfhm\\app\\Views\\inventory\\inventory.php', 126)
 2 SYSTEMPATH\View\View.php(213): include('C:\\xampp\\htdocs\\adminfhm\\app\\Views\\inventory\\inventory.php')
 3 SYSTEMPATH\View\View.php(216): CodeIgniter\View\View->CodeIgniter\View\{closure}()
 4 SYSTEMPATH\Common.php(1184): CodeIgniter\View\View->render('inventory/inventory', [], true)
 5 APPPATH\Controllers\Inventory_controller.php(51): view('inventory/inventory', [...])
 6 SYSTEMPATH\CodeIgniter.php(934): App\Controllers\Inventory_controller->inventory('Chair')
 7 SYSTEMPATH\CodeIgniter.php(499): CodeIgniter\CodeIgniter->runController(Object(App\Controllers\Inventory_controller))
 8 SYSTEMPATH\CodeIgniter.php(368): CodeIgniter\CodeIgniter->handleRequest(null, Object(Config\Cache), false)
 9 FCPATH\index.php(67): CodeIgniter\CodeIgniter->run()
INFO - 2023-06-08 03:56:02 --> Session: Class initialized using 'CodeIgniter\Session\Handlers\FileHandler' driver.
CRITICAL - 2023-06-08 03:56:09 --> Allowed memory size of 536870912 bytes exhausted (tried to allocate 135168 bytes)
in SYSTEMPATH\Debug\Toolbar.php on line 292.
 1 [internal function]: CodeIgniter\Debug\Exceptions->shutdownHandler()
INFO - 2023-06-08 03:56:16 --> Session: Class initialized using 'CodeIgniter\Session\Handlers\FileHandler' driver.
CRITICAL - 2023-06-08 11:56:16 --> You must set the database table to be used with your query.
in SYSTEMPATH\Database\BaseConnection.php on line 883.
 1 SYSTEMPATH\Model.php(642): CodeIgniter\Database\BaseConnection->table(null)
 2 SYSTEMPATH\Model.php(832): CodeIgniter\Model->builder()
 3 APPPATH\Views\inventory\inventory.php(102): CodeIgniter\Model->__call('tstocktransferfrom', [...])
 4 SYSTEMPATH\View\View.php(213): include('C:\\xampp\\htdocs\\adminfhm\\app\\Views\\inventory\\inventory.php')
 5 SYSTEMPATH\View\View.php(216): CodeIgniter\View\View->CodeIgniter\View\{closure}()
 6 SYSTEMPATH\Common.php(1184): CodeIgniter\View\View->render('inventory/inventory', [], true)
 7 APPPATH\Controllers\Inventory_controller.php(51): view('inventory/inventory', [...])
 8 SYSTEMPATH\CodeIgniter.php(934): App\Controllers\Inventory_controller->inventory('Chair')
 9 SYSTEMPATH\CodeIgniter.php(499): CodeIgniter\CodeIgniter->runController(Object(App\Controllers\Inventory_controller))
10 SYSTEMPATH\CodeIgniter.php(368): CodeIgniter\CodeIgniter->handleRequest(null, Object(Config\Cache), false)
11 FCPATH\index.php(67): CodeIgniter\CodeIgniter->run()
INFO - 2023-06-08 03:56:54 --> Session: Class initialized using 'CodeIgniter\Session\Handlers\FileHandler' driver.
CRITICAL - 2023-06-08 11:56:55 --> You must set the database table to be used with your query.
in SYSTEMPATH\Database\BaseConnection.php on line 883.
 1 SYSTEMPATH\Model.php(642): CodeIgniter\Database\BaseConnection->table(null)
 2 SYSTEMPATH\Model.php(832): CodeIgniter\Model->builder()
 3 APPPATH\Views\inventory\inventory.php(102): CodeIgniter\Model->__call('tstocktransferfrom', [...])
 4 SYSTEMPATH\View\View.php(213): include('C:\\xampp\\htdocs\\adminfhm\\app\\Views\\inventory\\inventory.php')
 5 SYSTEMPATH\View\View.php(216): CodeIgniter\View\View->CodeIgniter\View\{closure}()
 6 SYSTEMPATH\Common.php(1184): CodeIgniter\View\View->render('inventory/inventory', [], true)
 7 APPPATH\Controllers\Inventory_controller.php(51): view('inventory/inventory', [...])
 8 SYSTEMPATH\CodeIgniter.php(934): App\Controllers\Inventory_controller->inventory('Chair')
 9 SYSTEMPATH\CodeIgniter.php(499): CodeIgniter\CodeIgniter->runController(Object(App\Controllers\Inventory_controller))
10 SYSTEMPATH\CodeIgniter.php(368): CodeIgniter\CodeIgniter->handleRequest(null, Object(Config\Cache), false)
11 FCPATH\index.php(67): CodeIgniter\CodeIgniter->run()
INFO - 2023-06-08 03:59:32 --> Session: Class initialized using 'CodeIgniter\Session\Handlers\FileHandler' driver.
CRITICAL - 2023-06-08 11:59:32 --> You must set the database table to be used with your query.
in SYSTEMPATH\Database\BaseConnection.php on line 883.
 1 SYSTEMPATH\Model.php(642): CodeIgniter\Database\BaseConnection->table(null)
 2 SYSTEMPATH\Model.php(832): CodeIgniter\Model->builder()
 3 APPPATH\Views\inventory\inventory.php(102): CodeIgniter\Model->__call('tstocktransferfrom', [...])
 4 SYSTEMPATH\View\View.php(213): include('C:\\xampp\\htdocs\\adminfhm\\app\\Views\\inventory\\inventory.php')
 5 SYSTEMPATH\View\View.php(216): CodeIgniter\View\View->CodeIgniter\View\{closure}()
 6 SYSTEMPATH\Common.php(1184): CodeIgniter\View\View->render('inventory/inventory', [], true)
 7 APPPATH\Controllers\Inventory_controller.php(51): view('inventory/inventory', [...])
 8 SYSTEMPATH\CodeIgniter.php(934): App\Controllers\Inventory_controller->inventory('Chair')
 9 SYSTEMPATH\CodeIgniter.php(499): CodeIgniter\CodeIgniter->runController(Object(App\Controllers\Inventory_controller))
10 SYSTEMPATH\CodeIgniter.php(368): CodeIgniter\CodeIgniter->handleRequest(null, Object(Config\Cache), false)
11 FCPATH\index.php(67): CodeIgniter\CodeIgniter->run()
INFO - 2023-06-08 04:05:25 --> Session: Class initialized using 'CodeIgniter\Session\Handlers\FileHandler' driver.
CRITICAL - 2023-06-08 04:05:31 --> Allowed memory size of 536870912 bytes exhausted (tried to allocate 266240 bytes)
in SYSTEMPATH\Debug\Toolbar.php on line 292.
 1 [internal function]: CodeIgniter\Debug\Exceptions->shutdownHandler()
INFO - 2023-06-08 04:05:59 --> Session: Class initialized using 'CodeIgniter\Session\Handlers\FileHandler' driver.
INFO - 2023-06-08 04:06:00 --> Session: Class initialized using 'CodeIgniter\Session\Handlers\FileHandler' driver.
INFO - 2023-06-08 04:06:11 --> Session: Class initialized using 'CodeIgniter\Session\Handlers\FileHandler' driver.
CRITICAL - 2023-06-08 04:06:19 --> Allowed memory size of 536870912 bytes exhausted (tried to allocate 266240 bytes)
in SYSTEMPATH\Debug\Toolbar.php on line 292.
 1 [internal function]: CodeIgniter\Debug\Exceptions->shutdownHandler()
INFO - 2023-06-08 04:06:31 --> Session: Class initialized using 'CodeIgniter\Session\Handlers\FileHandler' driver.
INFO - 2023-06-08 04:06:45 --> Session: Class initialized using 'CodeIgniter\Session\Handlers\FileHandler' driver.
INFO - 2023-06-08 05:33:50 --> Session: Class initialized using 'CodeIgniter\Session\Handlers\FileHandler' driver.
ERROR - 2023-06-08 13:33:51 --> mysqli_sql_exception: You have an error in your SQL syntax; check the manual that corresponds to your MariaDB server version for the right syntax to use near 'select ifnull((select sum(quantity)
        from tbl_sales_item as tsi, tbl_...' at line 11 in C:\xampp\htdocs\adminfhm\system\Database\MySQLi\Connection.php:295
Stack trace:
#0 C:\xampp\htdocs\adminfhm\system\Database\MySQLi\Connection.php(295): mysqli->query('select ifnull((...', 0)
#1 C:\xampp\htdocs\adminfhm\system\Database\BaseConnection.php(692): CodeIgniter\Database\MySQLi\Connection->execute('select ifnull((...')
#2 C:\xampp\htdocs\adminfhm\system\Database\BaseConnection.php(606): CodeIgniter\Database\BaseConnection->simpleQuery('select ifnull((...')
#3 C:\xampp\htdocs\adminfhm\app\Models\Inventory_model.php(72): CodeIgniter\Database\BaseConnection->query('select ifnull((...')
#4 C:\xampp\htdocs\adminfhm\app\Views\inventory\inventory.php(97): App\Models\Inventory_model->getstockcount('560', '1')
#5 C:\xampp\htdocs\adminfhm\system\View\View.php(213): include('C:\\xampp\\htdocs...')
#6 C:\xampp\htdocs\adminfhm\system\View\View.php(216): CodeIgniter\View\View->CodeIgniter\View\{closure}()
#7 C:\xampp\htdocs\adminfhm\system\Common.php(1184): CodeIgniter\View\View->render('inventory/inven...', Array, true)
#8 C:\xampp\htdocs\adminfhm\app\Controllers\Inventory_controller.php(51): view('inventory/inven...', Array)
#9 C:\xampp\htdocs\adminfhm\system\CodeIgniter.php(934): App\Controllers\Inventory_controller->inventory('Table')
#10 C:\xampp\htdocs\adminfhm\system\CodeIgniter.php(499): CodeIgniter\CodeIgniter->runController(Object(App\Controllers\Inventory_controller))
#11 C:\xampp\htdocs\adminfhm\system\CodeIgniter.php(368): CodeIgniter\CodeIgniter->handleRequest(NULL, Object(Config\Cache), false)
#12 C:\xampp\htdocs\adminfhm\index.php(67): CodeIgniter\CodeIgniter->run()
#13 {main}
CRITICAL - 2023-06-08 13:33:51 --> You have an error in your SQL syntax; check the manual that corresponds to your MariaDB server version for the right syntax to use near 'select ifnull((select sum(quantity)
        from tbl_sales_item as tsi, tbl_...' at line 11
in SYSTEMPATH\Database\MySQLi\Connection.php on line 295.
 1 SYSTEMPATH\Database\MySQLi\Connection.php(295): mysqli->query('select ifnull((select sum(quantity)
        from tbl_purchase_item as tpi, tbl_purchase as tp
        where tpi.purchase_id = tp.purchase_id
        and tp.warehouse_id = 1
        and tpi.item_id = 560), 0) as qtyitem, 

        ifnull((select count(damage_item_id) from tbl_damage_item where item_id = 560 and warehouse_id = 1),0) as damageitem,

        ifnull((select count(display_item_id) from tbl_display_item where item_id = 560 and warehouse_id = 1),0) as displayitem,
        
        select ifnull((select sum(quantity)
        from tbl_sales_item as tsi, tbl_sales as ts
        where tsi.sales_id = ts.sales_id
        and ts.warehouse_id = 1
        and tsi.item_id = 560), 0) as salesitem,

        select ifnull((select sum(quantity)
        from tbl_stock_transfer_item as tsti, tbl_stock_transfer as tst
        where tsti.stock_transfer_id = tst.stock_transfer_id
        and tst.transfer_from = 1
        and tsti.item_id = 560), 0) as stcktransferfrom,

        select ifnull((select sum(quantity)
        from tbl_stock_transfer_item as tsti, tbl_stock_transfer as tst
        where tsti.stock_transfer_id = tst.stock_transfer_id
        and tst.transfer_to = 1
        and tsti.item_id = 560), 0) as stcktransferto
    
        
        ', 0)
 2 SYSTEMPATH\Database\BaseConnection.php(692): CodeIgniter\Database\MySQLi\Connection->execute('select ifnull((select sum(quantity)
        from tbl_purchase_item as tpi, tbl_purchase as tp
        where tpi.purchase_id = tp.purchase_id
        and tp.warehouse_id = 1
        and tpi.item_id = 560), 0) as qtyitem, 

        ifnull((select count(damage_item_id) from tbl_damage_item where item_id = 560 and warehouse_id = 1),0) as damageitem,

        ifnull((select count(display_item_id) from tbl_display_item where item_id = 560 and warehouse_id = 1),0) as displayitem,
        
        select ifnull((select sum(quantity)
        from tbl_sales_item as tsi, tbl_sales as ts
        where tsi.sales_id = ts.sales_id
        and ts.warehouse_id = 1
        and tsi.item_id = 560), 0) as salesitem,

        select ifnull((select sum(quantity)
        from tbl_stock_transfer_item as tsti, tbl_stock_transfer as tst
        where tsti.stock_transfer_id = tst.stock_transfer_id
        and tst.transfer_from = 1
        and tsti.item_id = 560), 0) as stcktransferfrom,

        select ifnull((select sum(quantity)
        from tbl_stock_transfer_item as tsti, tbl_stock_transfer as tst
        where tsti.stock_transfer_id = tst.stock_transfer_id
        and tst.transfer_to = 1
        and tsti.item_id = 560), 0) as stcktransferto
    
        
        ')
 3 SYSTEMPATH\Database\BaseConnection.php(606): CodeIgniter\Database\BaseConnection->simpleQuery('select ifnull((select sum(quantity)
        from tbl_purchase_item as tpi, tbl_purchase as tp
        where tpi.purchase_id = tp.purchase_id
        and tp.warehouse_id = 1
        and tpi.item_id = 560), 0) as qtyitem, 

        ifnull((select count(damage_item_id) from tbl_damage_item where item_id = 560 and warehouse_id = 1),0) as damageitem,

        ifnull((select count(display_item_id) from tbl_display_item where item_id = 560 and warehouse_id = 1),0) as displayitem,
        
        select ifnull((select sum(quantity)
        from tbl_sales_item as tsi, tbl_sales as ts
        where tsi.sales_id = ts.sales_id
        and ts.warehouse_id = 1
        and tsi.item_id = 560), 0) as salesitem,

        select ifnull((select sum(quantity)
        from tbl_stock_transfer_item as tsti, tbl_stock_transfer as tst
        where tsti.stock_transfer_id = tst.stock_transfer_id
        and tst.transfer_from = 1
        and tsti.item_id = 560), 0) as stcktransferfrom,

        select ifnull((select sum(quantity)
        from tbl_stock_transfer_item as tsti, tbl_stock_transfer as tst
        where tsti.stock_transfer_id = tst.stock_transfer_id
        and tst.transfer_to = 1
        and tsti.item_id = 560), 0) as stcktransferto
    
        
        ')
 4 APPPATH\Models\Inventory_model.php(72): CodeIgniter\Database\BaseConnection->query('select ifnull((select sum(quantity)
        from tbl_purchase_item as tpi, tbl_purchase as tp
        where tpi.purchase_id = tp.purchase_id
        and tp.warehouse_id = 1
        and tpi.item_id = 560), 0) as qtyitem, 

        ifnull((select count(damage_item_id) from tbl_damage_item where item_id = 560 and warehouse_id = 1),0) as damageitem,

        ifnull((select count(display_item_id) from tbl_display_item where item_id = 560 and warehouse_id = 1),0) as displayitem,
        
        select ifnull((select sum(quantity)
        from tbl_sales_item as tsi, tbl_sales as ts
        where tsi.sales_id = ts.sales_id
        and ts.warehouse_id = 1
        and tsi.item_id = 560), 0) as salesitem,

        select ifnull((select sum(quantity)
        from tbl_stock_transfer_item as tsti, tbl_stock_transfer as tst
        where tsti.stock_transfer_id = tst.stock_transfer_id
        and tst.transfer_from = 1
        and tsti.item_id = 560), 0) as stcktransferfrom,

        select ifnull((select sum(quantity)
        from tbl_stock_transfer_item as tsti, tbl_stock_transfer as tst
        where tsti.stock_transfer_id = tst.stock_transfer_id
        and tst.transfer_to = 1
        and tsti.item_id = 560), 0) as stcktransferto
    
        
        ')
 5 APPPATH\Views\inventory\inventory.php(97): App\Models\Inventory_model->getstockcount('560', '1')
 6 SYSTEMPATH\View\View.php(213): include('C:\\xampp\\htdocs\\adminfhm\\app\\Views\\inventory\\inventory.php')
 7 SYSTEMPATH\View\View.php(216): CodeIgniter\View\View->CodeIgniter\View\{closure}()
 8 SYSTEMPATH\Common.php(1184): CodeIgniter\View\View->render('inventory/inventory', [], true)
 9 APPPATH\Controllers\Inventory_controller.php(51): view('inventory/inventory', [...])
10 SYSTEMPATH\CodeIgniter.php(934): App\Controllers\Inventory_controller->inventory('Table')
11 SYSTEMPATH\CodeIgniter.php(499): CodeIgniter\CodeIgniter->runController(Object(App\Controllers\Inventory_controller))
12 SYSTEMPATH\CodeIgniter.php(368): CodeIgniter\CodeIgniter->handleRequest(null, Object(Config\Cache), false)
13 FCPATH\index.php(67): CodeIgniter\CodeIgniter->run()
INFO - 2023-06-08 05:35:02 --> Session: Class initialized using 'CodeIgniter\Session\Handlers\FileHandler' driver.
ERROR - 2023-06-08 13:35:02 --> mysqli_sql_exception: You have an error in your SQL syntax; check the manual that corresponds to your MariaDB server version for the right syntax to use near 'select ifnull((select sum(quantity)
        from tbl_sales_item as tsi, tbl_...' at line 11 in C:\xampp\htdocs\adminfhm\system\Database\MySQLi\Connection.php:295
Stack trace:
#0 C:\xampp\htdocs\adminfhm\system\Database\MySQLi\Connection.php(295): mysqli->query('select ifnull((...', 0)
#1 C:\xampp\htdocs\adminfhm\system\Database\BaseConnection.php(692): CodeIgniter\Database\MySQLi\Connection->execute('select ifnull((...')
#2 C:\xampp\htdocs\adminfhm\system\Database\BaseConnection.php(606): CodeIgniter\Database\BaseConnection->simpleQuery('select ifnull((...')
#3 C:\xampp\htdocs\adminfhm\app\Models\Inventory_model.php(72): CodeIgniter\Database\BaseConnection->query('select ifnull((...')
#4 C:\xampp\htdocs\adminfhm\app\Views\inventory\inventory.php(97): App\Models\Inventory_model->getstockcount('560', '1')
#5 C:\xampp\htdocs\adminfhm\system\View\View.php(213): include('C:\\xampp\\htdocs...')
#6 C:\xampp\htdocs\adminfhm\system\View\View.php(216): CodeIgniter\View\View->CodeIgniter\View\{closure}()
#7 C:\xampp\htdocs\adminfhm\system\Common.php(1184): CodeIgniter\View\View->render('inventory/inven...', Array, true)
#8 C:\xampp\htdocs\adminfhm\app\Controllers\Inventory_controller.php(51): view('inventory/inven...', Array)
#9 C:\xampp\htdocs\adminfhm\system\CodeIgniter.php(934): App\Controllers\Inventory_controller->inventory('Table')
#10 C:\xampp\htdocs\adminfhm\system\CodeIgniter.php(499): CodeIgniter\CodeIgniter->runController(Object(App\Controllers\Inventory_controller))
#11 C:\xampp\htdocs\adminfhm\system\CodeIgniter.php(368): CodeIgniter\CodeIgniter->handleRequest(NULL, Object(Config\Cache), false)
#12 C:\xampp\htdocs\adminfhm\index.php(67): CodeIgniter\CodeIgniter->run()
#13 {main}
CRITICAL - 2023-06-08 13:35:02 --> You have an error in your SQL syntax; check the manual that corresponds to your MariaDB server version for the right syntax to use near 'select ifnull((select sum(quantity)
        from tbl_sales_item as tsi, tbl_...' at line 11
in SYSTEMPATH\Database\MySQLi\Connection.php on line 295.
 1 SYSTEMPATH\Database\MySQLi\Connection.php(295): mysqli->query('select ifnull((select sum(quantity)
        from tbl_purchase_item as tpi, tbl_purchase as tp
        where tpi.purchase_id = tp.purchase_id
        and tp.warehouse_id = 1
        and tpi.item_id = 560), 0) as qtyitem, 

        ifnull((select count(damage_item_id) from tbl_damage_item where item_id = 560 and warehouse_id = 1),0) as damageitem,

        ifnull((select count(display_item_id) from tbl_display_item where item_id = 560 and warehouse_id = 1),0) as displayitem,
        
        select ifnull((select sum(quantity)
        from tbl_sales_item as tsi, tbl_sales as ts
        where tsi.sales_id = ts.sales_id
        and ts.warehouse_id = 1
        and tsi.item_id = 560), 0) as salesitem,

        
    
        
        ', 0)
 2 SYSTEMPATH\Database\BaseConnection.php(692): CodeIgniter\Database\MySQLi\Connection->execute('select ifnull((select sum(quantity)
        from tbl_purchase_item as tpi, tbl_purchase as tp
        where tpi.purchase_id = tp.purchase_id
        and tp.warehouse_id = 1
        and tpi.item_id = 560), 0) as qtyitem, 

        ifnull((select count(damage_item_id) from tbl_damage_item where item_id = 560 and warehouse_id = 1),0) as damageitem,

        ifnull((select count(display_item_id) from tbl_display_item where item_id = 560 and warehouse_id = 1),0) as displayitem,
        
        select ifnull((select sum(quantity)
        from tbl_sales_item as tsi, tbl_sales as ts
        where tsi.sales_id = ts.sales_id
        and ts.warehouse_id = 1
        and tsi.item_id = 560), 0) as salesitem,

        
    
        
        ')
 3 SYSTEMPATH\Database\BaseConnection.php(606): CodeIgniter\Database\BaseConnection->simpleQuery('select ifnull((select sum(quantity)
        from tbl_purchase_item as tpi, tbl_purchase as tp
        where tpi.purchase_id = tp.purchase_id
        and tp.warehouse_id = 1
        and tpi.item_id = 560), 0) as qtyitem, 

        ifnull((select count(damage_item_id) from tbl_damage_item where item_id = 560 and warehouse_id = 1),0) as damageitem,

        ifnull((select count(display_item_id) from tbl_display_item where item_id = 560 and warehouse_id = 1),0) as displayitem,
        
        select ifnull((select sum(quantity)
        from tbl_sales_item as tsi, tbl_sales as ts
        where tsi.sales_id = ts.sales_id
        and ts.warehouse_id = 1
        and tsi.item_id = 560), 0) as salesitem,

        
    
        
        ')
 4 APPPATH\Models\Inventory_model.php(72): CodeIgniter\Database\BaseConnection->query('select ifnull((select sum(quantity)
        from tbl_purchase_item as tpi, tbl_purchase as tp
        where tpi.purchase_id = tp.purchase_id
        and tp.warehouse_id = 1
        and tpi.item_id = 560), 0) as qtyitem, 

        ifnull((select count(damage_item_id) from tbl_damage_item where item_id = 560 and warehouse_id = 1),0) as damageitem,

        ifnull((select count(display_item_id) from tbl_display_item where item_id = 560 and warehouse_id = 1),0) as displayitem,
        
        select ifnull((select sum(quantity)
        from tbl_sales_item as tsi, tbl_sales as ts
        where tsi.sales_id = ts.sales_id
        and ts.warehouse_id = 1
        and tsi.item_id = 560), 0) as salesitem,

        
    
        
        ')
 5 APPPATH\Views\inventory\inventory.php(97): App\Models\Inventory_model->getstockcount('560', '1')
 6 SYSTEMPATH\View\View.php(213): include('C:\\xampp\\htdocs\\adminfhm\\app\\Views\\inventory\\inventory.php')
 7 SYSTEMPATH\View\View.php(216): CodeIgniter\View\View->CodeIgniter\View\{closure}()
 8 SYSTEMPATH\Common.php(1184): CodeIgniter\View\View->render('inventory/inventory', [], true)
 9 APPPATH\Controllers\Inventory_controller.php(51): view('inventory/inventory', [...])
10 SYSTEMPATH\CodeIgniter.php(934): App\Controllers\Inventory_controller->inventory('Table')
11 SYSTEMPATH\CodeIgniter.php(499): CodeIgniter\CodeIgniter->runController(Object(App\Controllers\Inventory_controller))
12 SYSTEMPATH\CodeIgniter.php(368): CodeIgniter\CodeIgniter->handleRequest(null, Object(Config\Cache), false)
13 FCPATH\index.php(67): CodeIgniter\CodeIgniter->run()
INFO - 2023-06-08 05:37:03 --> Session: Class initialized using 'CodeIgniter\Session\Handlers\FileHandler' driver.
INFO - 2023-06-08 05:37:08 --> Session: Class initialized using 'CodeIgniter\Session\Handlers\FileHandler' driver.
INFO - 2023-06-08 05:37:10 --> Session: Class initialized using 'CodeIgniter\Session\Handlers\FileHandler' driver.
INFO - 2023-06-08 05:37:15 --> Session: Class initialized using 'CodeIgniter\Session\Handlers\FileHandler' driver.
CRITICAL - 2023-06-08 05:37:22 --> Allowed memory size of 536870912 bytes exhausted (tried to allocate 135168 bytes)
in SYSTEMPATH\Debug\Toolbar.php on line 292.
 1 [internal function]: CodeIgniter\Debug\Exceptions->shutdownHandler()
INFO - 2023-06-08 05:46:33 --> Session: Class initialized using 'CodeIgniter\Session\Handlers\FileHandler' driver.
INFO - 2023-06-08 05:48:58 --> Session: Class initialized using 'CodeIgniter\Session\Handlers\FileHandler' driver.
CRITICAL - 2023-06-08 13:48:58 --> syntax error, unexpected token "}", expecting "," or ";"
in APPPATH\Views\inventory\inventory.php on line 110.
 1 SYSTEMPATH\View\View.php(216): CodeIgniter\View\View->CodeIgniter\View\{closure}()
 2 SYSTEMPATH\Common.php(1184): CodeIgniter\View\View->render('inventory/inventory', [], true)
 3 APPPATH\Controllers\Inventory_controller.php(51): view('inventory/inventory', [...])
 4 SYSTEMPATH\CodeIgniter.php(934): App\Controllers\Inventory_controller->inventory('Chair')
 5 SYSTEMPATH\CodeIgniter.php(499): CodeIgniter\CodeIgniter->runController(Object(App\Controllers\Inventory_controller))
 6 SYSTEMPATH\CodeIgniter.php(368): CodeIgniter\CodeIgniter->handleRequest(null, Object(Config\Cache), false)
 7 FCPATH\index.php(67): CodeIgniter\CodeIgniter->run()
INFO - 2023-06-08 05:49:06 --> Session: Class initialized using 'CodeIgniter\Session\Handlers\FileHandler' driver.
INFO - 2023-06-08 05:50:36 --> Session: Class initialized using 'CodeIgniter\Session\Handlers\FileHandler' driver.
CRITICAL - 2023-06-08 13:50:36 --> syntax error, unexpected token "}", expecting "," or ";"
in APPPATH\Views\inventory\inventory.php on line 110.
 1 SYSTEMPATH\View\View.php(216): CodeIgniter\View\View->CodeIgniter\View\{closure}()
 2 SYSTEMPATH\Common.php(1184): CodeIgniter\View\View->render('inventory/inventory', [], true)
 3 APPPATH\Controllers\Inventory_controller.php(51): view('inventory/inventory', [...])
 4 SYSTEMPATH\CodeIgniter.php(934): App\Controllers\Inventory_controller->inventory('Chair')
 5 SYSTEMPATH\CodeIgniter.php(499): CodeIgniter\CodeIgniter->runController(Object(App\Controllers\Inventory_controller))
 6 SYSTEMPATH\CodeIgniter.php(368): CodeIgniter\CodeIgniter->handleRequest(null, Object(Config\Cache), false)
 7 FCPATH\index.php(67): CodeIgniter\CodeIgniter->run()
INFO - 2023-06-08 05:50:42 --> Session: Class initialized using 'CodeIgniter\Session\Handlers\FileHandler' driver.
INFO - 2023-06-08 05:51:37 --> Session: Class initialized using 'CodeIgniter\Session\Handlers\FileHandler' driver.
INFO - 2023-06-08 05:52:43 --> Session: Class initialized using 'CodeIgniter\Session\Handlers\FileHandler' driver.
CRITICAL - 2023-06-08 13:52:43 --> syntax error, unexpected token "}", expecting "," or ";"
in APPPATH\Views\inventory\inventory.php on line 113.
 1 SYSTEMPATH\View\View.php(216): CodeIgniter\View\View->CodeIgniter\View\{closure}()
 2 SYSTEMPATH\Common.php(1184): CodeIgniter\View\View->render('inventory/inventory', [], true)
 3 APPPATH\Controllers\Inventory_controller.php(51): view('inventory/inventory', [...])
 4 SYSTEMPATH\CodeIgniter.php(934): App\Controllers\Inventory_controller->inventory('Chair')
 5 SYSTEMPATH\CodeIgniter.php(499): CodeIgniter\CodeIgniter->runController(Object(App\Controllers\Inventory_controller))
 6 SYSTEMPATH\CodeIgniter.php(368): CodeIgniter\CodeIgniter->handleRequest(null, Object(Config\Cache), false)
 7 FCPATH\index.php(67): CodeIgniter\CodeIgniter->run()
INFO - 2023-06-08 05:52:52 --> Session: Class initialized using 'CodeIgniter\Session\Handlers\FileHandler' driver.
INFO - 2023-06-08 05:53:30 --> Session: Class initialized using 'CodeIgniter\Session\Handlers\FileHandler' driver.
INFO - 2023-06-08 05:53:35 --> Session: Class initialized using 'CodeIgniter\Session\Handlers\FileHandler' driver.
INFO - 2023-06-08 05:53:39 --> Session: Class initialized using 'CodeIgniter\Session\Handlers\FileHandler' driver.
CRITICAL - 2023-06-08 05:53:44 --> Allowed memory size of 536870912 bytes exhausted (tried to allocate 135168 bytes)
in SYSTEMPATH\Debug\Toolbar.php on line 292.
 1 [internal function]: CodeIgniter\Debug\Exceptions->shutdownHandler()
INFO - 2023-06-08 05:53:47 --> Session: Class initialized using 'CodeIgniter\Session\Handlers\FileHandler' driver.
INFO - 2023-06-08 05:53:51 --> Session: Class initialized using 'CodeIgniter\Session\Handlers\FileHandler' driver.
INFO - 2023-06-08 05:57:02 --> Session: Class initialized using 'CodeIgniter\Session\Handlers\FileHandler' driver.
CRITICAL - 2023-06-08 05:57:08 --> Allowed memory size of 536870912 bytes exhausted (tried to allocate 135168 bytes)
in SYSTEMPATH\Debug\Toolbar.php on line 292.
 1 [internal function]: CodeIgniter\Debug\Exceptions->shutdownHandler()
INFO - 2023-06-08 05:57:16 --> Session: Class initialized using 'CodeIgniter\Session\Handlers\FileHandler' driver.
CRITICAL - 2023-06-08 05:57:23 --> Allowed memory size of 536870912 bytes exhausted (tried to allocate 135168 bytes)
in SYSTEMPATH\Debug\Toolbar.php on line 292.
 1 [internal function]: CodeIgniter\Debug\Exceptions->shutdownHandler()
INFO - 2023-06-08 05:57:27 --> Session: Class initialized using 'CodeIgniter\Session\Handlers\FileHandler' driver.
CRITICAL - 2023-06-08 05:57:34 --> Allowed memory size of 536870912 bytes exhausted (tried to allocate 135168 bytes)
in SYSTEMPATH\Debug\Toolbar.php on line 292.
 1 [internal function]: CodeIgniter\Debug\Exceptions->shutdownHandler()
INFO - 2023-06-08 05:58:14 --> Session: Class initialized using 'CodeIgniter\Session\Handlers\FileHandler' driver.
CRITICAL - 2023-06-08 05:58:20 --> Allowed memory size of 536870912 bytes exhausted (tried to allocate 135168 bytes)
in SYSTEMPATH\Debug\Toolbar.php on line 292.
 1 [internal function]: CodeIgniter\Debug\Exceptions->shutdownHandler()
INFO - 2023-06-08 05:58:43 --> Session: Class initialized using 'CodeIgniter\Session\Handlers\FileHandler' driver.
CRITICAL - 2023-06-08 05:58:50 --> Allowed memory size of 536870912 bytes exhausted (tried to allocate 135168 bytes)
in SYSTEMPATH\Debug\Toolbar.php on line 292.
 1 [internal function]: CodeIgniter\Debug\Exceptions->shutdownHandler()
INFO - 2023-06-08 05:59:27 --> Session: Class initialized using 'CodeIgniter\Session\Handlers\FileHandler' driver.
CRITICAL - 2023-06-08 05:59:33 --> Allowed memory size of 536870912 bytes exhausted (tried to allocate 135168 bytes)
in SYSTEMPATH\Debug\Toolbar.php on line 292.
 1 [internal function]: CodeIgniter\Debug\Exceptions->shutdownHandler()
INFO - 2023-06-08 06:00:06 --> Session: Class initialized using 'CodeIgniter\Session\Handlers\FileHandler' driver.
CRITICAL - 2023-06-08 06:00:12 --> Allowed memory size of 536870912 bytes exhausted (tried to allocate 135168 bytes)
in SYSTEMPATH\Debug\Toolbar.php on line 292.
 1 [internal function]: CodeIgniter\Debug\Exceptions->shutdownHandler()
INFO - 2023-06-08 06:00:19 --> Session: Class initialized using 'CodeIgniter\Session\Handlers\FileHandler' driver.
INFO - 2023-06-08 06:00:31 --> Session: Class initialized using 'CodeIgniter\Session\Handlers\FileHandler' driver.
INFO - 2023-06-08 06:00:33 --> Session: Class initialized using 'CodeIgniter\Session\Handlers\FileHandler' driver.
INFO - 2023-06-08 06:06:53 --> Session: Class initialized using 'CodeIgniter\Session\Handlers\FileHandler' driver.
INFO - 2023-06-08 06:07:32 --> Session: Class initialized using 'CodeIgniter\Session\Handlers\FileHandler' driver.
INFO - 2023-06-08 06:07:57 --> Session: Class initialized using 'CodeIgniter\Session\Handlers\FileHandler' driver.
INFO - 2023-06-08 06:11:59 --> Session: Class initialized using 'CodeIgniter\Session\Handlers\FileHandler' driver.
INFO - 2023-06-08 06:13:19 --> Session: Class initialized using 'CodeIgniter\Session\Handlers\FileHandler' driver.
INFO - 2023-06-08 06:14:06 --> Session: Class initialized using 'CodeIgniter\Session\Handlers\FileHandler' driver.
INFO - 2023-06-08 06:14:25 --> Session: Class initialized using 'CodeIgniter\Session\Handlers\FileHandler' driver.
INFO - 2023-06-08 06:21:58 --> Session: Class initialized using 'CodeIgniter\Session\Handlers\FileHandler' driver.
INFO - 2023-06-08 06:22:25 --> Session: Class initialized using 'CodeIgniter\Session\Handlers\FileHandler' driver.
INFO - 2023-06-08 06:26:13 --> Session: Class initialized using 'CodeIgniter\Session\Handlers\FileHandler' driver.
INFO - 2023-06-08 06:26:15 --> Session: Class initialized using 'CodeIgniter\Session\Handlers\FileHandler' driver.
INFO - 2023-06-08 06:26:55 --> Session: Class initialized using 'CodeIgniter\Session\Handlers\FileHandler' driver.
INFO - 2023-06-08 06:27:41 --> Session: Class initialized using 'CodeIgniter\Session\Handlers\FileHandler' driver.
INFO - 2023-06-08 06:33:11 --> Session: Class initialized using 'CodeIgniter\Session\Handlers\FileHandler' driver.
CRITICAL - 2023-06-08 14:33:12 --> You must set the database table to be used with your query.
in SYSTEMPATH\Database\BaseConnection.php on line 883.
 1 SYSTEMPATH\Model.php(642): CodeIgniter\Database\BaseConnection->table(null)
 2 SYSTEMPATH\Model.php(832): CodeIgniter\Model->builder()
 3 APPPATH\Views\inventory\inventory.php(205): CodeIgniter\Model->__call('getstockitem', [...])
 4 SYSTEMPATH\View\View.php(213): include('C:\\xampp\\htdocs\\adminfhm\\app\\Views\\inventory\\inventory.php')
 5 SYSTEMPATH\View\View.php(216): CodeIgniter\View\View->CodeIgniter\View\{closure}()
 6 SYSTEMPATH\Common.php(1184): CodeIgniter\View\View->render('inventory/inventory', [], true)
 7 APPPATH\Controllers\Inventory_controller.php(51): view('inventory/inventory', [...])
 8 SYSTEMPATH\CodeIgniter.php(934): App\Controllers\Inventory_controller->inventory('Organizer Shelf')
 9 SYSTEMPATH\CodeIgniter.php(499): CodeIgniter\CodeIgniter->runController(Object(App\Controllers\Inventory_controller))
10 SYSTEMPATH\CodeIgniter.php(368): CodeIgniter\CodeIgniter->handleRequest(null, Object(Config\Cache), false)
11 FCPATH\index.php(67): CodeIgniter\CodeIgniter->run()
INFO - 2023-06-08 06:34:54 --> Session: Class initialized using 'CodeIgniter\Session\Handlers\FileHandler' driver.
CRITICAL - 2023-06-08 14:34:54 --> You must set the database table to be used with your query.
in SYSTEMPATH\Database\BaseConnection.php on line 883.
 1 SYSTEMPATH\Model.php(642): CodeIgniter\Database\BaseConnection->table(null)
 2 SYSTEMPATH\Model.php(832): CodeIgniter\Model->builder()
 3 APPPATH\Views\inventory\inventory.php(205): CodeIgniter\Model->__call('getstockitem', [...])
 4 SYSTEMPATH\View\View.php(213): include('C:\\xampp\\htdocs\\adminfhm\\app\\Views\\inventory\\inventory.php')
 5 SYSTEMPATH\View\View.php(216): CodeIgniter\View\View->CodeIgniter\View\{closure}()
 6 SYSTEMPATH\Common.php(1184): CodeIgniter\View\View->render('inventory/inventory', [], true)
 7 APPPATH\Controllers\Inventory_controller.php(51): view('inventory/inventory', [...])
 8 SYSTEMPATH\CodeIgniter.php(934): App\Controllers\Inventory_controller->inventory('Organizer Shelf')
 9 SYSTEMPATH\CodeIgniter.php(499): CodeIgniter\CodeIgniter->runController(Object(App\Controllers\Inventory_controller))
10 SYSTEMPATH\CodeIgniter.php(368): CodeIgniter\CodeIgniter->handleRequest(null, Object(Config\Cache), false)
11 FCPATH\index.php(67): CodeIgniter\CodeIgniter->run()
INFO - 2023-06-08 06:35:40 --> Session: Class initialized using 'CodeIgniter\Session\Handlers\FileHandler' driver.
CRITICAL - 2023-06-08 14:35:40 --> You must set the database table to be used with your query.
in SYSTEMPATH\Database\BaseConnection.php on line 883.
 1 SYSTEMPATH\Model.php(642): CodeIgniter\Database\BaseConnection->table(null)
 2 SYSTEMPATH\Model.php(832): CodeIgniter\Model->builder()
 3 APPPATH\Views\inventory\inventory.php(99): CodeIgniter\Model->__call('getstockcountwwh', [...])
 4 SYSTEMPATH\View\View.php(213): include('C:\\xampp\\htdocs\\adminfhm\\app\\Views\\inventory\\inventory.php')
 5 SYSTEMPATH\View\View.php(216): CodeIgniter\View\View->CodeIgniter\View\{closure}()
 6 SYSTEMPATH\Common.php(1184): CodeIgniter\View\View->render('inventory/inventory', [], true)
 7 APPPATH\Controllers\Inventory_controller.php(51): view('inventory/inventory', [...])
 8 SYSTEMPATH\CodeIgniter.php(934): App\Controllers\Inventory_controller->inventory('Organizer Shelf')
 9 SYSTEMPATH\CodeIgniter.php(499): CodeIgniter\CodeIgniter->runController(Object(App\Controllers\Inventory_controller))
10 SYSTEMPATH\CodeIgniter.php(368): CodeIgniter\CodeIgniter->handleRequest(null, Object(Config\Cache), false)
11 FCPATH\index.php(67): CodeIgniter\CodeIgniter->run()
INFO - 2023-06-08 06:35:43 --> Session: Class initialized using 'CodeIgniter\Session\Handlers\FileHandler' driver.
CRITICAL - 2023-06-08 14:35:43 --> You must set the database table to be used with your query.
in SYSTEMPATH\Database\BaseConnection.php on line 883.
 1 SYSTEMPATH\Model.php(642): CodeIgniter\Database\BaseConnection->table(null)
 2 SYSTEMPATH\Model.php(832): CodeIgniter\Model->builder()
 3 APPPATH\Views\inventory\inventory.php(99): CodeIgniter\Model->__call('getstockcountwwh', [...])
 4 SYSTEMPATH\View\View.php(213): include('C:\\xampp\\htdocs\\adminfhm\\app\\Views\\inventory\\inventory.php')
 5 SYSTEMPATH\View\View.php(216): CodeIgniter\View\View->CodeIgniter\View\{closure}()
 6 SYSTEMPATH\Common.php(1184): CodeIgniter\View\View->render('inventory/inventory', [], true)
 7 APPPATH\Controllers\Inventory_controller.php(51): view('inventory/inventory', [...])
 8 SYSTEMPATH\CodeIgniter.php(934): App\Controllers\Inventory_controller->inventory('Organizer Shelf')
 9 SYSTEMPATH\CodeIgniter.php(499): CodeIgniter\CodeIgniter->runController(Object(App\Controllers\Inventory_controller))
10 SYSTEMPATH\CodeIgniter.php(368): CodeIgniter\CodeIgniter->handleRequest(null, Object(Config\Cache), false)
11 FCPATH\index.php(67): CodeIgniter\CodeIgniter->run()
INFO - 2023-06-08 06:36:52 --> Session: Class initialized using 'CodeIgniter\Session\Handlers\FileHandler' driver.
CRITICAL - 2023-06-08 14:36:52 --> You must set the database table to be used with your query.
in SYSTEMPATH\Database\BaseConnection.php on line 883.
 1 SYSTEMPATH\Model.php(642): CodeIgniter\Database\BaseConnection->table(null)
 2 SYSTEMPATH\Model.php(832): CodeIgniter\Model->builder()
 3 APPPATH\Views\inventory\inventory.php(38): CodeIgniter\Model->__call('getstockitem', [...])
 4 SYSTEMPATH\View\View.php(213): include('C:\\xampp\\htdocs\\adminfhm\\app\\Views\\inventory\\inventory.php')
 5 SYSTEMPATH\View\View.php(216): CodeIgniter\View\View->CodeIgniter\View\{closure}()
 6 SYSTEMPATH\Common.php(1184): CodeIgniter\View\View->render('inventory/inventory', [], true)
 7 APPPATH\Controllers\Inventory_controller.php(51): view('inventory/inventory', [...])
 8 SYSTEMPATH\CodeIgniter.php(934): App\Controllers\Inventory_controller->inventory('Organizer Shelf')
 9 SYSTEMPATH\CodeIgniter.php(499): CodeIgniter\CodeIgniter->runController(Object(App\Controllers\Inventory_controller))
10 SYSTEMPATH\CodeIgniter.php(368): CodeIgniter\CodeIgniter->handleRequest(null, Object(Config\Cache), false)
11 FCPATH\index.php(67): CodeIgniter\CodeIgniter->run()
INFO - 2023-06-08 06:37:33 --> Session: Class initialized using 'CodeIgniter\Session\Handlers\FileHandler' driver.
CRITICAL - 2023-06-08 14:37:33 --> You must set the database table to be used with your query.
in SYSTEMPATH\Database\BaseConnection.php on line 883.
 1 SYSTEMPATH\Model.php(642): CodeIgniter\Database\BaseConnection->table(null)
 2 SYSTEMPATH\Model.php(832): CodeIgniter\Model->builder()
 3 APPPATH\Views\inventory\inventory.php(38): CodeIgniter\Model->__call('getstockitem', [...])
 4 SYSTEMPATH\View\View.php(213): include('C:\\xampp\\htdocs\\adminfhm\\app\\Views\\inventory\\inventory.php')
 5 SYSTEMPATH\View\View.php(216): CodeIgniter\View\View->CodeIgniter\View\{closure}()
 6 SYSTEMPATH\Common.php(1184): CodeIgniter\View\View->render('inventory/inventory', [], true)
 7 APPPATH\Controllers\Inventory_controller.php(51): view('inventory/inventory', [...])
 8 SYSTEMPATH\CodeIgniter.php(934): App\Controllers\Inventory_controller->inventory('Organizer Shelf')
 9 SYSTEMPATH\CodeIgniter.php(499): CodeIgniter\CodeIgniter->runController(Object(App\Controllers\Inventory_controller))
10 SYSTEMPATH\CodeIgniter.php(368): CodeIgniter\CodeIgniter->handleRequest(null, Object(Config\Cache), false)
11 FCPATH\index.php(67): CodeIgniter\CodeIgniter->run()
INFO - 2023-06-08 06:38:33 --> Session: Class initialized using 'CodeIgniter\Session\Handlers\FileHandler' driver.
CRITICAL - 2023-06-08 14:38:33 --> You must set the database table to be used with your query.
in SYSTEMPATH\Database\BaseConnection.php on line 883.
 1 SYSTEMPATH\Model.php(642): CodeIgniter\Database\BaseConnection->table(null)
 2 SYSTEMPATH\Model.php(832): CodeIgniter\Model->builder()
 3 APPPATH\Views\inventory\inventory.php(38): CodeIgniter\Model->__call('getstockitem', [...])
 4 SYSTEMPATH\View\View.php(213): include('C:\\xampp\\htdocs\\adminfhm\\app\\Views\\inventory\\inventory.php')
 5 SYSTEMPATH\View\View.php(216): CodeIgniter\View\View->CodeIgniter\View\{closure}()
 6 SYSTEMPATH\Common.php(1184): CodeIgniter\View\View->render('inventory/inventory', [], true)
 7 APPPATH\Controllers\Inventory_controller.php(51): view('inventory/inventory', [...])
 8 SYSTEMPATH\CodeIgniter.php(934): App\Controllers\Inventory_controller->inventory('Organizer Shelf')
 9 SYSTEMPATH\CodeIgniter.php(499): CodeIgniter\CodeIgniter->runController(Object(App\Controllers\Inventory_controller))
10 SYSTEMPATH\CodeIgniter.php(368): CodeIgniter\CodeIgniter->handleRequest(null, Object(Config\Cache), false)
11 FCPATH\index.php(67): CodeIgniter\CodeIgniter->run()
INFO - 2023-06-08 06:40:49 --> Session: Class initialized using 'CodeIgniter\Session\Handlers\FileHandler' driver.
CRITICAL - 2023-06-08 14:40:49 --> You must set the database table to be used with your query.
in SYSTEMPATH\Database\BaseConnection.php on line 883.
 1 SYSTEMPATH\Model.php(642): CodeIgniter\Database\BaseConnection->table(null)
 2 SYSTEMPATH\Model.php(832): CodeIgniter\Model->builder()
 3 APPPATH\Views\inventory\inventory.php(205): CodeIgniter\Model->__call('getstockitem', [...])
 4 SYSTEMPATH\View\View.php(213): include('C:\\xampp\\htdocs\\adminfhm\\app\\Views\\inventory\\inventory.php')
 5 SYSTEMPATH\View\View.php(216): CodeIgniter\View\View->CodeIgniter\View\{closure}()
 6 SYSTEMPATH\Common.php(1184): CodeIgniter\View\View->render('inventory/inventory', [], true)
 7 APPPATH\Controllers\Inventory_controller.php(51): view('inventory/inventory', [...])
 8 SYSTEMPATH\CodeIgniter.php(934): App\Controllers\Inventory_controller->inventory('Organizer Shelf')
 9 SYSTEMPATH\CodeIgniter.php(499): CodeIgniter\CodeIgniter->runController(Object(App\Controllers\Inventory_controller))
10 SYSTEMPATH\CodeIgniter.php(368): CodeIgniter\CodeIgniter->handleRequest(null, Object(Config\Cache), false)
11 FCPATH\index.php(67): CodeIgniter\CodeIgniter->run()
INFO - 2023-06-08 06:41:10 --> Session: Class initialized using 'CodeIgniter\Session\Handlers\FileHandler' driver.
INFO - 2023-06-08 06:41:16 --> Session: Class initialized using 'CodeIgniter\Session\Handlers\FileHandler' driver.
INFO - 2023-06-08 06:41:16 --> Session: Class initialized using 'CodeIgniter\Session\Handlers\FileHandler' driver.
INFO - 2023-06-08 06:41:24 --> Session: Class initialized using 'CodeIgniter\Session\Handlers\FileHandler' driver.
INFO - 2023-06-08 06:41:32 --> Session: Class initialized using 'CodeIgniter\Session\Handlers\FileHandler' driver.
INFO - 2023-06-08 06:41:37 --> Session: Class initialized using 'CodeIgniter\Session\Handlers\FileHandler' driver.
INFO - 2023-06-08 06:41:47 --> Session: Class initialized using 'CodeIgniter\Session\Handlers\FileHandler' driver.
CRITICAL - 2023-06-08 14:41:47 --> You must set the database table to be used with your query.
in SYSTEMPATH\Database\BaseConnection.php on line 883.
 1 SYSTEMPATH\Model.php(642): CodeIgniter\Database\BaseConnection->table(null)
 2 SYSTEMPATH\Model.php(832): CodeIgniter\Model->builder()
 3 APPPATH\Views\inventory\inventory.php(205): CodeIgniter\Model->__call('getstockitem', [...])
 4 SYSTEMPATH\View\View.php(213): include('C:\\xampp\\htdocs\\adminfhm\\app\\Views\\inventory\\inventory.php')
 5 SYSTEMPATH\View\View.php(216): CodeIgniter\View\View->CodeIgniter\View\{closure}()
 6 SYSTEMPATH\Common.php(1184): CodeIgniter\View\View->render('inventory/inventory', [], true)
 7 APPPATH\Controllers\Inventory_controller.php(51): view('inventory/inventory', [...])
 8 SYSTEMPATH\CodeIgniter.php(934): App\Controllers\Inventory_controller->inventory('all')
 9 SYSTEMPATH\CodeIgniter.php(499): CodeIgniter\CodeIgniter->runController(Object(App\Controllers\Inventory_controller))
10 SYSTEMPATH\CodeIgniter.php(368): CodeIgniter\CodeIgniter->handleRequest(null, Object(Config\Cache), false)
11 FCPATH\index.php(67): CodeIgniter\CodeIgniter->run()
INFO - 2023-06-08 06:41:49 --> Session: Class initialized using 'CodeIgniter\Session\Handlers\FileHandler' driver.
CRITICAL - 2023-06-08 14:41:49 --> You must set the database table to be used with your query.
in SYSTEMPATH\Database\BaseConnection.php on line 883.
 1 SYSTEMPATH\Model.php(642): CodeIgniter\Database\BaseConnection->table(null)
 2 SYSTEMPATH\Model.php(832): CodeIgniter\Model->builder()
 3 APPPATH\Views\inventory\inventory.php(205): CodeIgniter\Model->__call('getstockitem', [...])
 4 SYSTEMPATH\View\View.php(213): include('C:\\xampp\\htdocs\\adminfhm\\app\\Views\\inventory\\inventory.php')
 5 SYSTEMPATH\View\View.php(216): CodeIgniter\View\View->CodeIgniter\View\{closure}()
 6 SYSTEMPATH\Common.php(1184): CodeIgniter\View\View->render('inventory/inventory', [], true)
 7 APPPATH\Controllers\Inventory_controller.php(51): view('inventory/inventory', [...])
 8 SYSTEMPATH\CodeIgniter.php(934): App\Controllers\Inventory_controller->inventory('all')
 9 SYSTEMPATH\CodeIgniter.php(499): CodeIgniter\CodeIgniter->runController(Object(App\Controllers\Inventory_controller))
10 SYSTEMPATH\CodeIgniter.php(368): CodeIgniter\CodeIgniter->handleRequest(null, Object(Config\Cache), false)
11 FCPATH\index.php(67): CodeIgniter\CodeIgniter->run()
INFO - 2023-06-08 06:43:03 --> Session: Class initialized using 'CodeIgniter\Session\Handlers\FileHandler' driver.
CRITICAL - 2023-06-08 06:43:09 --> Allowed memory size of 536870912 bytes exhausted (tried to allocate 135168 bytes)
in SYSTEMPATH\Debug\Toolbar.php on line 292.
 1 [internal function]: CodeIgniter\Debug\Exceptions->shutdownHandler()
INFO - 2023-06-08 06:43:10 --> Session: Class initialized using 'CodeIgniter\Session\Handlers\FileHandler' driver.
INFO - 2023-06-08 06:43:12 --> Session: Class initialized using 'CodeIgniter\Session\Handlers\FileHandler' driver.
INFO - 2023-06-08 06:43:14 --> Session: Class initialized using 'CodeIgniter\Session\Handlers\FileHandler' driver.
INFO - 2023-06-08 06:47:04 --> Session: Class initialized using 'CodeIgniter\Session\Handlers\FileHandler' driver.
INFO - 2023-06-08 06:47:17 --> Session: Class initialized using 'CodeIgniter\Session\Handlers\FileHandler' driver.
CRITICAL - 2023-06-08 14:47:17 --> You must set the database table to be used with your query.
in SYSTEMPATH\Database\BaseConnection.php on line 883.
 1 SYSTEMPATH\Model.php(642): CodeIgniter\Database\BaseConnection->table(null)
 2 SYSTEMPATH\Model.php(832): CodeIgniter\Model->builder()
 3 APPPATH\Views\inventory\inventory.php(206): CodeIgniter\Model->__call('getdamageitem', [...])
 4 SYSTEMPATH\View\View.php(213): include('C:\\xampp\\htdocs\\adminfhm\\app\\Views\\inventory\\inventory.php')
 5 SYSTEMPATH\View\View.php(216): CodeIgniter\View\View->CodeIgniter\View\{closure}()
 6 SYSTEMPATH\Common.php(1184): CodeIgniter\View\View->render('inventory/inventory', [], true)
 7 APPPATH\Controllers\Inventory_controller.php(51): view('inventory/inventory', [...])
 8 SYSTEMPATH\CodeIgniter.php(934): App\Controllers\Inventory_controller->inventory('Organizer Shelf')
 9 SYSTEMPATH\CodeIgniter.php(499): CodeIgniter\CodeIgniter->runController(Object(App\Controllers\Inventory_controller))
10 SYSTEMPATH\CodeIgniter.php(368): CodeIgniter\CodeIgniter->handleRequest(null, Object(Config\Cache), false)
11 FCPATH\index.php(67): CodeIgniter\CodeIgniter->run()
INFO - 2023-06-08 06:47:27 --> Session: Class initialized using 'CodeIgniter\Session\Handlers\FileHandler' driver.
INFO - 2023-06-08 06:48:58 --> Session: Class initialized using 'CodeIgniter\Session\Handlers\FileHandler' driver.
INFO - 2023-06-08 06:49:02 --> Session: Class initialized using 'CodeIgniter\Session\Handlers\FileHandler' driver.
INFO - 2023-06-08 06:49:05 --> Session: Class initialized using 'CodeIgniter\Session\Handlers\FileHandler' driver.
INFO - 2023-06-08 06:49:05 --> Session: Class initialized using 'CodeIgniter\Session\Handlers\FileHandler' driver.
INFO - 2023-06-08 06:57:48 --> Session: Class initialized using 'CodeIgniter\Session\Handlers\FileHandler' driver.
INFO - 2023-06-08 07:05:45 --> Session: Class initialized using 'CodeIgniter\Session\Handlers\FileHandler' driver.
INFO - 2023-06-08 07:23:16 --> Session: Class initialized using 'CodeIgniter\Session\Handlers\FileHandler' driver.
INFO - 2023-06-08 07:24:21 --> Session: Class initialized using 'CodeIgniter\Session\Handlers\FileHandler' driver.
INFO - 2023-06-08 07:24:36 --> Session: Class initialized using 'CodeIgniter\Session\Handlers\FileHandler' driver.
INFO - 2023-06-08 07:31:29 --> Session: Class initialized using 'CodeIgniter\Session\Handlers\FileHandler' driver.
ERROR - 2023-06-08 15:31:29 --> mysqli_sql_exception: Unknown column 'tpi.purchasei_id' in 'where clause' in C:\xampp\htdocs\adminfhm\system\Database\MySQLi\Connection.php:295
Stack trace:
#0 C:\xampp\htdocs\adminfhm\system\Database\MySQLi\Connection.php(295): mysqli->query('select invoice_...', 0)
#1 C:\xampp\htdocs\adminfhm\system\Database\BaseConnection.php(692): CodeIgniter\Database\MySQLi\Connection->execute('select invoice_...')
#2 C:\xampp\htdocs\adminfhm\system\Database\BaseConnection.php(606): CodeIgniter\Database\BaseConnection->simpleQuery('select invoice_...')
#3 C:\xampp\htdocs\adminfhm\app\Models\Inventory_model.php(122): CodeIgniter\Database\BaseConnection->query('select invoice_...')
#4 C:\xampp\htdocs\adminfhm\app\Views\inventory\inventory.php(155): App\Models\Inventory_model->getpurchasetrasaction('157')
#5 C:\xampp\htdocs\adminfhm\system\View\View.php(213): include('C:\\xampp\\htdocs...')
#6 C:\xampp\htdocs\adminfhm\system\View\View.php(216): CodeIgniter\View\View->CodeIgniter\View\{closure}()
#7 C:\xampp\htdocs\adminfhm\system\Common.php(1184): CodeIgniter\View\View->render('inventory/inven...', Array, true)
#8 C:\xampp\htdocs\adminfhm\app\Controllers\Inventory_controller.php(51): view('inventory/inven...', Array)
#9 C:\xampp\htdocs\adminfhm\system\CodeIgniter.php(934): App\Controllers\Inventory_controller->inventory('Organizer Shelf')
#10 C:\xampp\htdocs\adminfhm\system\CodeIgniter.php(499): CodeIgniter\CodeIgniter->runController(Object(App\Controllers\Inventory_controller))
#11 C:\xampp\htdocs\adminfhm\system\CodeIgniter.php(368): CodeIgniter\CodeIgniter->handleRequest(NULL, Object(Config\Cache), false)
#12 C:\xampp\htdocs\adminfhm\index.php(67): CodeIgniter\CodeIgniter->run()
#13 {main}
CRITICAL - 2023-06-08 15:31:29 --> Unknown column 'tpi.purchasei_id' in 'where clause'
in SYSTEMPATH\Database\MySQLi\Connection.php on line 295.
 1 SYSTEMPATH\Database\MySQLi\Connection.php(295): mysqli->query('select invoice_date,invoice_no,name,quantity
        from tbl_purchase as tp, tbl_warehouse as tw,tbl_purchase_item as tpi
        where tp.warehouse_id = tw.warehouse_id
        and tp.purchase_id = tpi.purchasei_id
        and tpi.item_id = 157', 0)
 2 SYSTEMPATH\Database\BaseConnection.php(692): CodeIgniter\Database\MySQLi\Connection->execute('select invoice_date,invoice_no,name,quantity
        from tbl_purchase as tp, tbl_warehouse as tw,tbl_purchase_item as tpi
        where tp.warehouse_id = tw.warehouse_id
        and tp.purchase_id = tpi.purchasei_id
        and tpi.item_id = 157')
 3 SYSTEMPATH\Database\BaseConnection.php(606): CodeIgniter\Database\BaseConnection->simpleQuery('select invoice_date,invoice_no,name,quantity
        from tbl_purchase as tp, tbl_warehouse as tw,tbl_purchase_item as tpi
        where tp.warehouse_id = tw.warehouse_id
        and tp.purchase_id = tpi.purchasei_id
        and tpi.item_id = 157')
 4 APPPATH\Models\Inventory_model.php(122): CodeIgniter\Database\BaseConnection->query('select invoice_date,invoice_no,name,quantity
        from tbl_purchase as tp, tbl_warehouse as tw,tbl_purchase_item as tpi
        where tp.warehouse_id = tw.warehouse_id
        and tp.purchase_id = tpi.purchasei_id
        and tpi.item_id = 157')
 5 APPPATH\Views\inventory\inventory.php(155): App\Models\Inventory_model->getpurchasetrasaction('157')
 6 SYSTEMPATH\View\View.php(213): include('C:\\xampp\\htdocs\\adminfhm\\app\\Views\\inventory\\inventory.php')
 7 SYSTEMPATH\View\View.php(216): CodeIgniter\View\View->CodeIgniter\View\{closure}()
 8 SYSTEMPATH\Common.php(1184): CodeIgniter\View\View->render('inventory/inventory', [], true)
 9 APPPATH\Controllers\Inventory_controller.php(51): view('inventory/inventory', [...])
10 SYSTEMPATH\CodeIgniter.php(934): App\Controllers\Inventory_controller->inventory('Organizer Shelf')
11 SYSTEMPATH\CodeIgniter.php(499): CodeIgniter\CodeIgniter->runController(Object(App\Controllers\Inventory_controller))
12 SYSTEMPATH\CodeIgniter.php(368): CodeIgniter\CodeIgniter->handleRequest(null, Object(Config\Cache), false)
13 FCPATH\index.php(67): CodeIgniter\CodeIgniter->run()
INFO - 2023-06-08 07:31:50 --> Session: Class initialized using 'CodeIgniter\Session\Handlers\FileHandler' driver.
INFO - 2023-06-08 07:31:52 --> Session: Class initialized using 'CodeIgniter\Session\Handlers\FileHandler' driver.
INFO - 2023-06-08 07:31:55 --> Session: Class initialized using 'CodeIgniter\Session\Handlers\FileHandler' driver.
INFO - 2023-06-08 07:47:58 --> Session: Class initialized using 'CodeIgniter\Session\Handlers\FileHandler' driver.
INFO - 2023-06-08 07:48:53 --> Session: Class initialized using 'CodeIgniter\Session\Handlers\FileHandler' driver.
INFO - 2023-06-08 08:14:46 --> Session: Class initialized using 'CodeIgniter\Session\Handlers\FileHandler' driver.
CRITICAL - 2023-06-08 16:14:46 --> Undefined array key "transfer_from"
in APPPATH\Views\inventory\inventory.php on line 213.
 1 APPPATH\Views\inventory\inventory.php(213): CodeIgniter\Debug\Exceptions->errorHandler(2, 'Undefined array key "transfer_from"', 'C:\\xampp\\htdocs\\adminfhm\\app\\Views\\inventory\\inventory.php', 213)
 2 SYSTEMPATH\View\View.php(213): include('C:\\xampp\\htdocs\\adminfhm\\app\\Views\\inventory\\inventory.php')
 3 SYSTEMPATH\View\View.php(216): CodeIgniter\View\View->CodeIgniter\View\{closure}()
 4 SYSTEMPATH\Common.php(1184): CodeIgniter\View\View->render('inventory/inventory', [], true)
 5 APPPATH\Controllers\Inventory_controller.php(51): view('inventory/inventory', [...])
 6 SYSTEMPATH\CodeIgniter.php(934): App\Controllers\Inventory_controller->inventory('Chair')
 7 SYSTEMPATH\CodeIgniter.php(499): CodeIgniter\CodeIgniter->runController(Object(App\Controllers\Inventory_controller))
 8 SYSTEMPATH\CodeIgniter.php(368): CodeIgniter\CodeIgniter->handleRequest(null, Object(Config\Cache), false)
 9 FCPATH\index.php(67): CodeIgniter\CodeIgniter->run()
INFO - 2023-06-08 08:15:30 --> Session: Class initialized using 'CodeIgniter\Session\Handlers\FileHandler' driver.
CRITICAL - 2023-06-08 16:15:30 --> Undefined array key "transfer_from"
in APPPATH\Views\inventory\inventory.php on line 213.
 1 APPPATH\Views\inventory\inventory.php(213): CodeIgniter\Debug\Exceptions->errorHandler(2, 'Undefined array key "transfer_from"', 'C:\\xampp\\htdocs\\adminfhm\\app\\Views\\inventory\\inventory.php', 213)
 2 SYSTEMPATH\View\View.php(213): include('C:\\xampp\\htdocs\\adminfhm\\app\\Views\\inventory\\inventory.php')
 3 SYSTEMPATH\View\View.php(216): CodeIgniter\View\View->CodeIgniter\View\{closure}()
 4 SYSTEMPATH\Common.php(1184): CodeIgniter\View\View->render('inventory/inventory', [], true)
 5 APPPATH\Controllers\Inventory_controller.php(51): view('inventory/inventory', [...])
 6 SYSTEMPATH\CodeIgniter.php(934): App\Controllers\Inventory_controller->inventory('Chair')
 7 SYSTEMPATH\CodeIgniter.php(499): CodeIgniter\CodeIgniter->runController(Object(App\Controllers\Inventory_controller))
 8 SYSTEMPATH\CodeIgniter.php(368): CodeIgniter\CodeIgniter->handleRequest(null, Object(Config\Cache), false)
 9 FCPATH\index.php(67): CodeIgniter\CodeIgniter->run()
INFO - 2023-06-08 08:17:13 --> Session: Class initialized using 'CodeIgniter\Session\Handlers\FileHandler' driver.
CRITICAL - 2023-06-08 16:17:14 --> Undefined array key "transfer_from"
in APPPATH\Views\inventory\inventory.php on line 213.
 1 APPPATH\Views\inventory\inventory.php(213): CodeIgniter\Debug\Exceptions->errorHandler(2, 'Undefined array key "transfer_from"', 'C:\\xampp\\htdocs\\adminfhm\\app\\Views\\inventory\\inventory.php', 213)
 2 SYSTEMPATH\View\View.php(213): include('C:\\xampp\\htdocs\\adminfhm\\app\\Views\\inventory\\inventory.php')
 3 SYSTEMPATH\View\View.php(216): CodeIgniter\View\View->CodeIgniter\View\{closure}()
 4 SYSTEMPATH\Common.php(1184): CodeIgniter\View\View->render('inventory/inventory', [], true)
 5 APPPATH\Controllers\Inventory_controller.php(51): view('inventory/inventory', [...])
 6 SYSTEMPATH\CodeIgniter.php(934): App\Controllers\Inventory_controller->inventory('Chair')
 7 SYSTEMPATH\CodeIgniter.php(499): CodeIgniter\CodeIgniter->runController(Object(App\Controllers\Inventory_controller))
 8 SYSTEMPATH\CodeIgniter.php(368): CodeIgniter\CodeIgniter->handleRequest(null, Object(Config\Cache), false)
 9 FCPATH\index.php(67): CodeIgniter\CodeIgniter->run()
INFO - 2023-06-08 08:18:15 --> Session: Class initialized using 'CodeIgniter\Session\Handlers\FileHandler' driver.
CRITICAL - 2023-06-08 16:18:15 --> Undefined array key "transfer_from"
in APPPATH\Views\inventory\inventory.php on line 213.
 1 APPPATH\Views\inventory\inventory.php(213): CodeIgniter\Debug\Exceptions->errorHandler(2, 'Undefined array key "transfer_from"', 'C:\\xampp\\htdocs\\adminfhm\\app\\Views\\inventory\\inventory.php', 213)
 2 SYSTEMPATH\View\View.php(213): include('C:\\xampp\\htdocs\\adminfhm\\app\\Views\\inventory\\inventory.php')
 3 SYSTEMPATH\View\View.php(216): CodeIgniter\View\View->CodeIgniter\View\{closure}()
 4 SYSTEMPATH\Common.php(1184): CodeIgniter\View\View->render('inventory/inventory', [], true)
 5 APPPATH\Controllers\Inventory_controller.php(51): view('inventory/inventory', [...])
 6 SYSTEMPATH\CodeIgniter.php(934): App\Controllers\Inventory_controller->inventory('Chair')
 7 SYSTEMPATH\CodeIgniter.php(499): CodeIgniter\CodeIgniter->runController(Object(App\Controllers\Inventory_controller))
 8 SYSTEMPATH\CodeIgniter.php(368): CodeIgniter\CodeIgniter->handleRequest(null, Object(Config\Cache), false)
 9 FCPATH\index.php(67): CodeIgniter\CodeIgniter->run()
INFO - 2023-06-08 08:19:14 --> Session: Class initialized using 'CodeIgniter\Session\Handlers\FileHandler' driver.
CRITICAL - 2023-06-08 16:19:14 --> Undefined variable $st
in APPPATH\Views\inventory\inventory.php on line 217.
 1 APPPATH\Views\inventory\inventory.php(217): CodeIgniter\Debug\Exceptions->errorHandler(2, 'Undefined variable $st', 'C:\\xampp\\htdocs\\adminfhm\\app\\Views\\inventory\\inventory.php', 217)
 2 SYSTEMPATH\View\View.php(213): include('C:\\xampp\\htdocs\\adminfhm\\app\\Views\\inventory\\inventory.php')
 3 SYSTEMPATH\View\View.php(216): CodeIgniter\View\View->CodeIgniter\View\{closure}()
 4 SYSTEMPATH\Common.php(1184): CodeIgniter\View\View->render('inventory/inventory', [], true)
 5 APPPATH\Controllers\Inventory_controller.php(51): view('inventory/inventory', [...])
 6 SYSTEMPATH\CodeIgniter.php(934): App\Controllers\Inventory_controller->inventory('Chair')
 7 SYSTEMPATH\CodeIgniter.php(499): CodeIgniter\CodeIgniter->runController(Object(App\Controllers\Inventory_controller))
 8 SYSTEMPATH\CodeIgniter.php(368): CodeIgniter\CodeIgniter->handleRequest(null, Object(Config\Cache), false)
 9 FCPATH\index.php(67): CodeIgniter\CodeIgniter->run()
INFO - 2023-06-08 08:19:25 --> Session: Class initialized using 'CodeIgniter\Session\Handlers\FileHandler' driver.
INFO - 2023-06-08 08:19:46 --> Session: Class initialized using 'CodeIgniter\Session\Handlers\FileHandler' driver.
INFO - 2023-06-08 08:20:40 --> Session: Class initialized using 'CodeIgniter\Session\Handlers\FileHandler' driver.
INFO - 2023-06-08 08:32:58 --> Session: Class initialized using 'CodeIgniter\Session\Handlers\FileHandler' driver.
INFO - 2023-06-08 08:33:00 --> Session: Class initialized using 'CodeIgniter\Session\Handlers\FileHandler' driver.
INFO - 2023-06-08 08:33:00 --> Session: Class initialized using 'CodeIgniter\Session\Handlers\FileHandler' driver.
INFO - 2023-06-08 08:33:15 --> Session: Class initialized using 'CodeIgniter\Session\Handlers\FileHandler' driver.
INFO - 2023-06-08 08:33:25 --> Session: Class initialized using 'CodeIgniter\Session\Handlers\FileHandler' driver.
INFO - 2023-06-08 08:35:56 --> Session: Class initialized using 'CodeIgniter\Session\Handlers\FileHandler' driver.
INFO - 2023-06-08 08:36:18 --> Session: Class initialized using 'CodeIgniter\Session\Handlers\FileHandler' driver.
INFO - 2023-06-08 08:37:17 --> Session: Class initialized using 'CodeIgniter\Session\Handlers\FileHandler' driver.
INFO - 2023-06-08 08:46:18 --> Session: Class initialized using 'CodeIgniter\Session\Handlers\FileHandler' driver.
INFO - 2023-06-08 08:50:27 --> Session: Class initialized using 'CodeIgniter\Session\Handlers\FileHandler' driver.
INFO - 2023-06-08 08:50:49 --> Session: Class initialized using 'CodeIgniter\Session\Handlers\FileHandler' driver.
INFO - 2023-06-08 08:54:40 --> Session: Class initialized using 'CodeIgniter\Session\Handlers\FileHandler' driver.
INFO - 2023-06-08 08:54:42 --> Session: Class initialized using 'CodeIgniter\Session\Handlers\FileHandler' driver.
INFO - 2023-06-08 08:54:44 --> Session: Class initialized using 'CodeIgniter\Session\Handlers\FileHandler' driver.
INFO - 2023-06-08 08:54:45 --> Session: Class initialized using 'CodeIgniter\Session\Handlers\FileHandler' driver.
