INFO - 2023-07-07 09:11:53 --> Session: Class initialized using 'CodeIgniter\Session\Handlers\FileHandler' driver.
INFO - 2023-07-07 09:12:00 --> Session: Class initialized using 'CodeIgniter\Session\Handlers\FileHandler' driver.
INFO - 2023-07-07 09:12:00 --> Session: Class initialized using 'CodeIgniter\Session\Handlers\FileHandler' driver.
INFO - 2023-07-07 09:12:05 --> Session: Class initialized using 'CodeIgniter\Session\Handlers\FileHandler' driver.
INFO - 2023-07-07 09:12:06 --> Session: Class initialized using 'CodeIgniter\Session\Handlers\FileHandler' driver.
INFO - 2023-07-07 09:12:06 --> Session: Class initialized using 'CodeIgniter\Session\Handlers\FileHandler' driver.
INFO - 2023-07-07 09:12:06 --> Session: Class initialized using 'CodeIgniter\Session\Handlers\FileHandler' driver.
INFO - 2023-07-07 09:12:11 --> Session: Class initialized using 'CodeIgniter\Session\Handlers\FileHandler' driver.
INFO - 2023-07-07 09:12:11 --> Session: Class initialized using 'CodeIgniter\Session\Handlers\FileHandler' driver.
INFO - 2023-07-07 09:12:12 --> Session: Class initialized using 'CodeIgniter\Session\Handlers\FileHandler' driver.
INFO - 2023-07-07 09:12:12 --> Session: Class initialized using 'CodeIgniter\Session\Handlers\FileHandler' driver.
INFO - 2023-07-07 09:12:18 --> Session: Class initialized using 'CodeIgniter\Session\Handlers\FileHandler' driver.
INFO - 2023-07-07 09:12:18 --> Session: Class initialized using 'CodeIgniter\Session\Handlers\FileHandler' driver.
INFO - 2023-07-07 09:12:19 --> Session: Class initialized using 'CodeIgniter\Session\Handlers\FileHandler' driver.
INFO - 2023-07-07 09:12:19 --> Session: Class initialized using 'CodeIgniter\Session\Handlers\FileHandler' driver.
INFO - 2023-07-07 09:13:29 --> Session: Class initialized using 'CodeIgniter\Session\Handlers\FileHandler' driver.
INFO - 2023-07-07 09:13:29 --> Session: Class initialized using 'CodeIgniter\Session\Handlers\FileHandler' driver.
INFO - 2023-07-07 09:13:31 --> Session: Class initialized using 'CodeIgniter\Session\Handlers\FileHandler' driver.
INFO - 2023-07-07 09:13:31 --> Session: Class initialized using 'CodeIgniter\Session\Handlers\FileHandler' driver.
INFO - 2023-07-07 09:13:32 --> Session: Class initialized using 'CodeIgniter\Session\Handlers\FileHandler' driver.
INFO - 2023-07-07 09:13:39 --> Session: Class initialized using 'CodeIgniter\Session\Handlers\FileHandler' driver.
INFO - 2023-07-07 09:13:40 --> Session: Class initialized using 'CodeIgniter\Session\Handlers\FileHandler' driver.
INFO - 2023-07-07 09:13:40 --> Session: Class initialized using 'CodeIgniter\Session\Handlers\FileHandler' driver.
INFO - 2023-07-07 09:13:40 --> Session: Class initialized using 'CodeIgniter\Session\Handlers\FileHandler' driver.
INFO - 2023-07-07 09:13:44 --> Session: Class initialized using 'CodeIgniter\Session\Handlers\FileHandler' driver.
INFO - 2023-07-07 09:13:44 --> Session: Class initialized using 'CodeIgniter\Session\Handlers\FileHandler' driver.
INFO - 2023-07-07 09:13:44 --> Session: Class initialized using 'CodeIgniter\Session\Handlers\FileHandler' driver.
INFO - 2023-07-07 09:14:25 --> Session: Class initialized using 'CodeIgniter\Session\Handlers\FileHandler' driver.
INFO - 2023-07-07 09:14:26 --> Session: Class initialized using 'CodeIgniter\Session\Handlers\FileHandler' driver.
INFO - 2023-07-07 09:14:26 --> Session: Class initialized using 'CodeIgniter\Session\Handlers\FileHandler' driver.
INFO - 2023-07-07 09:14:26 --> Session: Class initialized using 'CodeIgniter\Session\Handlers\FileHandler' driver.
INFO - 2023-07-07 09:14:46 --> Session: Class initialized using 'CodeIgniter\Session\Handlers\FileHandler' driver.
INFO - 2023-07-07 09:14:48 --> Session: Class initialized using 'CodeIgniter\Session\Handlers\FileHandler' driver.
INFO - 2023-07-07 09:14:50 --> Session: Class initialized using 'CodeIgniter\Session\Handlers\FileHandler' driver.
INFO - 2023-07-07 09:14:50 --> Session: Class initialized using 'CodeIgniter\Session\Handlers\FileHandler' driver.
INFO - 2023-07-07 09:14:50 --> Session: Class initialized using 'CodeIgniter\Session\Handlers\FileHandler' driver.
INFO - 2023-07-07 09:15:00 --> Session: Class initialized using 'CodeIgniter\Session\Handlers\FileHandler' driver.
INFO - 2023-07-07 09:15:00 --> Session: Class initialized using 'CodeIgniter\Session\Handlers\FileHandler' driver.
INFO - 2023-07-07 09:15:04 --> Session: Class initialized using 'CodeIgniter\Session\Handlers\FileHandler' driver.
INFO - 2023-07-07 09:15:04 --> Session: Class initialized using 'CodeIgniter\Session\Handlers\FileHandler' driver.
INFO - 2023-07-07 09:15:05 --> Session: Class initialized using 'CodeIgniter\Session\Handlers\FileHandler' driver.
INFO - 2023-07-07 09:15:05 --> Session: Class initialized using 'CodeIgniter\Session\Handlers\FileHandler' driver.
INFO - 2023-07-07 09:15:36 --> Session: Class initialized using 'CodeIgniter\Session\Handlers\FileHandler' driver.
INFO - 2023-07-07 09:15:37 --> Session: Class initialized using 'CodeIgniter\Session\Handlers\FileHandler' driver.
INFO - 2023-07-07 09:15:41 --> Session: Class initialized using 'CodeIgniter\Session\Handlers\FileHandler' driver.
INFO - 2023-07-07 09:15:41 --> Session: Class initialized using 'CodeIgniter\Session\Handlers\FileHandler' driver.
CRITICAL - 2023-07-07 09:15:42 --> Undefined array key "groupid"
in APPPATH\Views\includes\header.php on line 11.
 1 APPPATH\Views\includes\header.php(11): CodeIgniter\Debug\Exceptions->errorHandler(2, 'Undefined array key "groupid"', 'C:\\Users\\Furniture House\\Dropbox\\01.Projects\\htdocs\\new\\admin.furniturehousemanila.com\\app\\Views\\includes\\header.php', 11)
 2 SYSTEMPATH\View\View.php(213): include('C:\\Users\\Furniture House\\Dropbox\\01.Projects\\htdocs\\new\\admin.furniturehousemanila.com\\app\\Views\\includes\\header.php')
 3 SYSTEMPATH\View\View.php(216): CodeIgniter\View\View->CodeIgniter\View\{closure}()
 4 SYSTEMPATH\Common.php(1184): CodeIgniter\View\View->render('includes/header', [], true)
 5 APPPATH\Controllers\Dashboard_controller.php(22): view('includes/header', [...])
 6 SYSTEMPATH\CodeIgniter.php(934): App\Controllers\Dashboard_controller->dashboard()
 7 SYSTEMPATH\CodeIgniter.php(499): CodeIgniter\CodeIgniter->runController(Object(App\Controllers\Dashboard_controller))
 8 SYSTEMPATH\CodeIgniter.php(368): CodeIgniter\CodeIgniter->handleRequest(null, Object(Config\Cache), false)
 9 FCPATH\index.php(67): CodeIgniter\CodeIgniter->run()
INFO - 2023-07-07 09:16:13 --> Session: Class initialized using 'CodeIgniter\Session\Handlers\FileHandler' driver.
CRITICAL - 2023-07-07 09:16:13 --> Undefined array key "groupid"
in APPPATH\Views\includes\header.php on line 11.
 1 APPPATH\Views\includes\header.php(11): CodeIgniter\Debug\Exceptions->errorHandler(2, 'Undefined array key "groupid"', 'C:\\Users\\Furniture House\\Dropbox\\01.Projects\\htdocs\\new\\admin.furniturehousemanila.com\\app\\Views\\includes\\header.php', 11)
 2 SYSTEMPATH\View\View.php(213): include('C:\\Users\\Furniture House\\Dropbox\\01.Projects\\htdocs\\new\\admin.furniturehousemanila.com\\app\\Views\\includes\\header.php')
 3 SYSTEMPATH\View\View.php(216): CodeIgniter\View\View->CodeIgniter\View\{closure}()
 4 SYSTEMPATH\Common.php(1184): CodeIgniter\View\View->render('includes/header', [], true)
 5 APPPATH\Controllers\Dashboard_controller.php(22): view('includes/header', [...])
 6 SYSTEMPATH\CodeIgniter.php(934): App\Controllers\Dashboard_controller->dashboard()
 7 SYSTEMPATH\CodeIgniter.php(499): CodeIgniter\CodeIgniter->runController(Object(App\Controllers\Dashboard_controller))
 8 SYSTEMPATH\CodeIgniter.php(368): CodeIgniter\CodeIgniter->handleRequest(null, Object(Config\Cache), false)
 9 FCPATH\index.php(67): CodeIgniter\CodeIgniter->run()
INFO - 2023-07-07 09:23:55 --> Session: Class initialized using 'CodeIgniter\Session\Handlers\FileHandler' driver.
INFO - 2023-07-07 09:23:55 --> Session: Class initialized using 'CodeIgniter\Session\Handlers\FileHandler' driver.
INFO - 2023-07-07 09:23:55 --> Session: Class initialized using 'CodeIgniter\Session\Handlers\FileHandler' driver.
INFO - 2023-07-07 09:24:04 --> Session: Class initialized using 'CodeIgniter\Session\Handlers\FileHandler' driver.
INFO - 2023-07-07 09:24:04 --> Session: Class initialized using 'CodeIgniter\Session\Handlers\FileHandler' driver.
CRITICAL - 2023-07-07 09:24:05 --> Undefined array key "groupid"
in APPPATH\Views\includes\header.php on line 11.
 1 APPPATH\Views\includes\header.php(11): CodeIgniter\Debug\Exceptions->errorHandler(2, 'Undefined array key "groupid"', 'C:\\Users\\Furniture House\\Dropbox\\01.Projects\\htdocs\\new\\admin.furniturehousemanila.com\\app\\Views\\includes\\header.php', 11)
 2 SYSTEMPATH\View\View.php(213): include('C:\\Users\\Furniture House\\Dropbox\\01.Projects\\htdocs\\new\\admin.furniturehousemanila.com\\app\\Views\\includes\\header.php')
 3 SYSTEMPATH\View\View.php(216): CodeIgniter\View\View->CodeIgniter\View\{closure}()
 4 SYSTEMPATH\Common.php(1184): CodeIgniter\View\View->render('includes/header', [], true)
 5 APPPATH\Controllers\Dashboard_controller.php(22): view('includes/header', [...])
 6 SYSTEMPATH\CodeIgniter.php(934): App\Controllers\Dashboard_controller->dashboard()
 7 SYSTEMPATH\CodeIgniter.php(499): CodeIgniter\CodeIgniter->runController(Object(App\Controllers\Dashboard_controller))
 8 SYSTEMPATH\CodeIgniter.php(368): CodeIgniter\CodeIgniter->handleRequest(null, Object(Config\Cache), false)
 9 FCPATH\index.php(67): CodeIgniter\CodeIgniter->run()
INFO - 2023-07-07 09:25:02 --> Session: Class initialized using 'CodeIgniter\Session\Handlers\FileHandler' driver.
CRITICAL - 2023-07-07 09:25:03 --> Undefined array key "groupid"
in APPPATH\Views\includes\header.php on line 11.
 1 APPPATH\Views\includes\header.php(11): CodeIgniter\Debug\Exceptions->errorHandler(2, 'Undefined array key "groupid"', 'C:\\Users\\Furniture House\\Dropbox\\01.Projects\\htdocs\\new\\admin.furniturehousemanila.com\\app\\Views\\includes\\header.php', 11)
 2 SYSTEMPATH\View\View.php(213): include('C:\\Users\\Furniture House\\Dropbox\\01.Projects\\htdocs\\new\\admin.furniturehousemanila.com\\app\\Views\\includes\\header.php')
 3 SYSTEMPATH\View\View.php(216): CodeIgniter\View\View->CodeIgniter\View\{closure}()
 4 SYSTEMPATH\Common.php(1184): CodeIgniter\View\View->render('includes/header', [], true)
 5 APPPATH\Controllers\Dashboard_controller.php(22): view('includes/header', [...])
 6 SYSTEMPATH\CodeIgniter.php(934): App\Controllers\Dashboard_controller->dashboard()
 7 SYSTEMPATH\CodeIgniter.php(499): CodeIgniter\CodeIgniter->runController(Object(App\Controllers\Dashboard_controller))
 8 SYSTEMPATH\CodeIgniter.php(368): CodeIgniter\CodeIgniter->handleRequest(null, Object(Config\Cache), false)
 9 FCPATH\index.php(67): CodeIgniter\CodeIgniter->run()
INFO - 2023-07-07 09:25:07 --> Session: Class initialized using 'CodeIgniter\Session\Handlers\FileHandler' driver.
INFO - 2023-07-07 09:25:08 --> Session: Class initialized using 'CodeIgniter\Session\Handlers\FileHandler' driver.
INFO - 2023-07-07 09:25:12 --> Session: Class initialized using 'CodeIgniter\Session\Handlers\FileHandler' driver.
INFO - 2023-07-07 09:25:12 --> Session: Class initialized using 'CodeIgniter\Session\Handlers\FileHandler' driver.
CRITICAL - 2023-07-07 09:25:12 --> Undefined array key "groupid"
in APPPATH\Views\includes\header.php on line 11.
 1 APPPATH\Views\includes\header.php(11): CodeIgniter\Debug\Exceptions->errorHandler(2, 'Undefined array key "groupid"', 'C:\\Users\\Furniture House\\Dropbox\\01.Projects\\htdocs\\new\\admin.furniturehousemanila.com\\app\\Views\\includes\\header.php', 11)
 2 SYSTEMPATH\View\View.php(213): include('C:\\Users\\Furniture House\\Dropbox\\01.Projects\\htdocs\\new\\admin.furniturehousemanila.com\\app\\Views\\includes\\header.php')
 3 SYSTEMPATH\View\View.php(216): CodeIgniter\View\View->CodeIgniter\View\{closure}()
 4 SYSTEMPATH\Common.php(1184): CodeIgniter\View\View->render('includes/header', [], true)
 5 APPPATH\Controllers\Dashboard_controller.php(22): view('includes/header', [...])
 6 SYSTEMPATH\CodeIgniter.php(934): App\Controllers\Dashboard_controller->dashboard()
 7 SYSTEMPATH\CodeIgniter.php(499): CodeIgniter\CodeIgniter->runController(Object(App\Controllers\Dashboard_controller))
 8 SYSTEMPATH\CodeIgniter.php(368): CodeIgniter\CodeIgniter->handleRequest(null, Object(Config\Cache), false)
 9 FCPATH\index.php(67): CodeIgniter\CodeIgniter->run()
INFO - 2023-07-07 09:25:36 --> Session: Class initialized using 'CodeIgniter\Session\Handlers\FileHandler' driver.
CRITICAL - 2023-07-07 09:25:36 --> Undefined array key "name"
in APPPATH\Views\includes\header.php on line 595.
 1 APPPATH\Views\includes\header.php(595): CodeIgniter\Debug\Exceptions->errorHandler(2, 'Undefined array key "name"', 'C:\\Users\\Furniture House\\Dropbox\\01.Projects\\htdocs\\new\\admin.furniturehousemanila.com\\app\\Views\\includes\\header.php', 595)
 2 SYSTEMPATH\View\View.php(213): include('C:\\Users\\Furniture House\\Dropbox\\01.Projects\\htdocs\\new\\admin.furniturehousemanila.com\\app\\Views\\includes\\header.php')
 3 SYSTEMPATH\View\View.php(216): CodeIgniter\View\View->CodeIgniter\View\{closure}()
 4 SYSTEMPATH\Common.php(1184): CodeIgniter\View\View->render('includes/header', [], true)
 5 APPPATH\Controllers\Dashboard_controller.php(22): view('includes/header', [...])
 6 SYSTEMPATH\CodeIgniter.php(934): App\Controllers\Dashboard_controller->dashboard()
 7 SYSTEMPATH\CodeIgniter.php(499): CodeIgniter\CodeIgniter->runController(Object(App\Controllers\Dashboard_controller))
 8 SYSTEMPATH\CodeIgniter.php(368): CodeIgniter\CodeIgniter->handleRequest(null, Object(Config\Cache), false)
 9 FCPATH\index.php(67): CodeIgniter\CodeIgniter->run()
INFO - 2023-07-07 09:25:45 --> Session: Class initialized using 'CodeIgniter\Session\Handlers\FileHandler' driver.
INFO - 2023-07-07 09:25:46 --> Session: Class initialized using 'CodeIgniter\Session\Handlers\FileHandler' driver.
INFO - 2023-07-07 09:27:59 --> Session: Class initialized using 'CodeIgniter\Session\Handlers\FileHandler' driver.
INFO - 2023-07-07 09:28:00 --> Session: Class initialized using 'CodeIgniter\Session\Handlers\FileHandler' driver.
INFO - 2023-07-07 09:28:04 --> Session: Class initialized using 'CodeIgniter\Session\Handlers\FileHandler' driver.
INFO - 2023-07-07 09:28:04 --> Session: Class initialized using 'CodeIgniter\Session\Handlers\FileHandler' driver.
CRITICAL - 2023-07-07 09:28:04 --> Undefined array key "name"
in APPPATH\Views\includes\header.php on line 595.
 1 APPPATH\Views\includes\header.php(595): CodeIgniter\Debug\Exceptions->errorHandler(2, 'Undefined array key "name"', 'C:\\Users\\Furniture House\\Dropbox\\01.Projects\\htdocs\\new\\admin.furniturehousemanila.com\\app\\Views\\includes\\header.php', 595)
 2 SYSTEMPATH\View\View.php(213): include('C:\\Users\\Furniture House\\Dropbox\\01.Projects\\htdocs\\new\\admin.furniturehousemanila.com\\app\\Views\\includes\\header.php')
 3 SYSTEMPATH\View\View.php(216): CodeIgniter\View\View->CodeIgniter\View\{closure}()
 4 SYSTEMPATH\Common.php(1184): CodeIgniter\View\View->render('includes/header', [], true)
 5 APPPATH\Controllers\Dashboard_controller.php(22): view('includes/header', [...])
 6 SYSTEMPATH\CodeIgniter.php(934): App\Controllers\Dashboard_controller->dashboard()
 7 SYSTEMPATH\CodeIgniter.php(499): CodeIgniter\CodeIgniter->runController(Object(App\Controllers\Dashboard_controller))
 8 SYSTEMPATH\CodeIgniter.php(368): CodeIgniter\CodeIgniter->handleRequest(null, Object(Config\Cache), false)
 9 FCPATH\index.php(67): CodeIgniter\CodeIgniter->run()
INFO - 2023-07-07 09:28:37 --> Session: Class initialized using 'CodeIgniter\Session\Handlers\FileHandler' driver.
CRITICAL - 2023-07-07 09:28:37 --> Undefined array key "groupid"
in APPPATH\Views\includes\header.php on line 11.
 1 APPPATH\Views\includes\header.php(11): CodeIgniter\Debug\Exceptions->errorHandler(2, 'Undefined array key "groupid"', 'C:\\Users\\Furniture House\\Dropbox\\01.Projects\\htdocs\\new\\admin.furniturehousemanila.com\\app\\Views\\includes\\header.php', 11)
 2 SYSTEMPATH\View\View.php(213): include('C:\\Users\\Furniture House\\Dropbox\\01.Projects\\htdocs\\new\\admin.furniturehousemanila.com\\app\\Views\\includes\\header.php')
 3 SYSTEMPATH\View\View.php(216): CodeIgniter\View\View->CodeIgniter\View\{closure}()
 4 SYSTEMPATH\Common.php(1184): CodeIgniter\View\View->render('includes/header', [], true)
 5 APPPATH\Controllers\Dashboard_controller.php(22): view('includes/header', [...])
 6 SYSTEMPATH\CodeIgniter.php(934): App\Controllers\Dashboard_controller->dashboard()
 7 SYSTEMPATH\CodeIgniter.php(499): CodeIgniter\CodeIgniter->runController(Object(App\Controllers\Dashboard_controller))
 8 SYSTEMPATH\CodeIgniter.php(368): CodeIgniter\CodeIgniter->handleRequest(null, Object(Config\Cache), false)
 9 FCPATH\index.php(67): CodeIgniter\CodeIgniter->run()
INFO - 2023-07-07 09:29:15 --> Session: Class initialized using 'CodeIgniter\Session\Handlers\FileHandler' driver.
INFO - 2023-07-07 09:29:15 --> Session: Class initialized using 'CodeIgniter\Session\Handlers\FileHandler' driver.
INFO - 2023-07-07 09:29:17 --> Session: Class initialized using 'CodeIgniter\Session\Handlers\FileHandler' driver.
INFO - 2023-07-07 09:29:17 --> Session: Class initialized using 'CodeIgniter\Session\Handlers\FileHandler' driver.
INFO - 2023-07-07 09:29:28 --> Session: Class initialized using 'CodeIgniter\Session\Handlers\FileHandler' driver.
INFO - 2023-07-07 09:29:28 --> Session: Class initialized using 'CodeIgniter\Session\Handlers\FileHandler' driver.
CRITICAL - 2023-07-07 09:29:28 --> Undefined array key "groupid"
in APPPATH\Views\includes\header.php on line 11.
 1 APPPATH\Views\includes\header.php(11): CodeIgniter\Debug\Exceptions->errorHandler(2, 'Undefined array key "groupid"', 'C:\\Users\\Furniture House\\Dropbox\\01.Projects\\htdocs\\new\\admin.furniturehousemanila.com\\app\\Views\\includes\\header.php', 11)
 2 SYSTEMPATH\View\View.php(213): include('C:\\Users\\Furniture House\\Dropbox\\01.Projects\\htdocs\\new\\admin.furniturehousemanila.com\\app\\Views\\includes\\header.php')
 3 SYSTEMPATH\View\View.php(216): CodeIgniter\View\View->CodeIgniter\View\{closure}()
 4 SYSTEMPATH\Common.php(1184): CodeIgniter\View\View->render('includes/header', [], true)
 5 APPPATH\Controllers\Dashboard_controller.php(22): view('includes/header', [...])
 6 SYSTEMPATH\CodeIgniter.php(934): App\Controllers\Dashboard_controller->dashboard()
 7 SYSTEMPATH\CodeIgniter.php(499): CodeIgniter\CodeIgniter->runController(Object(App\Controllers\Dashboard_controller))
 8 SYSTEMPATH\CodeIgniter.php(368): CodeIgniter\CodeIgniter->handleRequest(null, Object(Config\Cache), false)
 9 FCPATH\index.php(67): CodeIgniter\CodeIgniter->run()
INFO - 2023-07-07 09:30:47 --> Session: Class initialized using 'CodeIgniter\Session\Handlers\FileHandler' driver.
INFO - 2023-07-07 09:30:48 --> Session: Class initialized using 'CodeIgniter\Session\Handlers\FileHandler' driver.
INFO - 2023-07-07 09:30:49 --> Session: Class initialized using 'CodeIgniter\Session\Handlers\FileHandler' driver.
INFO - 2023-07-07 09:30:49 --> Session: Class initialized using 'CodeIgniter\Session\Handlers\FileHandler' driver.
INFO - 2023-07-07 09:30:54 --> Session: Class initialized using 'CodeIgniter\Session\Handlers\FileHandler' driver.
INFO - 2023-07-07 09:30:55 --> Session: Class initialized using 'CodeIgniter\Session\Handlers\FileHandler' driver.
CRITICAL - 2023-07-07 09:30:55 --> Undefined array key "groupid"
in APPPATH\Views\includes\header.php on line 11.
 1 APPPATH\Views\includes\header.php(11): CodeIgniter\Debug\Exceptions->errorHandler(2, 'Undefined array key "groupid"', 'C:\\Users\\Furniture House\\Dropbox\\01.Projects\\htdocs\\new\\admin.furniturehousemanila.com\\app\\Views\\includes\\header.php', 11)
 2 SYSTEMPATH\View\View.php(213): include('C:\\Users\\Furniture House\\Dropbox\\01.Projects\\htdocs\\new\\admin.furniturehousemanila.com\\app\\Views\\includes\\header.php')
 3 SYSTEMPATH\View\View.php(216): CodeIgniter\View\View->CodeIgniter\View\{closure}()
 4 SYSTEMPATH\Common.php(1184): CodeIgniter\View\View->render('includes/header', [], true)
 5 APPPATH\Controllers\Dashboard_controller.php(22): view('includes/header', [...])
 6 SYSTEMPATH\CodeIgniter.php(934): App\Controllers\Dashboard_controller->dashboard()
 7 SYSTEMPATH\CodeIgniter.php(499): CodeIgniter\CodeIgniter->runController(Object(App\Controllers\Dashboard_controller))
 8 SYSTEMPATH\CodeIgniter.php(368): CodeIgniter\CodeIgniter->handleRequest(null, Object(Config\Cache), false)
 9 FCPATH\index.php(67): CodeIgniter\CodeIgniter->run()
INFO - 2023-07-07 09:33:32 --> Session: Class initialized using 'CodeIgniter\Session\Handlers\FileHandler' driver.
INFO - 2023-07-07 09:33:32 --> Session: Class initialized using 'CodeIgniter\Session\Handlers\FileHandler' driver.
INFO - 2023-07-07 09:33:32 --> Session: Class initialized using 'CodeIgniter\Session\Handlers\FileHandler' driver.
INFO - 2023-07-07 09:33:36 --> Session: Class initialized using 'CodeIgniter\Session\Handlers\FileHandler' driver.
INFO - 2023-07-07 09:33:37 --> Session: Class initialized using 'CodeIgniter\Session\Handlers\FileHandler' driver.
INFO - 2023-07-07 09:33:37 --> Session: Class initialized using 'CodeIgniter\Session\Handlers\FileHandler' driver.
INFO - 2023-07-07 09:33:37 --> Session: Class initialized using 'CodeIgniter\Session\Handlers\FileHandler' driver.
INFO - 2023-07-07 09:33:55 --> Session: Class initialized using 'CodeIgniter\Session\Handlers\FileHandler' driver.
INFO - 2023-07-07 09:34:00 --> Session: Class initialized using 'CodeIgniter\Session\Handlers\FileHandler' driver.
INFO - 2023-07-07 09:34:00 --> Session: Class initialized using 'CodeIgniter\Session\Handlers\FileHandler' driver.
INFO - 2023-07-07 09:34:37 --> Session: Class initialized using 'CodeIgniter\Session\Handlers\FileHandler' driver.
INFO - 2023-07-07 09:35:52 --> Session: Class initialized using 'CodeIgniter\Session\Handlers\FileHandler' driver.
INFO - 2023-07-07 09:35:52 --> Session: Class initialized using 'CodeIgniter\Session\Handlers\FileHandler' driver.
INFO - 2023-07-07 09:36:00 --> Session: Class initialized using 'CodeIgniter\Session\Handlers\FileHandler' driver.
INFO - 2023-07-07 09:36:01 --> Session: Class initialized using 'CodeIgniter\Session\Handlers\FileHandler' driver.
INFO - 2023-07-07 09:36:01 --> Session: Class initialized using 'CodeIgniter\Session\Handlers\FileHandler' driver.
INFO - 2023-07-07 09:36:49 --> Session: Class initialized using 'CodeIgniter\Session\Handlers\FileHandler' driver.
INFO - 2023-07-07 09:36:52 --> Session: Class initialized using 'CodeIgniter\Session\Handlers\FileHandler' driver.
INFO - 2023-07-07 09:36:52 --> Session: Class initialized using 'CodeIgniter\Session\Handlers\FileHandler' driver.
INFO - 2023-07-07 09:38:00 --> Session: Class initialized using 'CodeIgniter\Session\Handlers\FileHandler' driver.
INFO - 2023-07-07 09:38:00 --> Session: Class initialized using 'CodeIgniter\Session\Handlers\FileHandler' driver.
INFO - 2023-07-07 09:38:02 --> Session: Class initialized using 'CodeIgniter\Session\Handlers\FileHandler' driver.
INFO - 2023-07-07 09:38:02 --> Session: Class initialized using 'CodeIgniter\Session\Handlers\FileHandler' driver.
INFO - 2023-07-07 09:38:08 --> Session: Class initialized using 'CodeIgniter\Session\Handlers\FileHandler' driver.
INFO - 2023-07-07 09:38:08 --> Session: Class initialized using 'CodeIgniter\Session\Handlers\FileHandler' driver.
INFO - 2023-07-07 09:49:23 --> Session: Class initialized using 'CodeIgniter\Session\Handlers\FileHandler' driver.
INFO - 2023-07-07 09:50:31 --> Session: Class initialized using 'CodeIgniter\Session\Handlers\FileHandler' driver.
INFO - 2023-07-07 09:51:18 --> Session: Class initialized using 'CodeIgniter\Session\Handlers\FileHandler' driver.
INFO - 2023-07-07 09:51:36 --> Session: Class initialized using 'CodeIgniter\Session\Handlers\FileHandler' driver.
INFO - 2023-07-07 09:51:37 --> Session: Class initialized using 'CodeIgniter\Session\Handlers\FileHandler' driver.
INFO - 2023-07-07 09:53:19 --> Session: Class initialized using 'CodeIgniter\Session\Handlers\FileHandler' driver.
INFO - 2023-07-07 09:53:19 --> Session: Class initialized using 'CodeIgniter\Session\Handlers\FileHandler' driver.
INFO - 2023-07-07 09:53:31 --> Session: Class initialized using 'CodeIgniter\Session\Handlers\FileHandler' driver.
INFO - 2023-07-07 09:54:01 --> Session: Class initialized using 'CodeIgniter\Session\Handlers\FileHandler' driver.
INFO - 2023-07-07 09:55:15 --> Session: Class initialized using 'CodeIgniter\Session\Handlers\FileHandler' driver.
CRITICAL - 2023-07-07 09:55:15 --> Undefined property: CodeIgniter\View\View::$uri
in APPPATH\Views\includes\header.php on line 107.
 1 APPPATH\Views\includes\header.php(107): CodeIgniter\Debug\Exceptions->errorHandler(2, 'Undefined property: CodeIgniter\\View\\View::$uri', 'C:\\Users\\Furniture House\\Dropbox\\01.Projects\\htdocs\\new\\admin.furniturehousemanila.com\\app\\Views\\includes\\header.php', 107)
 2 SYSTEMPATH\View\View.php(213): include('C:\\Users\\Furniture House\\Dropbox\\01.Projects\\htdocs\\new\\admin.furniturehousemanila.com\\app\\Views\\includes\\header.php')
 3 SYSTEMPATH\View\View.php(216): CodeIgniter\View\View->CodeIgniter\View\{closure}()
 4 SYSTEMPATH\Common.php(1184): CodeIgniter\View\View->render('includes/header', [], true)
 5 APPPATH\Controllers\Dashboard_controller.php(22): view('includes/header', [...])
 6 SYSTEMPATH\CodeIgniter.php(934): App\Controllers\Dashboard_controller->dashboard()
 7 SYSTEMPATH\CodeIgniter.php(499): CodeIgniter\CodeIgniter->runController(Object(App\Controllers\Dashboard_controller))
 8 SYSTEMPATH\CodeIgniter.php(368): CodeIgniter\CodeIgniter->handleRequest(null, Object(Config\Cache), false)
 9 FCPATH\index.php(67): CodeIgniter\CodeIgniter->run()
INFO - 2023-07-07 09:55:25 --> Session: Class initialized using 'CodeIgniter\Session\Handlers\FileHandler' driver.
CRITICAL - 2023-07-07 09:55:25 --> syntax error, unexpected token ")", expecting variable or "{" or "$"
in APPPATH\Models\Login_model.php on line 37.
 1 SYSTEMPATH\Autoloader\Autoloader.php(289): CodeIgniter\Autoloader\Autoloader->includeFile('C:\\Users\\Furniture House\\Dropbox\\01.Projects\\htdocs\\new\\admin.furniturehousemanila.com\\app\\Models\\Login_model.php')
 2 SYSTEMPATH\Autoloader\Autoloader.php(267): CodeIgniter\Autoloader\Autoloader->loadInNamespace('App\\Models\\Login_model')
 3 APPPATH\Controllers\Login_controller.php(33): CodeIgniter\Autoloader\Autoloader->loadClass('App\\Models\\Login_model')
 4 SYSTEMPATH\CodeIgniter.php(906): App\Controllers\Login_controller->__construct()
 5 SYSTEMPATH\CodeIgniter.php(490): CodeIgniter\CodeIgniter->createController()
 6 SYSTEMPATH\CodeIgniter.php(368): CodeIgniter\CodeIgniter->handleRequest(null, Object(Config\Cache), false)
 7 FCPATH\index.php(67): CodeIgniter\CodeIgniter->run()
INFO - 2023-07-07 09:55:27 --> Session: Class initialized using 'CodeIgniter\Session\Handlers\FileHandler' driver.
INFO - 2023-07-07 09:55:29 --> Session: Class initialized using 'CodeIgniter\Session\Handlers\FileHandler' driver.
INFO - 2023-07-07 09:55:30 --> Session: Class initialized using 'CodeIgniter\Session\Handlers\FileHandler' driver.
CRITICAL - 2023-07-07 09:55:30 --> Undefined property: CodeIgniter\View\View::$uri
in APPPATH\Views\includes\header.php on line 107.
 1 APPPATH\Views\includes\header.php(107): CodeIgniter\Debug\Exceptions->errorHandler(2, 'Undefined property: CodeIgniter\\View\\View::$uri', 'C:\\Users\\Furniture House\\Dropbox\\01.Projects\\htdocs\\new\\admin.furniturehousemanila.com\\app\\Views\\includes\\header.php', 107)
 2 SYSTEMPATH\View\View.php(213): include('C:\\Users\\Furniture House\\Dropbox\\01.Projects\\htdocs\\new\\admin.furniturehousemanila.com\\app\\Views\\includes\\header.php')
 3 SYSTEMPATH\View\View.php(216): CodeIgniter\View\View->CodeIgniter\View\{closure}()
 4 SYSTEMPATH\Common.php(1184): CodeIgniter\View\View->render('includes/header', [], true)
 5 APPPATH\Controllers\Dashboard_controller.php(22): view('includes/header', [...])
 6 SYSTEMPATH\CodeIgniter.php(934): App\Controllers\Dashboard_controller->dashboard()
 7 SYSTEMPATH\CodeIgniter.php(499): CodeIgniter\CodeIgniter->runController(Object(App\Controllers\Dashboard_controller))
 8 SYSTEMPATH\CodeIgniter.php(368): CodeIgniter\CodeIgniter->handleRequest(null, Object(Config\Cache), false)
 9 FCPATH\index.php(67): CodeIgniter\CodeIgniter->run()
INFO - 2023-07-07 09:55:51 --> Session: Class initialized using 'CodeIgniter\Session\Handlers\FileHandler' driver.
CRITICAL - 2023-07-07 09:55:51 --> Undefined property: CodeIgniter\View\View::$uri
in APPPATH\Views\includes\header.php on line 108.
 1 APPPATH\Views\includes\header.php(108): CodeIgniter\Debug\Exceptions->errorHandler(2, 'Undefined property: CodeIgniter\\View\\View::$uri', 'C:\\Users\\Furniture House\\Dropbox\\01.Projects\\htdocs\\new\\admin.furniturehousemanila.com\\app\\Views\\includes\\header.php', 108)
 2 SYSTEMPATH\View\View.php(213): include('C:\\Users\\Furniture House\\Dropbox\\01.Projects\\htdocs\\new\\admin.furniturehousemanila.com\\app\\Views\\includes\\header.php')
 3 SYSTEMPATH\View\View.php(216): CodeIgniter\View\View->CodeIgniter\View\{closure}()
 4 SYSTEMPATH\Common.php(1184): CodeIgniter\View\View->render('includes/header', [], true)
 5 APPPATH\Controllers\Dashboard_controller.php(22): view('includes/header', [...])
 6 SYSTEMPATH\CodeIgniter.php(934): App\Controllers\Dashboard_controller->dashboard()
 7 SYSTEMPATH\CodeIgniter.php(499): CodeIgniter\CodeIgniter->runController(Object(App\Controllers\Dashboard_controller))
 8 SYSTEMPATH\CodeIgniter.php(368): CodeIgniter\CodeIgniter->handleRequest(null, Object(Config\Cache), false)
 9 FCPATH\index.php(67): CodeIgniter\CodeIgniter->run()
INFO - 2023-07-07 09:56:08 --> Session: Class initialized using 'CodeIgniter\Session\Handlers\FileHandler' driver.
INFO - 2023-07-07 09:57:01 --> Session: Class initialized using 'CodeIgniter\Session\Handlers\FileHandler' driver.
INFO - 2023-07-07 09:57:36 --> Session: Class initialized using 'CodeIgniter\Session\Handlers\FileHandler' driver.
INFO - 2023-07-07 09:57:49 --> Session: Class initialized using 'CodeIgniter\Session\Handlers\FileHandler' driver.
INFO - 2023-07-07 09:58:09 --> Session: Class initialized using 'CodeIgniter\Session\Handlers\FileHandler' driver.
INFO - 2023-07-07 09:58:20 --> Session: Class initialized using 'CodeIgniter\Session\Handlers\FileHandler' driver.
CRITICAL - 2023-07-07 09:58:25 --> syntax error, unexpected token "else"
in APPPATH\Models\Login_model.php on line 74.
 1 SYSTEMPATH\Autoloader\Autoloader.php(289): CodeIgniter\Autoloader\Autoloader->includeFile('C:\\Users\\Furniture House\\Dropbox\\01.Projects\\htdocs\\new\\admin.furniturehousemanila.com\\app\\Models\\Login_model.php')
 2 SYSTEMPATH\Autoloader\Autoloader.php(267): CodeIgniter\Autoloader\Autoloader->loadInNamespace('App\\Models\\Login_model')
 3 APPPATH\Filters\Auth.php(11): CodeIgniter\Autoloader\Autoloader->loadClass('App\\Models\\Login_model')
 4 SYSTEMPATH\Filters\Filters.php(166): App\Filters\Auth->__construct()
 5 SYSTEMPATH\CodeIgniter.php(473): CodeIgniter\Filters\Filters->run('supplier/view', 'before')
 6 SYSTEMPATH\CodeIgniter.php(368): CodeIgniter\CodeIgniter->handleRequest(null, Object(Config\Cache), false)
 7 FCPATH\index.php(67): CodeIgniter\CodeIgniter->run()
INFO - 2023-07-07 09:58:37 --> Session: Class initialized using 'CodeIgniter\Session\Handlers\FileHandler' driver.
INFO - 2023-07-07 09:58:40 --> Session: Class initialized using 'CodeIgniter\Session\Handlers\FileHandler' driver.
INFO - 2023-07-07 09:59:00 --> Session: Class initialized using 'CodeIgniter\Session\Handlers\FileHandler' driver.
INFO - 2023-07-07 09:59:32 --> Session: Class initialized using 'CodeIgniter\Session\Handlers\FileHandler' driver.
CRITICAL - 2023-07-07 09:59:32 --> syntax error, unexpected single-quoted string "customer", expecting "," or ";"
in APPPATH\Views\includes\header.php on line 129.
 1 SYSTEMPATH\View\View.php(216): CodeIgniter\View\View->CodeIgniter\View\{closure}()
 2 SYSTEMPATH\Common.php(1184): CodeIgniter\View\View->render('includes/header', [], true)
 3 APPPATH\Controllers\Customer_controller.php(52): view('includes/header', [...])
 4 SYSTEMPATH\CodeIgniter.php(934): App\Controllers\Customer_controller->costumers()
 5 SYSTEMPATH\CodeIgniter.php(499): CodeIgniter\CodeIgniter->runController(Object(App\Controllers\Customer_controller))
 6 SYSTEMPATH\CodeIgniter.php(368): CodeIgniter\CodeIgniter->handleRequest(null, Object(Config\Cache), false)
 7 FCPATH\index.php(67): CodeIgniter\CodeIgniter->run()
INFO - 2023-07-07 09:59:49 --> Session: Class initialized using 'CodeIgniter\Session\Handlers\FileHandler' driver.
CRITICAL - 2023-07-07 10:00:14 --> Unclosed '{' on line 45 does not match ')'
in APPPATH\Models\Login_model.php on line 51.
 1 SYSTEMPATH\Autoloader\Autoloader.php(289): CodeIgniter\Autoloader\Autoloader->includeFile('C:\\Users\\Furniture House\\Dropbox\\01.Projects\\htdocs\\new\\admin.furniturehousemanila.com\\app\\Models\\Login_model.php')
 2 SYSTEMPATH\Autoloader\Autoloader.php(267): CodeIgniter\Autoloader\Autoloader->loadInNamespace('App\\Models\\Login_model')
 3 APPPATH\Filters\Auth.php(11): CodeIgniter\Autoloader\Autoloader->loadClass('App\\Models\\Login_model')
 4 SYSTEMPATH\Filters\Filters.php(166): App\Filters\Auth->__construct()
 5 SYSTEMPATH\CodeIgniter.php(473): CodeIgniter\Filters\Filters->run('costumer/view', 'before')
 6 SYSTEMPATH\CodeIgniter.php(368): CodeIgniter\CodeIgniter->handleRequest(null, Object(Config\Cache), false)
 7 FCPATH\index.php(67): CodeIgniter\CodeIgniter->run()
CRITICAL - 2023-07-07 10:00:26 --> syntax error, unexpected token ";", expecting ")"
in APPPATH\Models\Login_model.php on line 48.
 1 SYSTEMPATH\Autoloader\Autoloader.php(289): CodeIgniter\Autoloader\Autoloader->includeFile('C:\\Users\\Furniture House\\Dropbox\\01.Projects\\htdocs\\new\\admin.furniturehousemanila.com\\app\\Models\\Login_model.php')
 2 SYSTEMPATH\Autoloader\Autoloader.php(267): CodeIgniter\Autoloader\Autoloader->loadInNamespace('App\\Models\\Login_model')
 3 APPPATH\Filters\Auth.php(11): CodeIgniter\Autoloader\Autoloader->loadClass('App\\Models\\Login_model')
 4 SYSTEMPATH\Filters\Filters.php(166): App\Filters\Auth->__construct()
 5 SYSTEMPATH\CodeIgniter.php(473): CodeIgniter\Filters\Filters->run('costumer/view', 'before')
 6 SYSTEMPATH\CodeIgniter.php(368): CodeIgniter\CodeIgniter->handleRequest(null, Object(Config\Cache), false)
 7 FCPATH\index.php(67): CodeIgniter\CodeIgniter->run()
CRITICAL - 2023-07-07 10:00:39 --> syntax error, unexpected token ")"
in APPPATH\Models\Login_model.php on line 51.
 1 SYSTEMPATH\Autoloader\Autoloader.php(289): CodeIgniter\Autoloader\Autoloader->includeFile('C:\\Users\\Furniture House\\Dropbox\\01.Projects\\htdocs\\new\\admin.furniturehousemanila.com\\app\\Models\\Login_model.php')
 2 SYSTEMPATH\Autoloader\Autoloader.php(267): CodeIgniter\Autoloader\Autoloader->loadInNamespace('App\\Models\\Login_model')
 3 APPPATH\Filters\Auth.php(11): CodeIgniter\Autoloader\Autoloader->loadClass('App\\Models\\Login_model')
 4 SYSTEMPATH\Filters\Filters.php(166): App\Filters\Auth->__construct()
 5 SYSTEMPATH\CodeIgniter.php(473): CodeIgniter\Filters\Filters->run('costumer/view', 'before')
 6 SYSTEMPATH\CodeIgniter.php(368): CodeIgniter\CodeIgniter->handleRequest(null, Object(Config\Cache), false)
 7 FCPATH\index.php(67): CodeIgniter\CodeIgniter->run()
CRITICAL - 2023-07-07 10:00:43 --> syntax error, unexpected token ")"
in APPPATH\Models\Login_model.php on line 51.
 1 SYSTEMPATH\Autoloader\Autoloader.php(289): CodeIgniter\Autoloader\Autoloader->includeFile('C:\\Users\\Furniture House\\Dropbox\\01.Projects\\htdocs\\new\\admin.furniturehousemanila.com\\app\\Models\\Login_model.php')
 2 SYSTEMPATH\Autoloader\Autoloader.php(267): CodeIgniter\Autoloader\Autoloader->loadInNamespace('App\\Models\\Login_model')
 3 APPPATH\Filters\Auth.php(11): CodeIgniter\Autoloader\Autoloader->loadClass('App\\Models\\Login_model')
 4 SYSTEMPATH\Filters\Filters.php(166): App\Filters\Auth->__construct()
 5 SYSTEMPATH\CodeIgniter.php(473): CodeIgniter\Filters\Filters->run('costumer/view', 'before')
 6 SYSTEMPATH\CodeIgniter.php(368): CodeIgniter\CodeIgniter->handleRequest(null, Object(Config\Cache), false)
 7 FCPATH\index.php(67): CodeIgniter\CodeIgniter->run()
INFO - 2023-07-07 10:01:00 --> Session: Class initialized using 'CodeIgniter\Session\Handlers\FileHandler' driver.
INFO - 2023-07-07 10:01:03 --> Session: Class initialized using 'CodeIgniter\Session\Handlers\FileHandler' driver.
CRITICAL - 2023-07-07 10:01:58 --> syntax error, unexpected token "else"
in APPPATH\Models\Login_model.php on line 77.
 1 SYSTEMPATH\Autoloader\Autoloader.php(289): CodeIgniter\Autoloader\Autoloader->includeFile('C:\\Users\\Furniture House\\Dropbox\\01.Projects\\htdocs\\new\\admin.furniturehousemanila.com\\app\\Models\\Login_model.php')
 2 SYSTEMPATH\Autoloader\Autoloader.php(267): CodeIgniter\Autoloader\Autoloader->loadInNamespace('App\\Models\\Login_model')
 3 APPPATH\Filters\Auth.php(11): CodeIgniter\Autoloader\Autoloader->loadClass('App\\Models\\Login_model')
 4 SYSTEMPATH\Filters\Filters.php(166): App\Filters\Auth->__construct()
 5 SYSTEMPATH\CodeIgniter.php(473): CodeIgniter\Filters\Filters->run('costumer/view', 'before')
 6 SYSTEMPATH\CodeIgniter.php(368): CodeIgniter\CodeIgniter->handleRequest(null, Object(Config\Cache), false)
 7 FCPATH\index.php(67): CodeIgniter\CodeIgniter->run()
CRITICAL - 2023-07-07 10:02:12 --> syntax error, unexpected token "else"
in APPPATH\Models\Login_model.php on line 77.
 1 SYSTEMPATH\Autoloader\Autoloader.php(289): CodeIgniter\Autoloader\Autoloader->includeFile('C:\\Users\\Furniture House\\Dropbox\\01.Projects\\htdocs\\new\\admin.furniturehousemanila.com\\app\\Models\\Login_model.php')
 2 SYSTEMPATH\Autoloader\Autoloader.php(267): CodeIgniter\Autoloader\Autoloader->loadInNamespace('App\\Models\\Login_model')
 3 APPPATH\Filters\Auth.php(11): CodeIgniter\Autoloader\Autoloader->loadClass('App\\Models\\Login_model')
 4 SYSTEMPATH\Filters\Filters.php(166): App\Filters\Auth->__construct()
 5 SYSTEMPATH\CodeIgniter.php(473): CodeIgniter\Filters\Filters->run('logout', 'before')
 6 SYSTEMPATH\CodeIgniter.php(368): CodeIgniter\CodeIgniter->handleRequest(null, Object(Config\Cache), false)
 7 FCPATH\index.php(67): CodeIgniter\CodeIgniter->run()
CRITICAL - 2023-07-07 10:03:07 --> syntax error, unexpected token "else"
in APPPATH\Models\Login_model.php on line 77.
 1 SYSTEMPATH\Autoloader\Autoloader.php(289): CodeIgniter\Autoloader\Autoloader->includeFile('C:\\Users\\Furniture House\\Dropbox\\01.Projects\\htdocs\\new\\admin.furniturehousemanila.com\\app\\Models\\Login_model.php')
 2 SYSTEMPATH\Autoloader\Autoloader.php(267): CodeIgniter\Autoloader\Autoloader->loadInNamespace('App\\Models\\Login_model')
 3 APPPATH\Filters\Auth.php(11): CodeIgniter\Autoloader\Autoloader->loadClass('App\\Models\\Login_model')
 4 SYSTEMPATH\Filters\Filters.php(166): App\Filters\Auth->__construct()
 5 SYSTEMPATH\CodeIgniter.php(473): CodeIgniter\Filters\Filters->run('logout', 'before')
 6 SYSTEMPATH\CodeIgniter.php(368): CodeIgniter\CodeIgniter->handleRequest(null, Object(Config\Cache), false)
 7 FCPATH\index.php(67): CodeIgniter\CodeIgniter->run()
INFO - 2023-07-07 10:03:43 --> Session: Class initialized using 'CodeIgniter\Session\Handlers\FileHandler' driver.
CRITICAL - 2023-07-07 10:03:43 --> syntax error, unexpected token "if"
in APPPATH\Views\includes\header.php on line 129.
 1 SYSTEMPATH\View\View.php(216): CodeIgniter\View\View->CodeIgniter\View\{closure}()
 2 SYSTEMPATH\Common.php(1184): CodeIgniter\View\View->render('includes/header', [], true)
 3 APPPATH\Controllers\Customer_controller.php(52): view('includes/header', [...])
 4 SYSTEMPATH\CodeIgniter.php(934): App\Controllers\Customer_controller->costumers()
 5 SYSTEMPATH\CodeIgniter.php(499): CodeIgniter\CodeIgniter->runController(Object(App\Controllers\Customer_controller))
 6 SYSTEMPATH\CodeIgniter.php(368): CodeIgniter\CodeIgniter->handleRequest(null, Object(Config\Cache), false)
 7 FCPATH\index.php(67): CodeIgniter\CodeIgniter->run()
INFO - 2023-07-07 10:03:46 --> Session: Class initialized using 'CodeIgniter\Session\Handlers\FileHandler' driver.
INFO - 2023-07-07 10:03:46 --> Session: Class initialized using 'CodeIgniter\Session\Handlers\FileHandler' driver.
INFO - 2023-07-07 10:03:51 --> Session: Class initialized using 'CodeIgniter\Session\Handlers\FileHandler' driver.
ERROR - 2023-07-07 10:03:51 --> mysqli_sql_exception: You have an error in your SQL syntax; check the manual that corresponds to your MariaDB server version for the right syntax to use near '?
        and isdeleted = 0
        and tu.user_group_id = tug.user_group_id ...' at line 3 in C:\Users\Furniture House\Dropbox\01.Projects\htdocs\new\admin.furniturehousemanila.com\system\Database\MySQLi\Connection.php:295
Stack trace:
#0 C:\Users\Furniture House\Dropbox\01.Projects\htdocs\new\admin.furniturehousemanila.com\system\Database\MySQLi\Connection.php(295): mysqli->query('select tu.user_...', 0)
#1 C:\Users\Furniture House\Dropbox\01.Projects\htdocs\new\admin.furniturehousemanila.com\system\Database\BaseConnection.php(692): CodeIgniter\Database\MySQLi\Connection->execute('select tu.user_...')
#2 C:\Users\Furniture House\Dropbox\01.Projects\htdocs\new\admin.furniturehousemanila.com\system\Database\BaseConnection.php(606): CodeIgniter\Database\BaseConnection->simpleQuery('select tu.user_...')
#3 C:\Users\Furniture House\Dropbox\01.Projects\htdocs\new\admin.furniturehousemanila.com\app\Models\Login_model.php(40): CodeIgniter\Database\BaseConnection->query('select tu.user_...', Array)
#4 C:\Users\Furniture House\Dropbox\01.Projects\htdocs\new\admin.furniturehousemanila.com\app\Controllers\Login_controller.php(65): App\Models\Login_model->authenticate('djrboco', 'pass')
#5 C:\Users\Furniture House\Dropbox\01.Projects\htdocs\new\admin.furniturehousemanila.com\system\CodeIgniter.php(934): App\Controllers\Login_controller->authenticate()
#6 C:\Users\Furniture House\Dropbox\01.Projects\htdocs\new\admin.furniturehousemanila.com\system\CodeIgniter.php(499): CodeIgniter\CodeIgniter->runController(Object(App\Controllers\Login_controller))
#7 C:\Users\Furniture House\Dropbox\01.Projects\htdocs\new\admin.furniturehousemanila.com\system\CodeIgniter.php(368): CodeIgniter\CodeIgniter->handleRequest(NULL, Object(Config\Cache), false)
#8 C:\Users\Furniture House\Dropbox\01.Projects\htdocs\new\admin.furniturehousemanila.com\index.php(67): CodeIgniter\CodeIgniter->run()
#9 {main}
CRITICAL - 2023-07-07 10:03:51 --> You have an error in your SQL syntax; check the manual that corresponds to your MariaDB server version for the right syntax to use near '?
        and isdeleted = 0
        and tu.user_group_id = tug.user_group_id ...' at line 3
in SYSTEMPATH\Database\MySQLi\Connection.php on line 295.
 1 SYSTEMPATH\Database\MySQLi\Connection.php(295): mysqli->query('select tu.user_id,tu.password,tu.user_group_id as groupid, tu.name as uname, tug.name as gname, tu.status as tustatus, wh.name as uwarehouse, tu.warehouse_id
        from tbl_user as tu,tbl_user_group as tug, tbl_warehouse as wh
        where BINARY username = ?
        and isdeleted = 0
        and tu.user_group_id = tug.user_group_id 
        and tu.warehouse_id = wh.warehouse_id limit 1', 0)
 2 SYSTEMPATH\Database\BaseConnection.php(692): CodeIgniter\Database\MySQLi\Connection->execute('select tu.user_id,tu.password,tu.user_group_id as groupid, tu.name as uname, tug.name as gname, tu.status as tustatus, wh.name as uwarehouse, tu.warehouse_id
        from tbl_user as tu,tbl_user_group as tug, tbl_warehouse as wh
        where BINARY username = ?
        and isdeleted = 0
        and tu.user_group_id = tug.user_group_id 
        and tu.warehouse_id = wh.warehouse_id limit 1')
 3 SYSTEMPATH\Database\BaseConnection.php(606): CodeIgniter\Database\BaseConnection->simpleQuery('select tu.user_id,tu.password,tu.user_group_id as groupid, tu.name as uname, tug.name as gname, tu.status as tustatus, wh.name as uwarehouse, tu.warehouse_id
        from tbl_user as tu,tbl_user_group as tug, tbl_warehouse as wh
        where BINARY username = ?
        and isdeleted = 0
        and tu.user_group_id = tug.user_group_id 
        and tu.warehouse_id = wh.warehouse_id limit 1')
 4 APPPATH\Models\Login_model.php(40): CodeIgniter\Database\BaseConnection->query('select tu.user_id,tu.password,tu.user_group_id as groupid, tu.name as uname, tug.name as gname, tu.status as tustatus, wh.name as uwarehouse, tu.warehouse_id
        from tbl_user as tu,tbl_user_group as tug, tbl_warehouse as wh
        where BINARY username = ?
        and isdeleted = 0
        and tu.user_group_id = tug.user_group_id 
        and tu.warehouse_id = wh.warehouse_id limit 1', [...])
 5 APPPATH\Controllers\Login_controller.php(65): App\Models\Login_model->authenticate('djrboco', 'pass')
 6 SYSTEMPATH\CodeIgniter.php(934): App\Controllers\Login_controller->authenticate()
 7 SYSTEMPATH\CodeIgniter.php(499): CodeIgniter\CodeIgniter->runController(Object(App\Controllers\Login_controller))
 8 SYSTEMPATH\CodeIgniter.php(368): CodeIgniter\CodeIgniter->handleRequest(null, Object(Config\Cache), false)
 9 FCPATH\index.php(67): CodeIgniter\CodeIgniter->run()
INFO - 2023-07-07 10:04:41 --> Session: Class initialized using 'CodeIgniter\Session\Handlers\FileHandler' driver.
INFO - 2023-07-07 10:04:41 --> Session: Class initialized using 'CodeIgniter\Session\Handlers\FileHandler' driver.
INFO - 2023-07-07 10:04:45 --> Session: Class initialized using 'CodeIgniter\Session\Handlers\FileHandler' driver.
CRITICAL - 2023-07-07 10:04:45 --> Decrypting: authentication failed.
in SYSTEMPATH\Encryption\Handlers\OpenSSLHandler.php on line 137.
 1 SYSTEMPATH\Encryption\Handlers\OpenSSLHandler.php(137): CodeIgniter\Encryption\Exceptions\EncryptionException::forAuthenticationFailed()
 2 APPPATH\Models\Login_model.php(48): CodeIgniter\Encryption\Handlers\OpenSSLHandler->decrypt('9kgK')
 3 APPPATH\Controllers\Login_controller.php(65): App\Models\Login_model->authenticate('admin', 'asdfasdf')
 4 SYSTEMPATH\CodeIgniter.php(934): App\Controllers\Login_controller->authenticate()
 5 SYSTEMPATH\CodeIgniter.php(499): CodeIgniter\CodeIgniter->runController(Object(App\Controllers\Login_controller))
 6 SYSTEMPATH\CodeIgniter.php(368): CodeIgniter\CodeIgniter->handleRequest(null, Object(Config\Cache), false)
 7 FCPATH\index.php(67): CodeIgniter\CodeIgniter->run()
INFO - 2023-07-07 10:04:48 --> Session: Class initialized using 'CodeIgniter\Session\Handlers\FileHandler' driver.
INFO - 2023-07-07 10:04:50 --> Session: Class initialized using 'CodeIgniter\Session\Handlers\FileHandler' driver.
INFO - 2023-07-07 10:04:53 --> Session: Class initialized using 'CodeIgniter\Session\Handlers\FileHandler' driver.
INFO - 2023-07-07 10:04:53 --> Session: Class initialized using 'CodeIgniter\Session\Handlers\FileHandler' driver.
INFO - 2023-07-07 10:05:27 --> Session: Class initialized using 'CodeIgniter\Session\Handlers\FileHandler' driver.
CRITICAL - 2023-07-07 10:05:27 --> Decrypting: authentication failed.
in SYSTEMPATH\Encryption\Handlers\OpenSSLHandler.php on line 137.
 1 SYSTEMPATH\Encryption\Handlers\OpenSSLHandler.php(137): CodeIgniter\Encryption\Exceptions\EncryptionException::forAuthenticationFailed()
 2 APPPATH\Models\Login_model.php(48): CodeIgniter\Encryption\Handlers\OpenSSLHandler->decrypt('9kgK')
 3 APPPATH\Controllers\Login_controller.php(65): App\Models\Login_model->authenticate('admin', 'pass')
 4 SYSTEMPATH\CodeIgniter.php(934): App\Controllers\Login_controller->authenticate()
 5 SYSTEMPATH\CodeIgniter.php(499): CodeIgniter\CodeIgniter->runController(Object(App\Controllers\Login_controller))
 6 SYSTEMPATH\CodeIgniter.php(368): CodeIgniter\CodeIgniter->handleRequest(null, Object(Config\Cache), false)
 7 FCPATH\index.php(67): CodeIgniter\CodeIgniter->run()
CRITICAL - 2023-07-07 10:05:59 --> syntax error, unexpected token ")"
in APPPATH\Models\Login_model.php on line 49.
 1 SYSTEMPATH\Autoloader\Autoloader.php(289): CodeIgniter\Autoloader\Autoloader->includeFile('C:\\Users\\Furniture House\\Dropbox\\01.Projects\\htdocs\\new\\admin.furniturehousemanila.com\\app\\Models\\Login_model.php')
 2 SYSTEMPATH\Autoloader\Autoloader.php(267): CodeIgniter\Autoloader\Autoloader->loadInNamespace('App\\Models\\Login_model')
 3 APPPATH\Filters\Auth.php(11): CodeIgniter\Autoloader\Autoloader->loadClass('App\\Models\\Login_model')
 4 SYSTEMPATH\Filters\Filters.php(166): App\Filters\Auth->__construct()
 5 SYSTEMPATH\CodeIgniter.php(473): CodeIgniter\Filters\Filters->run('costumer/view', 'before')
 6 SYSTEMPATH\CodeIgniter.php(368): CodeIgniter\CodeIgniter->handleRequest(null, Object(Config\Cache), false)
 7 FCPATH\index.php(67): CodeIgniter\CodeIgniter->run()
CRITICAL - 2023-07-07 10:06:11 --> syntax error, unexpected token ")"
in APPPATH\Models\Login_model.php on line 55.
 1 SYSTEMPATH\Autoloader\Autoloader.php(289): CodeIgniter\Autoloader\Autoloader->includeFile('C:\\Users\\Furniture House\\Dropbox\\01.Projects\\htdocs\\new\\admin.furniturehousemanila.com\\app\\Models\\Login_model.php')
 2 SYSTEMPATH\Autoloader\Autoloader.php(267): CodeIgniter\Autoloader\Autoloader->loadInNamespace('App\\Models\\Login_model')
 3 APPPATH\Filters\Auth.php(11): CodeIgniter\Autoloader\Autoloader->loadClass('App\\Models\\Login_model')
 4 SYSTEMPATH\Filters\Filters.php(166): App\Filters\Auth->__construct()
 5 SYSTEMPATH\CodeIgniter.php(473): CodeIgniter\Filters\Filters->run('costumer/view', 'before')
 6 SYSTEMPATH\CodeIgniter.php(368): CodeIgniter\CodeIgniter->handleRequest(null, Object(Config\Cache), false)
 7 FCPATH\index.php(67): CodeIgniter\CodeIgniter->run()
CRITICAL - 2023-07-07 10:06:50 --> syntax error, unexpected token "}"
in APPPATH\Models\Login_model.php on line 52.
 1 SYSTEMPATH\Autoloader\Autoloader.php(289): CodeIgniter\Autoloader\Autoloader->includeFile('C:\\Users\\Furniture House\\Dropbox\\01.Projects\\htdocs\\new\\admin.furniturehousemanila.com\\app\\Models\\Login_model.php')
 2 SYSTEMPATH\Autoloader\Autoloader.php(267): CodeIgniter\Autoloader\Autoloader->loadInNamespace('App\\Models\\Login_model')
 3 APPPATH\Filters\Auth.php(11): CodeIgniter\Autoloader\Autoloader->loadClass('App\\Models\\Login_model')
 4 SYSTEMPATH\Filters\Filters.php(166): App\Filters\Auth->__construct()
 5 SYSTEMPATH\CodeIgniter.php(473): CodeIgniter\Filters\Filters->run('costumer/view', 'before')
 6 SYSTEMPATH\CodeIgniter.php(368): CodeIgniter\CodeIgniter->handleRequest(null, Object(Config\Cache), false)
 7 FCPATH\index.php(67): CodeIgniter\CodeIgniter->run()
CRITICAL - 2023-07-07 10:07:03 --> syntax error, unexpected token "}"
in APPPATH\Models\Login_model.php on line 52.
 1 SYSTEMPATH\Autoloader\Autoloader.php(289): CodeIgniter\Autoloader\Autoloader->includeFile('C:\\Users\\Furniture House\\Dropbox\\01.Projects\\htdocs\\new\\admin.furniturehousemanila.com\\app\\Models\\Login_model.php')
 2 SYSTEMPATH\Autoloader\Autoloader.php(267): CodeIgniter\Autoloader\Autoloader->loadInNamespace('App\\Models\\Login_model')
 3 APPPATH\Filters\Auth.php(11): CodeIgniter\Autoloader\Autoloader->loadClass('App\\Models\\Login_model')
 4 SYSTEMPATH\Filters\Filters.php(166): App\Filters\Auth->__construct()
 5 SYSTEMPATH\CodeIgniter.php(473): CodeIgniter\Filters\Filters->run('costumer/view', 'before')
 6 SYSTEMPATH\CodeIgniter.php(368): CodeIgniter\CodeIgniter->handleRequest(null, Object(Config\Cache), false)
 7 FCPATH\index.php(67): CodeIgniter\CodeIgniter->run()
INFO - 2023-07-07 10:07:08 --> Session: Class initialized using 'CodeIgniter\Session\Handlers\FileHandler' driver.
CRITICAL - 2023-07-07 10:07:08 --> syntax error, unexpected token "if"
in APPPATH\Views\includes\header.php on line 129.
 1 SYSTEMPATH\View\View.php(216): CodeIgniter\View\View->CodeIgniter\View\{closure}()
 2 SYSTEMPATH\Common.php(1184): CodeIgniter\View\View->render('includes/header', [], true)
 3 APPPATH\Controllers\Customer_controller.php(52): view('includes/header', [...])
 4 SYSTEMPATH\CodeIgniter.php(934): App\Controllers\Customer_controller->costumers()
 5 SYSTEMPATH\CodeIgniter.php(499): CodeIgniter\CodeIgniter->runController(Object(App\Controllers\Customer_controller))
 6 SYSTEMPATH\CodeIgniter.php(368): CodeIgniter\CodeIgniter->handleRequest(null, Object(Config\Cache), false)
 7 FCPATH\index.php(67): CodeIgniter\CodeIgniter->run()
INFO - 2023-07-07 10:07:51 --> Session: Class initialized using 'CodeIgniter\Session\Handlers\FileHandler' driver.
INFO - 2023-07-07 10:07:56 --> Session: Class initialized using 'CodeIgniter\Session\Handlers\FileHandler' driver.
INFO - 2023-07-07 10:07:56 --> Session: Class initialized using 'CodeIgniter\Session\Handlers\FileHandler' driver.
INFO - 2023-07-07 10:08:01 --> Session: Class initialized using 'CodeIgniter\Session\Handlers\FileHandler' driver.
INFO - 2023-07-07 10:08:02 --> Session: Class initialized using 'CodeIgniter\Session\Handlers\FileHandler' driver.
INFO - 2023-07-07 10:08:14 --> Session: Class initialized using 'CodeIgniter\Session\Handlers\FileHandler' driver.
CRITICAL - 2023-07-07 10:08:14 --> syntax error, unexpected token "if"
in APPPATH\Views\includes\header.php on line 129.
 1 SYSTEMPATH\View\View.php(216): CodeIgniter\View\View->CodeIgniter\View\{closure}()
 2 SYSTEMPATH\Common.php(1184): CodeIgniter\View\View->render('includes/header', [], true)
 3 APPPATH\Controllers\Customer_controller.php(52): view('includes/header', [...])
 4 SYSTEMPATH\CodeIgniter.php(934): App\Controllers\Customer_controller->costumers()
 5 SYSTEMPATH\CodeIgniter.php(499): CodeIgniter\CodeIgniter->runController(Object(App\Controllers\Customer_controller))
 6 SYSTEMPATH\CodeIgniter.php(368): CodeIgniter\CodeIgniter->handleRequest(null, Object(Config\Cache), false)
 7 FCPATH\index.php(67): CodeIgniter\CodeIgniter->run()
INFO - 2023-07-07 10:08:41 --> Session: Class initialized using 'CodeIgniter\Session\Handlers\FileHandler' driver.
CRITICAL - 2023-07-07 10:08:41 --> syntax error, unexpected token "if"
in APPPATH\Views\includes\header.php on line 129.
 1 SYSTEMPATH\View\View.php(216): CodeIgniter\View\View->CodeIgniter\View\{closure}()
 2 SYSTEMPATH\Common.php(1184): CodeIgniter\View\View->render('includes/header', [], true)
 3 APPPATH\Controllers\Customer_controller.php(52): view('includes/header', [...])
 4 SYSTEMPATH\CodeIgniter.php(934): App\Controllers\Customer_controller->costumers()
 5 SYSTEMPATH\CodeIgniter.php(499): CodeIgniter\CodeIgniter->runController(Object(App\Controllers\Customer_controller))
 6 SYSTEMPATH\CodeIgniter.php(368): CodeIgniter\CodeIgniter->handleRequest(null, Object(Config\Cache), false)
 7 FCPATH\index.php(67): CodeIgniter\CodeIgniter->run()
INFO - 2023-07-07 10:09:38 --> Session: Class initialized using 'CodeIgniter\Session\Handlers\FileHandler' driver.
INFO - 2023-07-07 10:10:00 --> Session: Class initialized using 'CodeIgniter\Session\Handlers\FileHandler' driver.
INFO - 2023-07-07 10:10:00 --> Session: Class initialized using 'CodeIgniter\Session\Handlers\FileHandler' driver.
INFO - 2023-07-07 10:10:06 --> Session: Class initialized using 'CodeIgniter\Session\Handlers\FileHandler' driver.
INFO - 2023-07-07 10:10:11 --> Session: Class initialized using 'CodeIgniter\Session\Handlers\FileHandler' driver.
INFO - 2023-07-07 10:10:14 --> Session: Class initialized using 'CodeIgniter\Session\Handlers\FileHandler' driver.
