INFO - 2023-05-29 01:39:39 --> Session: Class initialized using 'CodeIgniter\Session\Handlers\FileHandler' driver.
INFO - 2023-05-29 01:39:45 --> Session: Class initialized using 'CodeIgniter\Session\Handlers\FileHandler' driver.
CRITICAL - 2023-05-29 01:39:51 --> Undefined variable: db
in APPPATH/Models/User_model.php on line 36.
 1 APPPATH/Models/User_model.php(36): CodeIgniter\Debug\Exceptions->errorHandler(8, 'Undefined variable: db', '/Applications/MAMP/htdocs/adminfhm/app/Models/User_model.php', 36, [...])
 2 APPPATH/Controllers/User_controller.php(44): App\Models\User_model->validateUsername('a')
 3 SYSTEMPATH/CodeIgniter.php(934): App\Controllers\User_controller->validateUsername()
 4 SYSTEMPATH/CodeIgniter.php(499): CodeIgniter\CodeIgniter->runController(Object(App\Controllers\User_controller))
 5 SYSTEMPATH/CodeIgniter.php(368): CodeIgniter\CodeIgniter->handleRequest(null, Object(Config\Cache), false)
 6 FCPATH/index.php(67): CodeIgniter\CodeIgniter->run()
CRITICAL - 2023-05-29 01:39:51 --> Undefined variable: db
in APPPATH/Models/User_model.php on line 36.
 1 APPPATH/Models/User_model.php(36): CodeIgniter\Debug\Exceptions->errorHandler(8, 'Undefined variable: db', '/Applications/MAMP/htdocs/adminfhm/app/Models/User_model.php', 36, [...])
 2 APPPATH/Controllers/User_controller.php(44): App\Models\User_model->validateUsername('ad')
 3 SYSTEMPATH/CodeIgniter.php(934): App\Controllers\User_controller->validateUsername()
 4 SYSTEMPATH/CodeIgniter.php(499): CodeIgniter\CodeIgniter->runController(Object(App\Controllers\User_controller))
 5 SYSTEMPATH/CodeIgniter.php(368): CodeIgniter\CodeIgniter->handleRequest(null, Object(Config\Cache), false)
 6 FCPATH/index.php(67): CodeIgniter\CodeIgniter->run()
CRITICAL - 2023-05-29 01:39:52 --> Undefined variable: db
in APPPATH/Models/User_model.php on line 36.
 1 APPPATH/Models/User_model.php(36): CodeIgniter\Debug\Exceptions->errorHandler(8, 'Undefined variable: db', '/Applications/MAMP/htdocs/adminfhm/app/Models/User_model.php', 36, [...])
 2 APPPATH/Controllers/User_controller.php(44): App\Models\User_model->validateUsername('adm')
 3 SYSTEMPATH/CodeIgniter.php(934): App\Controllers\User_controller->validateUsername()
 4 SYSTEMPATH/CodeIgniter.php(499): CodeIgniter\CodeIgniter->runController(Object(App\Controllers\User_controller))
 5 SYSTEMPATH/CodeIgniter.php(368): CodeIgniter\CodeIgniter->handleRequest(null, Object(Config\Cache), false)
 6 FCPATH/index.php(67): CodeIgniter\CodeIgniter->run()
CRITICAL - 2023-05-29 01:39:52 --> Undefined variable: db
in APPPATH/Models/User_model.php on line 36.
 1 APPPATH/Models/User_model.php(36): CodeIgniter\Debug\Exceptions->errorHandler(8, 'Undefined variable: db', '/Applications/MAMP/htdocs/adminfhm/app/Models/User_model.php', 36, [...])
 2 APPPATH/Controllers/User_controller.php(44): App\Models\User_model->validateUsername('admi')
 3 SYSTEMPATH/CodeIgniter.php(934): App\Controllers\User_controller->validateUsername()
 4 SYSTEMPATH/CodeIgniter.php(499): CodeIgniter\CodeIgniter->runController(Object(App\Controllers\User_controller))
 5 SYSTEMPATH/CodeIgniter.php(368): CodeIgniter\CodeIgniter->handleRequest(null, Object(Config\Cache), false)
 6 FCPATH/index.php(67): CodeIgniter\CodeIgniter->run()
CRITICAL - 2023-05-29 01:39:52 --> Undefined variable: db
in APPPATH/Models/User_model.php on line 36.
 1 APPPATH/Models/User_model.php(36): CodeIgniter\Debug\Exceptions->errorHandler(8, 'Undefined variable: db', '/Applications/MAMP/htdocs/adminfhm/app/Models/User_model.php', 36, [...])
 2 APPPATH/Controllers/User_controller.php(44): App\Models\User_model->validateUsername('admin')
 3 SYSTEMPATH/CodeIgniter.php(934): App\Controllers\User_controller->validateUsername()
 4 SYSTEMPATH/CodeIgniter.php(499): CodeIgniter\CodeIgniter->runController(Object(App\Controllers\User_controller))
 5 SYSTEMPATH/CodeIgniter.php(368): CodeIgniter\CodeIgniter->handleRequest(null, Object(Config\Cache), false)
 6 FCPATH/index.php(67): CodeIgniter\CodeIgniter->run()
INFO - 2023-05-29 01:39:56 --> Session: Class initialized using 'CodeIgniter\Session\Handlers\FileHandler' driver.
INFO - 2023-05-29 01:40:11 --> Session: Class initialized using 'CodeIgniter\Session\Handlers\FileHandler' driver.
INFO - 2023-05-29 01:40:14 --> Session: Class initialized using 'CodeIgniter\Session\Handlers\FileHandler' driver.
CRITICAL - 2023-05-29 01:40:23 --> Undefined variable: db
in APPPATH/Models/User_model.php on line 36.
 1 APPPATH/Models/User_model.php(36): CodeIgniter\Debug\Exceptions->errorHandler(8, 'Undefined variable: db', '/Applications/MAMP/htdocs/adminfhm/app/Models/User_model.php', 36, [...])
 2 APPPATH/Controllers/User_controller.php(44): App\Models\User_model->validateUsername('admin')
 3 SYSTEMPATH/CodeIgniter.php(934): App\Controllers\User_controller->validateUsername()
 4 SYSTEMPATH/CodeIgniter.php(499): CodeIgniter\CodeIgniter->runController(Object(App\Controllers\User_controller))
 5 SYSTEMPATH/CodeIgniter.php(368): CodeIgniter\CodeIgniter->handleRequest(null, Object(Config\Cache), false)
 6 FCPATH/index.php(67): CodeIgniter\CodeIgniter->run()
INFO - 2023-05-29 01:49:07 --> Session: Class initialized using 'CodeIgniter\Session\Handlers\FileHandler' driver.
CRITICAL - 2023-05-29 01:49:11 --> Undefined variable: username
in APPPATH/Controllers/User_controller.php on line 44.
 1 APPPATH/Controllers/User_controller.php(44): CodeIgniter\Debug\Exceptions->errorHandler(8, 'Undefined variable: username', '/Applications/MAMP/htdocs/adminfhm/app/Controllers/User_controller.php', 44, [])
 2 SYSTEMPATH/CodeIgniter.php(934): App\Controllers\User_controller->validateUsername()
 3 SYSTEMPATH/CodeIgniter.php(499): CodeIgniter\CodeIgniter->runController(Object(App\Controllers\User_controller))
 4 SYSTEMPATH/CodeIgniter.php(368): CodeIgniter\CodeIgniter->handleRequest(null, Object(Config\Cache), false)
 5 FCPATH/index.php(67): CodeIgniter\CodeIgniter->run()
CRITICAL - 2023-05-29 01:49:11 --> Undefined variable: username
in APPPATH/Controllers/User_controller.php on line 44.
 1 APPPATH/Controllers/User_controller.php(44): CodeIgniter\Debug\Exceptions->errorHandler(8, 'Undefined variable: username', '/Applications/MAMP/htdocs/adminfhm/app/Controllers/User_controller.php', 44, [])
 2 SYSTEMPATH/CodeIgniter.php(934): App\Controllers\User_controller->validateUsername()
 3 SYSTEMPATH/CodeIgniter.php(499): CodeIgniter\CodeIgniter->runController(Object(App\Controllers\User_controller))
 4 SYSTEMPATH/CodeIgniter.php(368): CodeIgniter\CodeIgniter->handleRequest(null, Object(Config\Cache), false)
 5 FCPATH/index.php(67): CodeIgniter\CodeIgniter->run()
CRITICAL - 2023-05-29 01:49:11 --> Undefined variable: username
in APPPATH/Controllers/User_controller.php on line 44.
 1 APPPATH/Controllers/User_controller.php(44): CodeIgniter\Debug\Exceptions->errorHandler(8, 'Undefined variable: username', '/Applications/MAMP/htdocs/adminfhm/app/Controllers/User_controller.php', 44, [])
 2 SYSTEMPATH/CodeIgniter.php(934): App\Controllers\User_controller->validateUsername()
 3 SYSTEMPATH/CodeIgniter.php(499): CodeIgniter\CodeIgniter->runController(Object(App\Controllers\User_controller))
 4 SYSTEMPATH/CodeIgniter.php(368): CodeIgniter\CodeIgniter->handleRequest(null, Object(Config\Cache), false)
 5 FCPATH/index.php(67): CodeIgniter\CodeIgniter->run()
CRITICAL - 2023-05-29 01:49:11 --> Undefined variable: username
in APPPATH/Controllers/User_controller.php on line 44.
 1 APPPATH/Controllers/User_controller.php(44): CodeIgniter\Debug\Exceptions->errorHandler(8, 'Undefined variable: username', '/Applications/MAMP/htdocs/adminfhm/app/Controllers/User_controller.php', 44, [])
 2 SYSTEMPATH/CodeIgniter.php(934): App\Controllers\User_controller->validateUsername()
 3 SYSTEMPATH/CodeIgniter.php(499): CodeIgniter\CodeIgniter->runController(Object(App\Controllers\User_controller))
 4 SYSTEMPATH/CodeIgniter.php(368): CodeIgniter\CodeIgniter->handleRequest(null, Object(Config\Cache), false)
 5 FCPATH/index.php(67): CodeIgniter\CodeIgniter->run()
CRITICAL - 2023-05-29 01:49:11 --> Undefined variable: username
in APPPATH/Controllers/User_controller.php on line 44.
 1 APPPATH/Controllers/User_controller.php(44): CodeIgniter\Debug\Exceptions->errorHandler(8, 'Undefined variable: username', '/Applications/MAMP/htdocs/adminfhm/app/Controllers/User_controller.php', 44, [])
 2 SYSTEMPATH/CodeIgniter.php(934): App\Controllers\User_controller->validateUsername()
 3 SYSTEMPATH/CodeIgniter.php(499): CodeIgniter\CodeIgniter->runController(Object(App\Controllers\User_controller))
 4 SYSTEMPATH/CodeIgniter.php(368): CodeIgniter\CodeIgniter->handleRequest(null, Object(Config\Cache), false)
 5 FCPATH/index.php(67): CodeIgniter\CodeIgniter->run()
INFO - 2023-05-29 01:57:56 --> Session: Class initialized using 'CodeIgniter\Session\Handlers\FileHandler' driver.
CRITICAL - 2023-05-29 01:58:13 --> Undefined variable: db
in APPPATH/Models/User_model.php on line 36.
 1 APPPATH/Models/User_model.php(36): CodeIgniter\Debug\Exceptions->errorHandler(8, 'Undefined variable: db', '/Applications/MAMP/htdocs/adminfhm/app/Models/User_model.php', 36, [...])
 2 APPPATH/Controllers/User_controller.php(47): App\Models\User_model->validateUsername(null)
 3 SYSTEMPATH/CodeIgniter.php(934): App\Controllers\User_controller->validateUsername()
 4 SYSTEMPATH/CodeIgniter.php(499): CodeIgniter\CodeIgniter->runController(Object(App\Controllers\User_controller))
 5 SYSTEMPATH/CodeIgniter.php(368): CodeIgniter\CodeIgniter->handleRequest(null, Object(Config\Cache), false)
 6 FCPATH/index.php(67): CodeIgniter\CodeIgniter->run()
CRITICAL - 2023-05-29 01:58:13 --> Undefined variable: db
in APPPATH/Models/User_model.php on line 36.
 1 APPPATH/Models/User_model.php(36): CodeIgniter\Debug\Exceptions->errorHandler(8, 'Undefined variable: db', '/Applications/MAMP/htdocs/adminfhm/app/Models/User_model.php', 36, [...])
 2 APPPATH/Controllers/User_controller.php(47): App\Models\User_model->validateUsername(null)
 3 SYSTEMPATH/CodeIgniter.php(934): App\Controllers\User_controller->validateUsername()
 4 SYSTEMPATH/CodeIgniter.php(499): CodeIgniter\CodeIgniter->runController(Object(App\Controllers\User_controller))
 5 SYSTEMPATH/CodeIgniter.php(368): CodeIgniter\CodeIgniter->handleRequest(null, Object(Config\Cache), false)
 6 FCPATH/index.php(67): CodeIgniter\CodeIgniter->run()
CRITICAL - 2023-05-29 01:58:15 --> Undefined variable: db
in APPPATH/Models/User_model.php on line 36.
 1 APPPATH/Models/User_model.php(36): CodeIgniter\Debug\Exceptions->errorHandler(8, 'Undefined variable: db', '/Applications/MAMP/htdocs/adminfhm/app/Models/User_model.php', 36, [...])
 2 APPPATH/Controllers/User_controller.php(47): App\Models\User_model->validateUsername(null)
 3 SYSTEMPATH/CodeIgniter.php(934): App\Controllers\User_controller->validateUsername()
 4 SYSTEMPATH/CodeIgniter.php(499): CodeIgniter\CodeIgniter->runController(Object(App\Controllers\User_controller))
 5 SYSTEMPATH/CodeIgniter.php(368): CodeIgniter\CodeIgniter->handleRequest(null, Object(Config\Cache), false)
 6 FCPATH/index.php(67): CodeIgniter\CodeIgniter->run()
CRITICAL - 2023-05-29 01:58:15 --> Undefined variable: db
in APPPATH/Models/User_model.php on line 36.
 1 APPPATH/Models/User_model.php(36): CodeIgniter\Debug\Exceptions->errorHandler(8, 'Undefined variable: db', '/Applications/MAMP/htdocs/adminfhm/app/Models/User_model.php', 36, [...])
 2 APPPATH/Controllers/User_controller.php(47): App\Models\User_model->validateUsername(null)
 3 SYSTEMPATH/CodeIgniter.php(934): App\Controllers\User_controller->validateUsername()
 4 SYSTEMPATH/CodeIgniter.php(499): CodeIgniter\CodeIgniter->runController(Object(App\Controllers\User_controller))
 5 SYSTEMPATH/CodeIgniter.php(368): CodeIgniter\CodeIgniter->handleRequest(null, Object(Config\Cache), false)
 6 FCPATH/index.php(67): CodeIgniter\CodeIgniter->run()
CRITICAL - 2023-05-29 01:58:15 --> Undefined variable: db
in APPPATH/Models/User_model.php on line 36.
 1 APPPATH/Models/User_model.php(36): CodeIgniter\Debug\Exceptions->errorHandler(8, 'Undefined variable: db', '/Applications/MAMP/htdocs/adminfhm/app/Models/User_model.php', 36, [...])
 2 APPPATH/Controllers/User_controller.php(47): App\Models\User_model->validateUsername(null)
 3 SYSTEMPATH/CodeIgniter.php(934): App\Controllers\User_controller->validateUsername()
 4 SYSTEMPATH/CodeIgniter.php(499): CodeIgniter\CodeIgniter->runController(Object(App\Controllers\User_controller))
 5 SYSTEMPATH/CodeIgniter.php(368): CodeIgniter\CodeIgniter->handleRequest(null, Object(Config\Cache), false)
 6 FCPATH/index.php(67): CodeIgniter\CodeIgniter->run()
CRITICAL - 2023-05-29 01:58:15 --> Undefined variable: db
in APPPATH/Models/User_model.php on line 36.
 1 APPPATH/Models/User_model.php(36): CodeIgniter\Debug\Exceptions->errorHandler(8, 'Undefined variable: db', '/Applications/MAMP/htdocs/adminfhm/app/Models/User_model.php', 36, [...])
 2 APPPATH/Controllers/User_controller.php(47): App\Models\User_model->validateUsername(null)
 3 SYSTEMPATH/CodeIgniter.php(934): App\Controllers\User_controller->validateUsername()
 4 SYSTEMPATH/CodeIgniter.php(499): CodeIgniter\CodeIgniter->runController(Object(App\Controllers\User_controller))
 5 SYSTEMPATH/CodeIgniter.php(368): CodeIgniter\CodeIgniter->handleRequest(null, Object(Config\Cache), false)
 6 FCPATH/index.php(67): CodeIgniter\CodeIgniter->run()
CRITICAL - 2023-05-29 01:58:16 --> Undefined variable: db
in APPPATH/Models/User_model.php on line 36.
 1 APPPATH/Models/User_model.php(36): CodeIgniter\Debug\Exceptions->errorHandler(8, 'Undefined variable: db', '/Applications/MAMP/htdocs/adminfhm/app/Models/User_model.php', 36, [...])
 2 APPPATH/Controllers/User_controller.php(47): App\Models\User_model->validateUsername(null)
 3 SYSTEMPATH/CodeIgniter.php(934): App\Controllers\User_controller->validateUsername()
 4 SYSTEMPATH/CodeIgniter.php(499): CodeIgniter\CodeIgniter->runController(Object(App\Controllers\User_controller))
 5 SYSTEMPATH/CodeIgniter.php(368): CodeIgniter\CodeIgniter->handleRequest(null, Object(Config\Cache), false)
 6 FCPATH/index.php(67): CodeIgniter\CodeIgniter->run()
CRITICAL - 2023-05-29 01:58:16 --> Undefined variable: db
in APPPATH/Models/User_model.php on line 36.
 1 APPPATH/Models/User_model.php(36): CodeIgniter\Debug\Exceptions->errorHandler(8, 'Undefined variable: db', '/Applications/MAMP/htdocs/adminfhm/app/Models/User_model.php', 36, [...])
 2 APPPATH/Controllers/User_controller.php(47): App\Models\User_model->validateUsername(null)
 3 SYSTEMPATH/CodeIgniter.php(934): App\Controllers\User_controller->validateUsername()
 4 SYSTEMPATH/CodeIgniter.php(499): CodeIgniter\CodeIgniter->runController(Object(App\Controllers\User_controller))
 5 SYSTEMPATH/CodeIgniter.php(368): CodeIgniter\CodeIgniter->handleRequest(null, Object(Config\Cache), false)
 6 FCPATH/index.php(67): CodeIgniter\CodeIgniter->run()
CRITICAL - 2023-05-29 01:58:16 --> Undefined variable: db
in APPPATH/Models/User_model.php on line 36.
 1 APPPATH/Models/User_model.php(36): CodeIgniter\Debug\Exceptions->errorHandler(8, 'Undefined variable: db', '/Applications/MAMP/htdocs/adminfhm/app/Models/User_model.php', 36, [...])
 2 APPPATH/Controllers/User_controller.php(47): App\Models\User_model->validateUsername(null)
 3 SYSTEMPATH/CodeIgniter.php(934): App\Controllers\User_controller->validateUsername()
 4 SYSTEMPATH/CodeIgniter.php(499): CodeIgniter\CodeIgniter->runController(Object(App\Controllers\User_controller))
 5 SYSTEMPATH/CodeIgniter.php(368): CodeIgniter\CodeIgniter->handleRequest(null, Object(Config\Cache), false)
 6 FCPATH/index.php(67): CodeIgniter\CodeIgniter->run()
CRITICAL - 2023-05-29 01:58:16 --> Undefined variable: db
in APPPATH/Models/User_model.php on line 36.
 1 APPPATH/Models/User_model.php(36): CodeIgniter\Debug\Exceptions->errorHandler(8, 'Undefined variable: db', '/Applications/MAMP/htdocs/adminfhm/app/Models/User_model.php', 36, [...])
 2 APPPATH/Controllers/User_controller.php(47): App\Models\User_model->validateUsername(null)
 3 SYSTEMPATH/CodeIgniter.php(934): App\Controllers\User_controller->validateUsername()
 4 SYSTEMPATH/CodeIgniter.php(499): CodeIgniter\CodeIgniter->runController(Object(App\Controllers\User_controller))
 5 SYSTEMPATH/CodeIgniter.php(368): CodeIgniter\CodeIgniter->handleRequest(null, Object(Config\Cache), false)
 6 FCPATH/index.php(67): CodeIgniter\CodeIgniter->run()
INFO - 2023-05-29 02:06:48 --> Session: Class initialized using 'CodeIgniter\Session\Handlers\FileHandler' driver.
INFO - 2023-05-29 02:06:50 --> Session: Class initialized using 'CodeIgniter\Session\Handlers\FileHandler' driver.
INFO - 2023-05-29 02:06:50 --> Session: Class initialized using 'CodeIgniter\Session\Handlers\FileHandler' driver.
INFO - 2023-05-29 02:06:51 --> Session: Class initialized using 'CodeIgniter\Session\Handlers\FileHandler' driver.
INFO - 2023-05-29 02:06:52 --> Session: Class initialized using 'CodeIgniter\Session\Handlers\FileHandler' driver.
INFO - 2023-05-29 02:06:52 --> Session: Class initialized using 'CodeIgniter\Session\Handlers\FileHandler' driver.
INFO - 2023-05-29 02:06:52 --> Session: Class initialized using 'CodeIgniter\Session\Handlers\FileHandler' driver.
INFO - 2023-05-29 02:06:52 --> Session: Class initialized using 'CodeIgniter\Session\Handlers\FileHandler' driver.
INFO - 2023-05-29 02:06:53 --> Session: Class initialized using 'CodeIgniter\Session\Handlers\FileHandler' driver.
INFO - 2023-05-29 02:06:53 --> Session: Class initialized using 'CodeIgniter\Session\Handlers\FileHandler' driver.
INFO - 2023-05-29 02:06:58 --> Session: Class initialized using 'CodeIgniter\Session\Handlers\FileHandler' driver.
INFO - 2023-05-29 02:07:09 --> Session: Class initialized using 'CodeIgniter\Session\Handlers\FileHandler' driver.
INFO - 2023-05-29 02:07:10 --> Session: Class initialized using 'CodeIgniter\Session\Handlers\FileHandler' driver.
INFO - 2023-05-29 02:07:10 --> Session: Class initialized using 'CodeIgniter\Session\Handlers\FileHandler' driver.
INFO - 2023-05-29 02:07:10 --> Session: Class initialized using 'CodeIgniter\Session\Handlers\FileHandler' driver.
INFO - 2023-05-29 02:07:10 --> Session: Class initialized using 'CodeIgniter\Session\Handlers\FileHandler' driver.
INFO - 2023-05-29 02:07:11 --> Session: Class initialized using 'CodeIgniter\Session\Handlers\FileHandler' driver.
INFO - 2023-05-29 02:07:11 --> Session: Class initialized using 'CodeIgniter\Session\Handlers\FileHandler' driver.
INFO - 2023-05-29 02:07:11 --> Session: Class initialized using 'CodeIgniter\Session\Handlers\FileHandler' driver.
INFO - 2023-05-29 02:07:12 --> Session: Class initialized using 'CodeIgniter\Session\Handlers\FileHandler' driver.
INFO - 2023-05-29 02:07:12 --> Session: Class initialized using 'CodeIgniter\Session\Handlers\FileHandler' driver.
INFO - 2023-05-29 02:07:33 --> Session: Class initialized using 'CodeIgniter\Session\Handlers\FileHandler' driver.
INFO - 2023-05-29 02:07:34 --> Session: Class initialized using 'CodeIgniter\Session\Handlers\FileHandler' driver.
INFO - 2023-05-29 02:07:35 --> Session: Class initialized using 'CodeIgniter\Session\Handlers\FileHandler' driver.
INFO - 2023-05-29 02:07:35 --> Session: Class initialized using 'CodeIgniter\Session\Handlers\FileHandler' driver.
INFO - 2023-05-29 02:07:35 --> Session: Class initialized using 'CodeIgniter\Session\Handlers\FileHandler' driver.
INFO - 2023-05-29 02:07:35 --> Session: Class initialized using 'CodeIgniter\Session\Handlers\FileHandler' driver.
INFO - 2023-05-29 02:07:36 --> Session: Class initialized using 'CodeIgniter\Session\Handlers\FileHandler' driver.
INFO - 2023-05-29 02:07:36 --> Session: Class initialized using 'CodeIgniter\Session\Handlers\FileHandler' driver.
INFO - 2023-05-29 02:07:36 --> Session: Class initialized using 'CodeIgniter\Session\Handlers\FileHandler' driver.
INFO - 2023-05-29 02:07:36 --> Session: Class initialized using 'CodeIgniter\Session\Handlers\FileHandler' driver.
INFO - 2023-05-29 02:07:36 --> Session: Class initialized using 'CodeIgniter\Session\Handlers\FileHandler' driver.
INFO - 2023-05-29 02:07:36 --> Session: Class initialized using 'CodeIgniter\Session\Handlers\FileHandler' driver.
INFO - 2023-05-29 02:07:36 --> Session: Class initialized using 'CodeIgniter\Session\Handlers\FileHandler' driver.
INFO - 2023-05-29 02:07:38 --> Session: Class initialized using 'CodeIgniter\Session\Handlers\FileHandler' driver.
INFO - 2023-05-29 02:07:38 --> Session: Class initialized using 'CodeIgniter\Session\Handlers\FileHandler' driver.
INFO - 2023-05-29 02:07:38 --> Session: Class initialized using 'CodeIgniter\Session\Handlers\FileHandler' driver.
INFO - 2023-05-29 02:30:36 --> Session: Class initialized using 'CodeIgniter\Session\Handlers\FileHandler' driver.
INFO - 2023-05-29 02:31:18 --> Session: Class initialized using 'CodeIgniter\Session\Handlers\FileHandler' driver.
INFO - 2023-05-29 02:31:20 --> Session: Class initialized using 'CodeIgniter\Session\Handlers\FileHandler' driver.
INFO - 2023-05-29 02:43:39 --> Session: Class initialized using 'CodeIgniter\Session\Handlers\FileHandler' driver.
INFO - 2023-05-29 02:44:45 --> Session: Class initialized using 'CodeIgniter\Session\Handlers\FileHandler' driver.
CRITICAL - 2023-05-29 02:44:49 --> Class 'App\Controllers\UserModel' not found
in APPPATH/Controllers/User_controller.php on line 43.
 1 SYSTEMPATH/CodeIgniter.php(934): App\Controllers\User_controller->validateUsername()
 2 SYSTEMPATH/CodeIgniter.php(499): CodeIgniter\CodeIgniter->runController(Object(App\Controllers\User_controller))
 3 SYSTEMPATH/CodeIgniter.php(368): CodeIgniter\CodeIgniter->handleRequest(null, Object(Config\Cache), false)
 4 FCPATH/index.php(67): CodeIgniter\CodeIgniter->run()
CRITICAL - 2023-05-29 02:44:49 --> Class 'App\Controllers\UserModel' not found
in APPPATH/Controllers/User_controller.php on line 43.
 1 SYSTEMPATH/CodeIgniter.php(934): App\Controllers\User_controller->validateUsername()
 2 SYSTEMPATH/CodeIgniter.php(499): CodeIgniter\CodeIgniter->runController(Object(App\Controllers\User_controller))
 3 SYSTEMPATH/CodeIgniter.php(368): CodeIgniter\CodeIgniter->handleRequest(null, Object(Config\Cache), false)
 4 FCPATH/index.php(67): CodeIgniter\CodeIgniter->run()
CRITICAL - 2023-05-29 02:44:49 --> Class 'App\Controllers\UserModel' not found
in APPPATH/Controllers/User_controller.php on line 43.
 1 SYSTEMPATH/CodeIgniter.php(934): App\Controllers\User_controller->validateUsername()
 2 SYSTEMPATH/CodeIgniter.php(499): CodeIgniter\CodeIgniter->runController(Object(App\Controllers\User_controller))
 3 SYSTEMPATH/CodeIgniter.php(368): CodeIgniter\CodeIgniter->handleRequest(null, Object(Config\Cache), false)
 4 FCPATH/index.php(67): CodeIgniter\CodeIgniter->run()
CRITICAL - 2023-05-29 02:44:49 --> Class 'App\Controllers\UserModel' not found
in APPPATH/Controllers/User_controller.php on line 43.
 1 SYSTEMPATH/CodeIgniter.php(934): App\Controllers\User_controller->validateUsername()
 2 SYSTEMPATH/CodeIgniter.php(499): CodeIgniter\CodeIgniter->runController(Object(App\Controllers\User_controller))
 3 SYSTEMPATH/CodeIgniter.php(368): CodeIgniter\CodeIgniter->handleRequest(null, Object(Config\Cache), false)
 4 FCPATH/index.php(67): CodeIgniter\CodeIgniter->run()
CRITICAL - 2023-05-29 02:44:49 --> Class 'App\Controllers\UserModel' not found
in APPPATH/Controllers/User_controller.php on line 43.
 1 SYSTEMPATH/CodeIgniter.php(934): App\Controllers\User_controller->validateUsername()
 2 SYSTEMPATH/CodeIgniter.php(499): CodeIgniter\CodeIgniter->runController(Object(App\Controllers\User_controller))
 3 SYSTEMPATH/CodeIgniter.php(368): CodeIgniter\CodeIgniter->handleRequest(null, Object(Config\Cache), false)
 4 FCPATH/index.php(67): CodeIgniter\CodeIgniter->run()
INFO - 2023-05-29 02:45:52 --> Session: Class initialized using 'CodeIgniter\Session\Handlers\FileHandler' driver.
CRITICAL - 2023-05-29 02:45:55 --> Class 'App\Controllers\UserModel' not found
in APPPATH/Controllers/User_controller.php on line 43.
 1 SYSTEMPATH/CodeIgniter.php(934): App\Controllers\User_controller->validateUsername()
 2 SYSTEMPATH/CodeIgniter.php(499): CodeIgniter\CodeIgniter->runController(Object(App\Controllers\User_controller))
 3 SYSTEMPATH/CodeIgniter.php(368): CodeIgniter\CodeIgniter->handleRequest(null, Object(Config\Cache), false)
 4 FCPATH/index.php(67): CodeIgniter\CodeIgniter->run()
CRITICAL - 2023-05-29 02:45:56 --> Class 'App\Controllers\UserModel' not found
in APPPATH/Controllers/User_controller.php on line 43.
 1 SYSTEMPATH/CodeIgniter.php(934): App\Controllers\User_controller->validateUsername()
 2 SYSTEMPATH/CodeIgniter.php(499): CodeIgniter\CodeIgniter->runController(Object(App\Controllers\User_controller))
 3 SYSTEMPATH/CodeIgniter.php(368): CodeIgniter\CodeIgniter->handleRequest(null, Object(Config\Cache), false)
 4 FCPATH/index.php(67): CodeIgniter\CodeIgniter->run()
CRITICAL - 2023-05-29 02:45:56 --> Class 'App\Controllers\UserModel' not found
in APPPATH/Controllers/User_controller.php on line 43.
 1 SYSTEMPATH/CodeIgniter.php(934): App\Controllers\User_controller->validateUsername()
 2 SYSTEMPATH/CodeIgniter.php(499): CodeIgniter\CodeIgniter->runController(Object(App\Controllers\User_controller))
 3 SYSTEMPATH/CodeIgniter.php(368): CodeIgniter\CodeIgniter->handleRequest(null, Object(Config\Cache), false)
 4 FCPATH/index.php(67): CodeIgniter\CodeIgniter->run()
CRITICAL - 2023-05-29 02:45:56 --> Class 'App\Controllers\UserModel' not found
in APPPATH/Controllers/User_controller.php on line 43.
 1 SYSTEMPATH/CodeIgniter.php(934): App\Controllers\User_controller->validateUsername()
 2 SYSTEMPATH/CodeIgniter.php(499): CodeIgniter\CodeIgniter->runController(Object(App\Controllers\User_controller))
 3 SYSTEMPATH/CodeIgniter.php(368): CodeIgniter\CodeIgniter->handleRequest(null, Object(Config\Cache), false)
 4 FCPATH/index.php(67): CodeIgniter\CodeIgniter->run()
CRITICAL - 2023-05-29 02:45:56 --> Class 'App\Controllers\UserModel' not found
in APPPATH/Controllers/User_controller.php on line 43.
 1 SYSTEMPATH/CodeIgniter.php(934): App\Controllers\User_controller->validateUsername()
 2 SYSTEMPATH/CodeIgniter.php(499): CodeIgniter\CodeIgniter->runController(Object(App\Controllers\User_controller))
 3 SYSTEMPATH/CodeIgniter.php(368): CodeIgniter\CodeIgniter->handleRequest(null, Object(Config\Cache), false)
 4 FCPATH/index.php(67): CodeIgniter\CodeIgniter->run()
INFO - 2023-05-29 02:46:21 --> Session: Class initialized using 'CodeIgniter\Session\Handlers\FileHandler' driver.
CRITICAL - 2023-05-29 02:46:23 --> Undefined variable: db
in APPPATH/Models/User_model.php on line 36.
 1 APPPATH/Models/User_model.php(36): CodeIgniter\Debug\Exceptions->errorHandler(8, 'Undefined variable: db', '/Applications/MAMP/htdocs/adminfhm/app/Models/User_model.php', 36, [...])
 2 APPPATH/Controllers/User_controller.php(44): App\Models\User_model->validateUsername('a')
 3 SYSTEMPATH/CodeIgniter.php(934): App\Controllers\User_controller->validateUsername()
 4 SYSTEMPATH/CodeIgniter.php(499): CodeIgniter\CodeIgniter->runController(Object(App\Controllers\User_controller))
 5 SYSTEMPATH/CodeIgniter.php(368): CodeIgniter\CodeIgniter->handleRequest(null, Object(Config\Cache), false)
 6 FCPATH/index.php(67): CodeIgniter\CodeIgniter->run()
CRITICAL - 2023-05-29 02:46:23 --> Undefined variable: db
in APPPATH/Models/User_model.php on line 36.
 1 APPPATH/Models/User_model.php(36): CodeIgniter\Debug\Exceptions->errorHandler(8, 'Undefined variable: db', '/Applications/MAMP/htdocs/adminfhm/app/Models/User_model.php', 36, [...])
 2 APPPATH/Controllers/User_controller.php(44): App\Models\User_model->validateUsername('ad')
 3 SYSTEMPATH/CodeIgniter.php(934): App\Controllers\User_controller->validateUsername()
 4 SYSTEMPATH/CodeIgniter.php(499): CodeIgniter\CodeIgniter->runController(Object(App\Controllers\User_controller))
 5 SYSTEMPATH/CodeIgniter.php(368): CodeIgniter\CodeIgniter->handleRequest(null, Object(Config\Cache), false)
 6 FCPATH/index.php(67): CodeIgniter\CodeIgniter->run()
CRITICAL - 2023-05-29 02:46:24 --> Undefined variable: db
in APPPATH/Models/User_model.php on line 36.
 1 APPPATH/Models/User_model.php(36): CodeIgniter\Debug\Exceptions->errorHandler(8, 'Undefined variable: db', '/Applications/MAMP/htdocs/adminfhm/app/Models/User_model.php', 36, [...])
 2 APPPATH/Controllers/User_controller.php(44): App\Models\User_model->validateUsername('adm')
 3 SYSTEMPATH/CodeIgniter.php(934): App\Controllers\User_controller->validateUsername()
 4 SYSTEMPATH/CodeIgniter.php(499): CodeIgniter\CodeIgniter->runController(Object(App\Controllers\User_controller))
 5 SYSTEMPATH/CodeIgniter.php(368): CodeIgniter\CodeIgniter->handleRequest(null, Object(Config\Cache), false)
 6 FCPATH/index.php(67): CodeIgniter\CodeIgniter->run()
CRITICAL - 2023-05-29 02:46:24 --> Undefined variable: db
in APPPATH/Models/User_model.php on line 36.
 1 APPPATH/Models/User_model.php(36): CodeIgniter\Debug\Exceptions->errorHandler(8, 'Undefined variable: db', '/Applications/MAMP/htdocs/adminfhm/app/Models/User_model.php', 36, [...])
 2 APPPATH/Controllers/User_controller.php(44): App\Models\User_model->validateUsername('admi')
 3 SYSTEMPATH/CodeIgniter.php(934): App\Controllers\User_controller->validateUsername()
 4 SYSTEMPATH/CodeIgniter.php(499): CodeIgniter\CodeIgniter->runController(Object(App\Controllers\User_controller))
 5 SYSTEMPATH/CodeIgniter.php(368): CodeIgniter\CodeIgniter->handleRequest(null, Object(Config\Cache), false)
 6 FCPATH/index.php(67): CodeIgniter\CodeIgniter->run()
CRITICAL - 2023-05-29 02:46:24 --> Undefined variable: db
in APPPATH/Models/User_model.php on line 36.
 1 APPPATH/Models/User_model.php(36): CodeIgniter\Debug\Exceptions->errorHandler(8, 'Undefined variable: db', '/Applications/MAMP/htdocs/adminfhm/app/Models/User_model.php', 36, [...])
 2 APPPATH/Controllers/User_controller.php(44): App\Models\User_model->validateUsername('admin')
 3 SYSTEMPATH/CodeIgniter.php(934): App\Controllers\User_controller->validateUsername()
 4 SYSTEMPATH/CodeIgniter.php(499): CodeIgniter\CodeIgniter->runController(Object(App\Controllers\User_controller))
 5 SYSTEMPATH/CodeIgniter.php(368): CodeIgniter\CodeIgniter->handleRequest(null, Object(Config\Cache), false)
 6 FCPATH/index.php(67): CodeIgniter\CodeIgniter->run()
INFO - 2023-05-29 02:47:45 --> Session: Class initialized using 'CodeIgniter\Session\Handlers\FileHandler' driver.
INFO - 2023-05-29 02:48:16 --> Session: Class initialized using 'CodeIgniter\Session\Handlers\FileHandler' driver.
INFO - 2023-05-29 02:48:25 --> Session: Class initialized using 'CodeIgniter\Session\Handlers\FileHandler' driver.
INFO - 2023-05-29 02:48:26 --> Session: Class initialized using 'CodeIgniter\Session\Handlers\FileHandler' driver.
INFO - 2023-05-29 02:49:51 --> Session: Class initialized using 'CodeIgniter\Session\Handlers\FileHandler' driver.
INFO - 2023-05-29 02:52:41 --> Session: Class initialized using 'CodeIgniter\Session\Handlers\FileHandler' driver.
INFO - 2023-05-29 02:53:46 --> Session: Class initialized using 'CodeIgniter\Session\Handlers\FileHandler' driver.
INFO - 2023-05-29 02:56:58 --> Session: Class initialized using 'CodeIgniter\Session\Handlers\FileHandler' driver.
INFO - 2023-05-29 02:57:08 --> Session: Class initialized using 'CodeIgniter\Session\Handlers\FileHandler' driver.
INFO - 2023-05-29 02:57:42 --> Session: Class initialized using 'CodeIgniter\Session\Handlers\FileHandler' driver.
INFO - 2023-05-29 02:57:56 --> Session: Class initialized using 'CodeIgniter\Session\Handlers\FileHandler' driver.
INFO - 2023-05-29 02:58:39 --> Session: Class initialized using 'CodeIgniter\Session\Handlers\FileHandler' driver.
INFO - 2023-05-29 03:10:44 --> Session: Class initialized using 'CodeIgniter\Session\Handlers\FileHandler' driver.
INFO - 2023-05-29 03:12:34 --> Session: Class initialized using 'CodeIgniter\Session\Handlers\FileHandler' driver.
INFO - 2023-05-29 03:14:04 --> Session: Class initialized using 'CodeIgniter\Session\Handlers\FileHandler' driver.
INFO - 2023-05-29 03:15:07 --> Session: Class initialized using 'CodeIgniter\Session\Handlers\FileHandler' driver.
CRITICAL - 2023-05-29 11:17:28 --> Undefined variable: encrypter
in APPPATH/Models/User_model.php on line 43.
 1 APPPATH/Models/User_model.php(43): CodeIgniter\Debug\Exceptions->errorHandler(8, 'Undefined variable: encrypter', '/Applications/MAMP/htdocs/adminfhm/app/Models/User_model.php', 43, [...])
 2 APPPATH/Controllers/User_controller.php(59): App\Models\User_model->registerUser()
 3 SYSTEMPATH/CodeIgniter.php(934): App\Controllers\User_controller->registerUser()
 4 SYSTEMPATH/CodeIgniter.php(499): CodeIgniter\CodeIgniter->runController(Object(App\Controllers\User_controller))
 5 SYSTEMPATH/CodeIgniter.php(368): CodeIgniter\CodeIgniter->handleRequest(null, Object(Config\Cache), false)
 6 FCPATH/index.php(67): CodeIgniter\CodeIgniter->run()
INFO - 2023-05-29 03:17:31 --> Session: Class initialized using 'CodeIgniter\Session\Handlers\FileHandler' driver.
CRITICAL - 2023-05-29 11:18:36 --> Undefined variable: encrypter
in APPPATH/Models/User_model.php on line 43.
 1 APPPATH/Models/User_model.php(43): CodeIgniter\Debug\Exceptions->errorHandler(8, 'Undefined variable: encrypter', '/Applications/MAMP/htdocs/adminfhm/app/Models/User_model.php', 43, [...])
 2 APPPATH/Controllers/User_controller.php(59): App\Models\User_model->registerUser()
 3 SYSTEMPATH/CodeIgniter.php(934): App\Controllers\User_controller->registerUser()
 4 SYSTEMPATH/CodeIgniter.php(499): CodeIgniter\CodeIgniter->runController(Object(App\Controllers\User_controller))
 5 SYSTEMPATH/CodeIgniter.php(368): CodeIgniter\CodeIgniter->handleRequest(null, Object(Config\Cache), false)
 6 FCPATH/index.php(67): CodeIgniter\CodeIgniter->run()
CRITICAL - 2023-05-29 11:19:10 --> Argument 2 passed to CodeIgniter\Database\BaseBuilder::insert() must be of the type bool or null, array given, called in /Applications/MAMP/htdocs/adminfhm/app/Models/User_model.php on line 53
in SYSTEMPATH/Database/BaseBuilder.php on line 2285.
 1 APPPATH/Models/User_model.php(53): CodeIgniter\Database\BaseBuilder->insert('tbl_user', [...])
 2 APPPATH/Controllers/User_controller.php(59): App\Models\User_model->registerUser()
 3 SYSTEMPATH/CodeIgniter.php(934): App\Controllers\User_controller->registerUser()
 4 SYSTEMPATH/CodeIgniter.php(499): CodeIgniter\CodeIgniter->runController(Object(App\Controllers\User_controller))
 5 SYSTEMPATH/CodeIgniter.php(368): CodeIgniter\CodeIgniter->handleRequest(null, Object(Config\Cache), false)
 6 FCPATH/index.php(67): CodeIgniter\CodeIgniter->run()
INFO - 2023-05-29 03:24:05 --> Session: Class initialized using 'CodeIgniter\Session\Handlers\FileHandler' driver.
INFO - 2023-05-29 05:27:00 --> Session: Class initialized using 'CodeIgniter\Session\Handlers\FileHandler' driver.
CRITICAL - 2023-05-29 05:27:10 --> Undefined variable: usrmdl
in APPPATH/Controllers/User_controller.php on line 24.
 1 APPPATH/Controllers/User_controller.php(24): CodeIgniter\Debug\Exceptions->errorHandler(8, 'Undefined variable: usrmdl', '/Applications/MAMP/htdocs/adminfhm/app/Controllers/User_controller.php', 24, [...])
 2 SYSTEMPATH/CodeIgniter.php(934): App\Controllers\User_controller->usermanagement()
 3 SYSTEMPATH/CodeIgniter.php(499): CodeIgniter\CodeIgniter->runController(Object(App\Controllers\User_controller))
 4 SYSTEMPATH/CodeIgniter.php(368): CodeIgniter\CodeIgniter->handleRequest(null, Object(Config\Cache), false)
 5 FCPATH/index.php(67): CodeIgniter\CodeIgniter->run()
ERROR - 2023-05-29 05:27:52 --> mysqli_sql_exception: Column 'status' in where clause is ambiguous in /Applications/MAMP/htdocs/adminfhm/system/Database/mysqli/Connection.php:295
Stack trace:
#0 /Applications/MAMP/htdocs/adminfhm/system/Database/mysqli/Connection.php(295): mysqli->query('select * \n     ...', 0)
#1 /Applications/MAMP/htdocs/adminfhm/system/Database/BaseConnection.php(692): CodeIgniter\Database\MySQLi\Connection->execute('select * \n     ...')
#2 /Applications/MAMP/htdocs/adminfhm/system/Database/BaseConnection.php(606): CodeIgniter\Database\BaseConnection->simpleQuery('select * \n     ...')
#3 /Applications/MAMP/htdocs/adminfhm/app/Models/User_model.php(44): CodeIgniter\Database\BaseConnection->query('select * \n     ...')
#4 /Applications/MAMP/htdocs/adminfhm/app/Controllers/User_controller.php(25): App\Models\User_model->viewaInactiveUser()
#5 /Applications/MAMP/htdocs/adminfhm/system/CodeIgniter.php(934): App\Controllers\User_controller->usermanagement()
#6 /Applications/MAMP/htdocs/adminfhm/system/CodeIgniter.php(499): CodeIgniter\CodeIgniter->runController(Object(App\Controllers\User_controller))
#7 /Applications/MAMP/htdocs/adminfhm/system/CodeIgniter.php(368): CodeIgniter\CodeIgniter->handleRequest(NULL, Object(Config\Cache), false)
#8 /Applications/MAMP/htdocs/adminfhm/index.php(67): CodeIgniter\CodeIgniter->run()
#9 {main}
CRITICAL - 2023-05-29 05:27:52 --> Column 'status' in where clause is ambiguous
in SYSTEMPATH/Database/mysqli/Connection.php on line 295.
 1 SYSTEMPATH/Database/mysqli/Connection.php(295): mysqli->query('select * 
        from tbl_user as tu,tbl_user_group as tug
        where status = \'active\' 
        and tu.user_group_id = tug.user_group_id', 0)
 2 SYSTEMPATH/Database/BaseConnection.php(692): CodeIgniter\Database\MySQLi\Connection->execute('select * 
        from tbl_user as tu,tbl_user_group as tug
        where status = \'active\' 
        and tu.user_group_id = tug.user_group_id')
 3 SYSTEMPATH/Database/BaseConnection.php(606): CodeIgniter\Database\BaseConnection->simpleQuery('select * 
        from tbl_user as tu,tbl_user_group as tug
        where status = \'active\' 
        and tu.user_group_id = tug.user_group_id')
 4 APPPATH/Models/User_model.php(44): CodeIgniter\Database\BaseConnection->query('select * 
        from tbl_user as tu,tbl_user_group as tug
        where status = \'active\' 
        and tu.user_group_id = tug.user_group_id')
 5 APPPATH/Controllers/User_controller.php(25): App\Models\User_model->viewaInactiveUser()
 6 SYSTEMPATH/CodeIgniter.php(934): App\Controllers\User_controller->usermanagement()
 7 SYSTEMPATH/CodeIgniter.php(499): CodeIgniter\CodeIgniter->runController(Object(App\Controllers\User_controller))
 8 SYSTEMPATH/CodeIgniter.php(368): CodeIgniter\CodeIgniter->handleRequest(null, Object(Config\Cache), false)
 9 FCPATH/index.php(67): CodeIgniter\CodeIgniter->run()
ERROR - 2023-05-29 05:28:50 --> mysqli_sql_exception: Column 'status' in where clause is ambiguous in /Applications/MAMP/htdocs/adminfhm/system/Database/mysqli/Connection.php:295
Stack trace:
#0 /Applications/MAMP/htdocs/adminfhm/system/Database/mysqli/Connection.php(295): mysqli->query('select * \n     ...', 0)
#1 /Applications/MAMP/htdocs/adminfhm/system/Database/BaseConnection.php(692): CodeIgniter\Database\MySQLi\Connection->execute('select * \n     ...')
#2 /Applications/MAMP/htdocs/adminfhm/system/Database/BaseConnection.php(606): CodeIgniter\Database\BaseConnection->simpleQuery('select * \n     ...')
#3 /Applications/MAMP/htdocs/adminfhm/app/Models/User_model.php(44): CodeIgniter\Database\BaseConnection->query('select * \n     ...')
#4 /Applications/MAMP/htdocs/adminfhm/app/Controllers/User_controller.php(25): App\Models\User_model->viewaInactiveUser()
#5 /Applications/MAMP/htdocs/adminfhm/system/CodeIgniter.php(934): App\Controllers\User_controller->usermanagement()
#6 /Applications/MAMP/htdocs/adminfhm/system/CodeIgniter.php(499): CodeIgniter\CodeIgniter->runController(Object(App\Controllers\User_controller))
#7 /Applications/MAMP/htdocs/adminfhm/system/CodeIgniter.php(368): CodeIgniter\CodeIgniter->handleRequest(NULL, Object(Config\Cache), false)
#8 /Applications/MAMP/htdocs/adminfhm/index.php(67): CodeIgniter\CodeIgniter->run()
#9 {main}
CRITICAL - 2023-05-29 05:28:50 --> Column 'status' in where clause is ambiguous
in SYSTEMPATH/Database/mysqli/Connection.php on line 295.
 1 SYSTEMPATH/Database/mysqli/Connection.php(295): mysqli->query('select * 
        from tbl_user as tu,tbl_user_group as tug
        where status = \'active\' 
        and tu.user_group_id = tug.user_group_id', 0)
 2 SYSTEMPATH/Database/BaseConnection.php(692): CodeIgniter\Database\MySQLi\Connection->execute('select * 
        from tbl_user as tu,tbl_user_group as tug
        where status = \'active\' 
        and tu.user_group_id = tug.user_group_id')
 3 SYSTEMPATH/Database/BaseConnection.php(606): CodeIgniter\Database\BaseConnection->simpleQuery('select * 
        from tbl_user as tu,tbl_user_group as tug
        where status = \'active\' 
        and tu.user_group_id = tug.user_group_id')
 4 APPPATH/Models/User_model.php(44): CodeIgniter\Database\BaseConnection->query('select * 
        from tbl_user as tu,tbl_user_group as tug
        where status = \'active\' 
        and tu.user_group_id = tug.user_group_id')
 5 APPPATH/Controllers/User_controller.php(25): App\Models\User_model->viewaInactiveUser()
 6 SYSTEMPATH/CodeIgniter.php(934): App\Controllers\User_controller->usermanagement()
 7 SYSTEMPATH/CodeIgniter.php(499): CodeIgniter\CodeIgniter->runController(Object(App\Controllers\User_controller))
 8 SYSTEMPATH/CodeIgniter.php(368): CodeIgniter\CodeIgniter->handleRequest(null, Object(Config\Cache), false)
 9 FCPATH/index.php(67): CodeIgniter\CodeIgniter->run()
ERROR - 2023-05-29 05:29:22 --> mysqli_sql_exception: You have an error in your SQL syntax; check the manual that corresponds to your MySQL server version for the right syntax to use near 'sselect tu.user_id, tu.user_group_id, tu.username, tu.name as nameuser, tu.statu' at line 1 in /Applications/MAMP/htdocs/adminfhm/system/Database/mysqli/Connection.php:295
Stack trace:
#0 /Applications/MAMP/htdocs/adminfhm/system/Database/mysqli/Connection.php(295): mysqli->query('sselect tu.user...', 0)
#1 /Applications/MAMP/htdocs/adminfhm/system/Database/BaseConnection.php(692): CodeIgniter\Database\MySQLi\Connection->execute('sselect tu.user...')
#2 /Applications/MAMP/htdocs/adminfhm/system/Database/BaseConnection.php(606): CodeIgniter\Database\BaseConnection->simpleQuery('sselect tu.user...')
#3 /Applications/MAMP/htdocs/adminfhm/app/Models/User_model.php(44): CodeIgniter\Database\BaseConnection->query('sselect tu.user...')
#4 /Applications/MAMP/htdocs/adminfhm/app/Controllers/User_controller.php(25): App\Models\User_model->viewaInactiveUser()
#5 /Applications/MAMP/htdocs/adminfhm/system/CodeIgniter.php(934): App\Controllers\User_controller->usermanagement()
#6 /Applications/MAMP/htdocs/adminfhm/system/CodeIgniter.php(499): CodeIgniter\CodeIgniter->runController(Object(App\Controllers\User_controller))
#7 /Applications/MAMP/htdocs/adminfhm/system/CodeIgniter.php(368): CodeIgniter\CodeIgniter->handleRequest(NULL, Object(Config\Cache), false)
#8 /Applications/MAMP/htdocs/adminfhm/index.php(67): CodeIgniter\CodeIgniter->run()
#9 {main}
CRITICAL - 2023-05-29 05:29:22 --> You have an error in your SQL syntax; check the manual that corresponds to your MySQL server version for the right syntax to use near 'sselect tu.user_id, tu.user_group_id, tu.username, tu.name as nameuser, tu.statu' at line 1
in SYSTEMPATH/Database/mysqli/Connection.php on line 295.
 1 SYSTEMPATH/Database/mysqli/Connection.php(295): mysqli->query('sselect tu.user_id, tu.user_group_id, tu.username, tu.name as nameuser, tu.status as tustatus, tug.name as groupname, tu.added_by as added
        from tbl_user as tu, tbl_user_group as tug
        where tu.user_group_id = tug.user_group_id
        and tu.status = \'inactive\'', 0)
 2 SYSTEMPATH/Database/BaseConnection.php(692): CodeIgniter\Database\MySQLi\Connection->execute('sselect tu.user_id, tu.user_group_id, tu.username, tu.name as nameuser, tu.status as tustatus, tug.name as groupname, tu.added_by as added
        from tbl_user as tu, tbl_user_group as tug
        where tu.user_group_id = tug.user_group_id
        and tu.status = \'inactive\'')
 3 SYSTEMPATH/Database/BaseConnection.php(606): CodeIgniter\Database\BaseConnection->simpleQuery('sselect tu.user_id, tu.user_group_id, tu.username, tu.name as nameuser, tu.status as tustatus, tug.name as groupname, tu.added_by as added
        from tbl_user as tu, tbl_user_group as tug
        where tu.user_group_id = tug.user_group_id
        and tu.status = \'inactive\'')
 4 APPPATH/Models/User_model.php(44): CodeIgniter\Database\BaseConnection->query('sselect tu.user_id, tu.user_group_id, tu.username, tu.name as nameuser, tu.status as tustatus, tug.name as groupname, tu.added_by as added
        from tbl_user as tu, tbl_user_group as tug
        where tu.user_group_id = tug.user_group_id
        and tu.status = \'inactive\'')
 5 APPPATH/Controllers/User_controller.php(25): App\Models\User_model->viewaInactiveUser()
 6 SYSTEMPATH/CodeIgniter.php(934): App\Controllers\User_controller->usermanagement()
 7 SYSTEMPATH/CodeIgniter.php(499): CodeIgniter\CodeIgniter->runController(Object(App\Controllers\User_controller))
 8 SYSTEMPATH/CodeIgniter.php(368): CodeIgniter\CodeIgniter->handleRequest(null, Object(Config\Cache), false)
 9 FCPATH/index.php(67): CodeIgniter\CodeIgniter->run()
INFO - 2023-05-29 05:29:28 --> Session: Class initialized using 'CodeIgniter\Session\Handlers\FileHandler' driver.
CRITICAL - 2023-05-29 05:29:28 --> Undefined index: status
in APPPATH/Views/users/usermanagement.php on line 168.
 1 APPPATH/Views/users/usermanagement.php(168): CodeIgniter\Debug\Exceptions->errorHandler(8, 'Undefined index: status', '/Applications/MAMP/htdocs/adminfhm/app/Views/users/usermanagement.php', 168, [...])
 2 SYSTEMPATH/View/View.php(213): include('/Applications/MAMP/htdocs/adminfhm/app/Views/users/usermanagement.php')
 3 SYSTEMPATH/View/View.php(216): CodeIgniter\View\View->CodeIgniter\View\{closure}()
 4 SYSTEMPATH/Common.php(1184): CodeIgniter\View\View->render('users/usermanagement', [], true)
 5 APPPATH/Controllers/User_controller.php(32): view('users/usermanagement', [...])
 6 SYSTEMPATH/CodeIgniter.php(934): App\Controllers\User_controller->usermanagement()
 7 SYSTEMPATH/CodeIgniter.php(499): CodeIgniter\CodeIgniter->runController(Object(App\Controllers\User_controller))
 8 SYSTEMPATH/CodeIgniter.php(368): CodeIgniter\CodeIgniter->handleRequest(null, Object(Config\Cache), false)
 9 FCPATH/index.php(67): CodeIgniter\CodeIgniter->run()
INFO - 2023-05-29 05:29:55 --> Session: Class initialized using 'CodeIgniter\Session\Handlers\FileHandler' driver.
INFO - 2023-05-29 05:30:44 --> Session: Class initialized using 'CodeIgniter\Session\Handlers\FileHandler' driver.
CRITICAL - 2023-05-29 05:30:44 --> Undefined variable: result
in APPPATH/Views/users/usermanagement.php on line 168.
 1 APPPATH/Views/users/usermanagement.php(168): CodeIgniter\Debug\Exceptions->errorHandler(8, 'Undefined variable: result', '/Applications/MAMP/htdocs/adminfhm/app/Views/users/usermanagement.php', 168, [...])
 2 SYSTEMPATH/View/View.php(213): include('/Applications/MAMP/htdocs/adminfhm/app/Views/users/usermanagement.php')
 3 SYSTEMPATH/View/View.php(216): CodeIgniter\View\View->CodeIgniter\View\{closure}()
 4 SYSTEMPATH/Common.php(1184): CodeIgniter\View\View->render('users/usermanagement', [], true)
 5 APPPATH/Controllers/User_controller.php(32): view('users/usermanagement', [...])
 6 SYSTEMPATH/CodeIgniter.php(934): App\Controllers\User_controller->usermanagement()
 7 SYSTEMPATH/CodeIgniter.php(499): CodeIgniter\CodeIgniter->runController(Object(App\Controllers\User_controller))
 8 SYSTEMPATH/CodeIgniter.php(368): CodeIgniter\CodeIgniter->handleRequest(null, Object(Config\Cache), false)
 9 FCPATH/index.php(67): CodeIgniter\CodeIgniter->run()
INFO - 2023-05-29 05:30:55 --> Session: Class initialized using 'CodeIgniter\Session\Handlers\FileHandler' driver.
INFO - 2023-05-29 05:31:31 --> Session: Class initialized using 'CodeIgniter\Session\Handlers\FileHandler' driver.
INFO - 2023-05-29 05:33:28 --> Session: Class initialized using 'CodeIgniter\Session\Handlers\FileHandler' driver.
INFO - 2023-05-29 05:35:31 --> Session: Class initialized using 'CodeIgniter\Session\Handlers\FileHandler' driver.
INFO - 2023-05-29 05:42:28 --> Session: Class initialized using 'CodeIgniter\Session\Handlers\FileHandler' driver.
ERROR - 2023-05-29 05:42:28 --> mysqli_sql_exception: You have an error in your SQL syntax; check the manual that corresponds to your MySQL server version for the right syntax to use near 'limit 1' at line 4 in /Applications/MAMP/htdocs/adminfhm/system/Database/mysqli/Connection.php:295
Stack trace:
#0 /Applications/MAMP/htdocs/adminfhm/system/Database/mysqli/Connection.php(295): mysqli->query('select name \n  ...', 0)
#1 /Applications/MAMP/htdocs/adminfhm/system/Database/BaseConnection.php(692): CodeIgniter\Database\MySQLi\Connection->execute('select name \n  ...')
#2 /Applications/MAMP/htdocs/adminfhm/system/Database/BaseConnection.php(606): CodeIgniter\Database\BaseConnection->simpleQuery('select name \n  ...')
#3 /Applications/MAMP/htdocs/adminfhm/app/Models/User_model.php(38): CodeIgniter\Database\BaseConnection->query('select name \n  ...')
#4 /Applications/MAMP/htdocs/adminfhm/app/Views/users/usermanagement.php(169): App\Models\User_model->getadder(NULL)
#5 /Applications/MAMP/htdocs/adminfhm/system/View/View.php(213): include('/Applications/M...')
#6 /Applications/MAMP/htdocs/adminfhm/system/View/View.php(216): CodeIgniter\View\View->CodeIgniter\View\{closure}()
#7 /Applications/MAMP/htdocs/adminfhm/system/Common.php(1184): CodeIgniter\View\View->render('users/usermanag...', Array, true)
#8 /Applications/MAMP/htdocs/adminfhm/app/Controllers/User_controller.php(32): view('users/usermanag...', Array)
#9 /Applications/MAMP/htdocs/adminfhm/system/CodeIgniter.php(934): App\Controllers\User_controller->usermanagement()
#10 /Applications/MAMP/htdocs/adminfhm/system/CodeIgniter.php(499): CodeIgniter\CodeIgniter->runController(Object(App\Controllers\User_controller))
#11 /Applications/MAMP/htdocs/adminfhm/system/CodeIgniter.php(368): CodeIgniter\CodeIgniter->handleRequest(NULL, Object(Config\Cache), false)
#12 /Applications/MAMP/htdocs/adminfhm/index.php(67): CodeIgniter\CodeIgniter->run()
#13 {main}
CRITICAL - 2023-05-29 05:42:28 --> You have an error in your SQL syntax; check the manual that corresponds to your MySQL server version for the right syntax to use near 'limit 1' at line 4
in SYSTEMPATH/Database/mysqli/Connection.php on line 295.
 1 SYSTEMPATH/Database/mysqli/Connection.php(295): mysqli->query('select name 
        from tbl_user
        where user_id = 
        limit 1', 0)
 2 SYSTEMPATH/Database/BaseConnection.php(692): CodeIgniter\Database\MySQLi\Connection->execute('select name 
        from tbl_user
        where user_id = 
        limit 1')
 3 SYSTEMPATH/Database/BaseConnection.php(606): CodeIgniter\Database\BaseConnection->simpleQuery('select name 
        from tbl_user
        where user_id = 
        limit 1')
 4 APPPATH/Models/User_model.php(38): CodeIgniter\Database\BaseConnection->query('select name 
        from tbl_user
        where user_id = 
        limit 1')
 5 APPPATH/Views/users/usermanagement.php(169): App\Models\User_model->getadder(null)
 6 SYSTEMPATH/View/View.php(213): include('/Applications/MAMP/htdocs/adminfhm/app/Views/users/usermanagement.php')
 7 SYSTEMPATH/View/View.php(216): CodeIgniter\View\View->CodeIgniter\View\{closure}()
 8 SYSTEMPATH/Common.php(1184): CodeIgniter\View\View->render('users/usermanagement', [], true)
 9 APPPATH/Controllers/User_controller.php(32): view('users/usermanagement', [...])
10 SYSTEMPATH/CodeIgniter.php(934): App\Controllers\User_controller->usermanagement()
11 SYSTEMPATH/CodeIgniter.php(499): CodeIgniter\CodeIgniter->runController(Object(App\Controllers\User_controller))
12 SYSTEMPATH/CodeIgniter.php(368): CodeIgniter\CodeIgniter->handleRequest(null, Object(Config\Cache), false)
13 FCPATH/index.php(67): CodeIgniter\CodeIgniter->run()
INFO - 2023-05-29 05:43:59 --> Session: Class initialized using 'CodeIgniter\Session\Handlers\FileHandler' driver.
ERROR - 2023-05-29 05:43:59 --> mysqli_sql_exception: You have an error in your SQL syntax; check the manual that corresponds to your MySQL server version for the right syntax to use near '' at line 3 in /Applications/MAMP/htdocs/adminfhm/system/Database/mysqli/Connection.php:295
Stack trace:
#0 /Applications/MAMP/htdocs/adminfhm/system/Database/mysqli/Connection.php(295): mysqli->query('select name \n  ...', 0)
#1 /Applications/MAMP/htdocs/adminfhm/system/Database/BaseConnection.php(692): CodeIgniter\Database\MySQLi\Connection->execute('select name \n  ...')
#2 /Applications/MAMP/htdocs/adminfhm/system/Database/BaseConnection.php(606): CodeIgniter\Database\BaseConnection->simpleQuery('select name \n  ...')
#3 /Applications/MAMP/htdocs/adminfhm/app/Models/User_model.php(38): CodeIgniter\Database\BaseConnection->query('select name \n  ...')
#4 /Applications/MAMP/htdocs/adminfhm/app/Views/users/usermanagement.php(161): App\Models\User_model->getadder(NULL)
#5 /Applications/MAMP/htdocs/adminfhm/system/View/View.php(213): include('/Applications/M...')
#6 /Applications/MAMP/htdocs/adminfhm/system/View/View.php(216): CodeIgniter\View\View->CodeIgniter\View\{closure}()
#7 /Applications/MAMP/htdocs/adminfhm/system/Common.php(1184): CodeIgniter\View\View->render('users/usermanag...', Array, true)
#8 /Applications/MAMP/htdocs/adminfhm/app/Controllers/User_controller.php(32): view('users/usermanag...', Array)
#9 /Applications/MAMP/htdocs/adminfhm/system/CodeIgniter.php(934): App\Controllers\User_controller->usermanagement()
#10 /Applications/MAMP/htdocs/adminfhm/system/CodeIgniter.php(499): CodeIgniter\CodeIgniter->runController(Object(App\Controllers\User_controller))
#11 /Applications/MAMP/htdocs/adminfhm/system/CodeIgniter.php(368): CodeIgniter\CodeIgniter->handleRequest(NULL, Object(Config\Cache), false)
#12 /Applications/MAMP/htdocs/adminfhm/index.php(67): CodeIgniter\CodeIgniter->run()
#13 {main}
CRITICAL - 2023-05-29 05:43:59 --> You have an error in your SQL syntax; check the manual that corresponds to your MySQL server version for the right syntax to use near '' at line 3
in SYSTEMPATH/Database/mysqli/Connection.php on line 295.
 1 SYSTEMPATH/Database/mysqli/Connection.php(295): mysqli->query('select name 
        from tbl_user
        where user_id = ', 0)
 2 SYSTEMPATH/Database/BaseConnection.php(692): CodeIgniter\Database\MySQLi\Connection->execute('select name 
        from tbl_user
        where user_id = ')
 3 SYSTEMPATH/Database/BaseConnection.php(606): CodeIgniter\Database\BaseConnection->simpleQuery('select name 
        from tbl_user
        where user_id = ')
 4 APPPATH/Models/User_model.php(38): CodeIgniter\Database\BaseConnection->query('select name 
        from tbl_user
        where user_id = ')
 5 APPPATH/Views/users/usermanagement.php(161): App\Models\User_model->getadder(null)
 6 SYSTEMPATH/View/View.php(213): include('/Applications/MAMP/htdocs/adminfhm/app/Views/users/usermanagement.php')
 7 SYSTEMPATH/View/View.php(216): CodeIgniter\View\View->CodeIgniter\View\{closure}()
 8 SYSTEMPATH/Common.php(1184): CodeIgniter\View\View->render('users/usermanagement', [], true)
 9 APPPATH/Controllers/User_controller.php(32): view('users/usermanagement', [...])
10 SYSTEMPATH/CodeIgniter.php(934): App\Controllers\User_controller->usermanagement()
11 SYSTEMPATH/CodeIgniter.php(499): CodeIgniter\CodeIgniter->runController(Object(App\Controllers\User_controller))
12 SYSTEMPATH/CodeIgniter.php(368): CodeIgniter\CodeIgniter->handleRequest(null, Object(Config\Cache), false)
13 FCPATH/index.php(67): CodeIgniter\CodeIgniter->run()
INFO - 2023-05-29 05:46:32 --> Session: Class initialized using 'CodeIgniter\Session\Handlers\FileHandler' driver.
INFO - 2023-05-29 05:46:47 --> Session: Class initialized using 'CodeIgniter\Session\Handlers\FileHandler' driver.
INFO - 2023-05-29 05:49:38 --> Session: Class initialized using 'CodeIgniter\Session\Handlers\FileHandler' driver.
INFO - 2023-05-29 05:51:44 --> Session: Class initialized using 'CodeIgniter\Session\Handlers\FileHandler' driver.
INFO - 2023-05-29 05:54:46 --> Session: Class initialized using 'CodeIgniter\Session\Handlers\FileHandler' driver.
INFO - 2023-05-29 05:58:29 --> Session: Class initialized using 'CodeIgniter\Session\Handlers\FileHandler' driver.
INFO - 2023-05-29 05:58:51 --> Session: Class initialized using 'CodeIgniter\Session\Handlers\FileHandler' driver.
INFO - 2023-05-29 05:59:48 --> Session: Class initialized using 'CodeIgniter\Session\Handlers\FileHandler' driver.
INFO - 2023-05-29 05:59:52 --> Session: Class initialized using 'CodeIgniter\Session\Handlers\FileHandler' driver.
INFO - 2023-05-29 06:00:16 --> Session: Class initialized using 'CodeIgniter\Session\Handlers\FileHandler' driver.
INFO - 2023-05-29 06:00:23 --> Session: Class initialized using 'CodeIgniter\Session\Handlers\FileHandler' driver.
INFO - 2023-05-29 06:01:22 --> Session: Class initialized using 'CodeIgniter\Session\Handlers\FileHandler' driver.
INFO - 2023-05-29 06:05:05 --> Session: Class initialized using 'CodeIgniter\Session\Handlers\FileHandler' driver.
INFO - 2023-05-29 06:08:14 --> Session: Class initialized using 'CodeIgniter\Session\Handlers\FileHandler' driver.
INFO - 2023-05-29 06:08:53 --> Session: Class initialized using 'CodeIgniter\Session\Handlers\FileHandler' driver.
INFO - 2023-05-29 06:09:08 --> Session: Class initialized using 'CodeIgniter\Session\Handlers\FileHandler' driver.
INFO - 2023-05-29 06:09:46 --> Session: Class initialized using 'CodeIgniter\Session\Handlers\FileHandler' driver.
INFO - 2023-05-29 06:10:58 --> Session: Class initialized using 'CodeIgniter\Session\Handlers\FileHandler' driver.
INFO - 2023-05-29 06:11:49 --> Session: Class initialized using 'CodeIgniter\Session\Handlers\FileHandler' driver.
INFO - 2023-05-29 06:13:21 --> Session: Class initialized using 'CodeIgniter\Session\Handlers\FileHandler' driver.
INFO - 2023-05-29 06:15:31 --> Session: Class initialized using 'CodeIgniter\Session\Handlers\FileHandler' driver.
INFO - 2023-05-29 06:16:11 --> Session: Class initialized using 'CodeIgniter\Session\Handlers\FileHandler' driver.
INFO - 2023-05-29 06:17:25 --> Session: Class initialized using 'CodeIgniter\Session\Handlers\FileHandler' driver.
INFO - 2023-05-29 06:17:53 --> Session: Class initialized using 'CodeIgniter\Session\Handlers\FileHandler' driver.
INFO - 2023-05-29 06:18:25 --> Session: Class initialized using 'CodeIgniter\Session\Handlers\FileHandler' driver.
INFO - 2023-05-29 06:18:38 --> Session: Class initialized using 'CodeIgniter\Session\Handlers\FileHandler' driver.
INFO - 2023-05-29 06:18:57 --> Session: Class initialized using 'CodeIgniter\Session\Handlers\FileHandler' driver.
INFO - 2023-05-29 06:19:47 --> Session: Class initialized using 'CodeIgniter\Session\Handlers\FileHandler' driver.
INFO - 2023-05-29 06:20:24 --> Session: Class initialized using 'CodeIgniter\Session\Handlers\FileHandler' driver.
INFO - 2023-05-29 06:20:47 --> Session: Class initialized using 'CodeIgniter\Session\Handlers\FileHandler' driver.
INFO - 2023-05-29 06:21:09 --> Session: Class initialized using 'CodeIgniter\Session\Handlers\FileHandler' driver.
INFO - 2023-05-29 06:21:44 --> Session: Class initialized using 'CodeIgniter\Session\Handlers\FileHandler' driver.
INFO - 2023-05-29 06:22:03 --> Session: Class initialized using 'CodeIgniter\Session\Handlers\FileHandler' driver.
INFO - 2023-05-29 06:22:36 --> Session: Class initialized using 'CodeIgniter\Session\Handlers\FileHandler' driver.
INFO - 2023-05-29 06:22:48 --> Session: Class initialized using 'CodeIgniter\Session\Handlers\FileHandler' driver.
INFO - 2023-05-29 06:23:54 --> Session: Class initialized using 'CodeIgniter\Session\Handlers\FileHandler' driver.
INFO - 2023-05-29 06:24:09 --> Session: Class initialized using 'CodeIgniter\Session\Handlers\FileHandler' driver.
INFO - 2023-05-29 06:27:11 --> Session: Class initialized using 'CodeIgniter\Session\Handlers\FileHandler' driver.
INFO - 2023-05-29 06:28:11 --> Session: Class initialized using 'CodeIgniter\Session\Handlers\FileHandler' driver.
INFO - 2023-05-29 06:30:50 --> Session: Class initialized using 'CodeIgniter\Session\Handlers\FileHandler' driver.
INFO - 2023-05-29 06:32:09 --> Session: Class initialized using 'CodeIgniter\Session\Handlers\FileHandler' driver.
INFO - 2023-05-29 06:32:41 --> Session: Class initialized using 'CodeIgniter\Session\Handlers\FileHandler' driver.
INFO - 2023-05-29 06:34:29 --> Session: Class initialized using 'CodeIgniter\Session\Handlers\FileHandler' driver.
INFO - 2023-05-29 06:35:29 --> Session: Class initialized using 'CodeIgniter\Session\Handlers\FileHandler' driver.
INFO - 2023-05-29 06:35:59 --> Session: Class initialized using 'CodeIgniter\Session\Handlers\FileHandler' driver.
INFO - 2023-05-29 06:36:31 --> Session: Class initialized using 'CodeIgniter\Session\Handlers\FileHandler' driver.
INFO - 2023-05-29 06:38:35 --> Session: Class initialized using 'CodeIgniter\Session\Handlers\FileHandler' driver.
INFO - 2023-05-29 06:39:38 --> Session: Class initialized using 'CodeIgniter\Session\Handlers\FileHandler' driver.
INFO - 2023-05-29 06:40:02 --> Session: Class initialized using 'CodeIgniter\Session\Handlers\FileHandler' driver.
INFO - 2023-05-29 06:41:24 --> Session: Class initialized using 'CodeIgniter\Session\Handlers\FileHandler' driver.
INFO - 2023-05-29 06:42:39 --> Session: Class initialized using 'CodeIgniter\Session\Handlers\FileHandler' driver.
INFO - 2023-05-29 06:43:03 --> Session: Class initialized using 'CodeIgniter\Session\Handlers\FileHandler' driver.
INFO - 2023-05-29 06:43:17 --> Session: Class initialized using 'CodeIgniter\Session\Handlers\FileHandler' driver.
INFO - 2023-05-29 06:43:37 --> Session: Class initialized using 'CodeIgniter\Session\Handlers\FileHandler' driver.
INFO - 2023-05-29 06:44:10 --> Session: Class initialized using 'CodeIgniter\Session\Handlers\FileHandler' driver.
INFO - 2023-05-29 06:44:46 --> Session: Class initialized using 'CodeIgniter\Session\Handlers\FileHandler' driver.
INFO - 2023-05-29 06:46:04 --> Session: Class initialized using 'CodeIgniter\Session\Handlers\FileHandler' driver.
INFO - 2023-05-29 07:09:14 --> Session: Class initialized using 'CodeIgniter\Session\Handlers\FileHandler' driver.
INFO - 2023-05-29 07:10:31 --> Session: Class initialized using 'CodeIgniter\Session\Handlers\FileHandler' driver.
