INFO - 2023-08-14 16:52:49 --> Session: Class initialized using 'CodeIgniter\Session\Handlers\FileHandler' driver.
CRITICAL - 2023-08-14 16:52:49 --> syntax error, unexpected single-quoted string "tbl_purchase_item", expecting identifier or variable or "{" or "$"
in APPPATH\Models\Ajax_model.php on line 814.
 1 SYSTEMPATH\Autoloader\Autoloader.php(289): CodeIgniter\Autoloader\Autoloader->includeFile('C:\\Users\\Furniture House\\Dropbox\\01.Projects\\htdocs\\new\\admin.furniturehousemanila.com\\app\\Models\\Ajax_model.php')
 2 SYSTEMPATH\Autoloader\Autoloader.php(267): CodeIgniter\Autoloader\Autoloader->loadInNamespace('App\\Models\\Ajax_model')
 3 APPPATH\Controllers\Ajax_controller.php(29): CodeIgniter\Autoloader\Autoloader->loadClass('App\\Models\\Ajax_model')
 4 SYSTEMPATH\CodeIgniter.php(906): App\Controllers\Ajax_controller->__construct()
 5 SYSTEMPATH\CodeIgniter.php(490): CodeIgniter\CodeIgniter->createController()
 6 SYSTEMPATH\CodeIgniter.php(368): CodeIgniter\CodeIgniter->handleRequest(null, Object(Config\Cache), false)
 7 FCPATH\index.php(67): CodeIgniter\CodeIgniter->run()
INFO - 2023-08-14 16:52:50 --> Session: Class initialized using 'CodeIgniter\Session\Handlers\FileHandler' driver.
CRITICAL - 2023-08-14 16:52:50 --> syntax error, unexpected single-quoted string "tbl_purchase_item", expecting identifier or variable or "{" or "$"
in APPPATH\Models\Ajax_model.php on line 814.
 1 SYSTEMPATH\Autoloader\Autoloader.php(289): CodeIgniter\Autoloader\Autoloader->includeFile('C:\\Users\\Furniture House\\Dropbox\\01.Projects\\htdocs\\new\\admin.furniturehousemanila.com\\app\\Models\\Ajax_model.php')
 2 SYSTEMPATH\Autoloader\Autoloader.php(267): CodeIgniter\Autoloader\Autoloader->loadInNamespace('App\\Models\\Ajax_model')
 3 APPPATH\Controllers\Ajax_controller.php(29): CodeIgniter\Autoloader\Autoloader->loadClass('App\\Models\\Ajax_model')
 4 SYSTEMPATH\CodeIgniter.php(906): App\Controllers\Ajax_controller->__construct()
 5 SYSTEMPATH\CodeIgniter.php(490): CodeIgniter\CodeIgniter->createController()
 6 SYSTEMPATH\CodeIgniter.php(368): CodeIgniter\CodeIgniter->handleRequest(null, Object(Config\Cache), false)
 7 FCPATH\index.php(67): CodeIgniter\CodeIgniter->run()
INFO - 2023-08-14 16:52:51 --> Session: Class initialized using 'CodeIgniter\Session\Handlers\FileHandler' driver.
CRITICAL - 2023-08-14 16:52:51 --> syntax error, unexpected single-quoted string "tbl_purchase_item", expecting identifier or variable or "{" or "$"
in APPPATH\Models\Ajax_model.php on line 814.
 1 SYSTEMPATH\Autoloader\Autoloader.php(289): CodeIgniter\Autoloader\Autoloader->includeFile('C:\\Users\\Furniture House\\Dropbox\\01.Projects\\htdocs\\new\\admin.furniturehousemanila.com\\app\\Models\\Ajax_model.php')
 2 SYSTEMPATH\Autoloader\Autoloader.php(267): CodeIgniter\Autoloader\Autoloader->loadInNamespace('App\\Models\\Ajax_model')
 3 APPPATH\Controllers\Ajax_controller.php(29): CodeIgniter\Autoloader\Autoloader->loadClass('App\\Models\\Ajax_model')
 4 SYSTEMPATH\CodeIgniter.php(906): App\Controllers\Ajax_controller->__construct()
 5 SYSTEMPATH\CodeIgniter.php(490): CodeIgniter\CodeIgniter->createController()
 6 SYSTEMPATH\CodeIgniter.php(368): CodeIgniter\CodeIgniter->handleRequest(null, Object(Config\Cache), false)
 7 FCPATH\index.php(67): CodeIgniter\CodeIgniter->run()
INFO - 2023-08-14 16:52:52 --> Session: Class initialized using 'CodeIgniter\Session\Handlers\FileHandler' driver.
CRITICAL - 2023-08-14 16:52:52 --> syntax error, unexpected single-quoted string "tbl_purchase_item", expecting identifier or variable or "{" or "$"
in APPPATH\Models\Ajax_model.php on line 814.
 1 SYSTEMPATH\Autoloader\Autoloader.php(289): CodeIgniter\Autoloader\Autoloader->includeFile('C:\\Users\\Furniture House\\Dropbox\\01.Projects\\htdocs\\new\\admin.furniturehousemanila.com\\app\\Models\\Ajax_model.php')
 2 SYSTEMPATH\Autoloader\Autoloader.php(267): CodeIgniter\Autoloader\Autoloader->loadInNamespace('App\\Models\\Ajax_model')
 3 APPPATH\Controllers\Ajax_controller.php(29): CodeIgniter\Autoloader\Autoloader->loadClass('App\\Models\\Ajax_model')
 4 SYSTEMPATH\CodeIgniter.php(906): App\Controllers\Ajax_controller->__construct()
 5 SYSTEMPATH\CodeIgniter.php(490): CodeIgniter\CodeIgniter->createController()
 6 SYSTEMPATH\CodeIgniter.php(368): CodeIgniter\CodeIgniter->handleRequest(null, Object(Config\Cache), false)
 7 FCPATH\index.php(67): CodeIgniter\CodeIgniter->run()
INFO - 2023-08-14 16:52:53 --> Session: Class initialized using 'CodeIgniter\Session\Handlers\FileHandler' driver.
CRITICAL - 2023-08-14 16:52:53 --> syntax error, unexpected single-quoted string "tbl_purchase_item", expecting identifier or variable or "{" or "$"
in APPPATH\Models\Ajax_model.php on line 814.
 1 SYSTEMPATH\Autoloader\Autoloader.php(289): CodeIgniter\Autoloader\Autoloader->includeFile('C:\\Users\\Furniture House\\Dropbox\\01.Projects\\htdocs\\new\\admin.furniturehousemanila.com\\app\\Models\\Ajax_model.php')
 2 SYSTEMPATH\Autoloader\Autoloader.php(267): CodeIgniter\Autoloader\Autoloader->loadInNamespace('App\\Models\\Ajax_model')
 3 APPPATH\Controllers\Ajax_controller.php(29): CodeIgniter\Autoloader\Autoloader->loadClass('App\\Models\\Ajax_model')
 4 SYSTEMPATH\CodeIgniter.php(906): App\Controllers\Ajax_controller->__construct()
 5 SYSTEMPATH\CodeIgniter.php(490): CodeIgniter\CodeIgniter->createController()
 6 SYSTEMPATH\CodeIgniter.php(368): CodeIgniter\CodeIgniter->handleRequest(null, Object(Config\Cache), false)
 7 FCPATH\index.php(67): CodeIgniter\CodeIgniter->run()
INFO - 2023-08-14 16:52:54 --> Session: Class initialized using 'CodeIgniter\Session\Handlers\FileHandler' driver.
CRITICAL - 2023-08-14 16:52:54 --> syntax error, unexpected single-quoted string "tbl_purchase_item", expecting identifier or variable or "{" or "$"
in APPPATH\Models\Ajax_model.php on line 814.
 1 SYSTEMPATH\Autoloader\Autoloader.php(289): CodeIgniter\Autoloader\Autoloader->includeFile('C:\\Users\\Furniture House\\Dropbox\\01.Projects\\htdocs\\new\\admin.furniturehousemanila.com\\app\\Models\\Ajax_model.php')
 2 SYSTEMPATH\Autoloader\Autoloader.php(267): CodeIgniter\Autoloader\Autoloader->loadInNamespace('App\\Models\\Ajax_model')
 3 APPPATH\Controllers\Ajax_controller.php(29): CodeIgniter\Autoloader\Autoloader->loadClass('App\\Models\\Ajax_model')
 4 SYSTEMPATH\CodeIgniter.php(906): App\Controllers\Ajax_controller->__construct()
 5 SYSTEMPATH\CodeIgniter.php(490): CodeIgniter\CodeIgniter->createController()
 6 SYSTEMPATH\CodeIgniter.php(368): CodeIgniter\CodeIgniter->handleRequest(null, Object(Config\Cache), false)
 7 FCPATH\index.php(67): CodeIgniter\CodeIgniter->run()
INFO - 2023-08-14 16:52:55 --> Session: Class initialized using 'CodeIgniter\Session\Handlers\FileHandler' driver.
CRITICAL - 2023-08-14 16:52:55 --> syntax error, unexpected single-quoted string "tbl_purchase_item", expecting identifier or variable or "{" or "$"
in APPPATH\Models\Ajax_model.php on line 814.
 1 SYSTEMPATH\Autoloader\Autoloader.php(289): CodeIgniter\Autoloader\Autoloader->includeFile('C:\\Users\\Furniture House\\Dropbox\\01.Projects\\htdocs\\new\\admin.furniturehousemanila.com\\app\\Models\\Ajax_model.php')
 2 SYSTEMPATH\Autoloader\Autoloader.php(267): CodeIgniter\Autoloader\Autoloader->loadInNamespace('App\\Models\\Ajax_model')
 3 APPPATH\Controllers\Ajax_controller.php(29): CodeIgniter\Autoloader\Autoloader->loadClass('App\\Models\\Ajax_model')
 4 SYSTEMPATH\CodeIgniter.php(906): App\Controllers\Ajax_controller->__construct()
 5 SYSTEMPATH\CodeIgniter.php(490): CodeIgniter\CodeIgniter->createController()
 6 SYSTEMPATH\CodeIgniter.php(368): CodeIgniter\CodeIgniter->handleRequest(null, Object(Config\Cache), false)
 7 FCPATH\index.php(67): CodeIgniter\CodeIgniter->run()
INFO - 2023-08-14 16:52:56 --> Session: Class initialized using 'CodeIgniter\Session\Handlers\FileHandler' driver.
CRITICAL - 2023-08-14 16:52:56 --> syntax error, unexpected single-quoted string "tbl_purchase_item", expecting identifier or variable or "{" or "$"
in APPPATH\Models\Ajax_model.php on line 814.
 1 SYSTEMPATH\Autoloader\Autoloader.php(289): CodeIgniter\Autoloader\Autoloader->includeFile('C:\\Users\\Furniture House\\Dropbox\\01.Projects\\htdocs\\new\\admin.furniturehousemanila.com\\app\\Models\\Ajax_model.php')
 2 SYSTEMPATH\Autoloader\Autoloader.php(267): CodeIgniter\Autoloader\Autoloader->loadInNamespace('App\\Models\\Ajax_model')
 3 APPPATH\Controllers\Ajax_controller.php(29): CodeIgniter\Autoloader\Autoloader->loadClass('App\\Models\\Ajax_model')
 4 SYSTEMPATH\CodeIgniter.php(906): App\Controllers\Ajax_controller->__construct()
 5 SYSTEMPATH\CodeIgniter.php(490): CodeIgniter\CodeIgniter->createController()
 6 SYSTEMPATH\CodeIgniter.php(368): CodeIgniter\CodeIgniter->handleRequest(null, Object(Config\Cache), false)
 7 FCPATH\index.php(67): CodeIgniter\CodeIgniter->run()
INFO - 2023-08-14 16:52:57 --> Session: Class initialized using 'CodeIgniter\Session\Handlers\FileHandler' driver.
CRITICAL - 2023-08-14 16:52:57 --> syntax error, unexpected single-quoted string "tbl_purchase_item", expecting identifier or variable or "{" or "$"
in APPPATH\Models\Ajax_model.php on line 814.
 1 SYSTEMPATH\Autoloader\Autoloader.php(289): CodeIgniter\Autoloader\Autoloader->includeFile('C:\\Users\\Furniture House\\Dropbox\\01.Projects\\htdocs\\new\\admin.furniturehousemanila.com\\app\\Models\\Ajax_model.php')
 2 SYSTEMPATH\Autoloader\Autoloader.php(267): CodeIgniter\Autoloader\Autoloader->loadInNamespace('App\\Models\\Ajax_model')
 3 APPPATH\Controllers\Ajax_controller.php(29): CodeIgniter\Autoloader\Autoloader->loadClass('App\\Models\\Ajax_model')
 4 SYSTEMPATH\CodeIgniter.php(906): App\Controllers\Ajax_controller->__construct()
 5 SYSTEMPATH\CodeIgniter.php(490): CodeIgniter\CodeIgniter->createController()
 6 SYSTEMPATH\CodeIgniter.php(368): CodeIgniter\CodeIgniter->handleRequest(null, Object(Config\Cache), false)
 7 FCPATH\index.php(67): CodeIgniter\CodeIgniter->run()
INFO - 2023-08-14 16:52:58 --> Session: Class initialized using 'CodeIgniter\Session\Handlers\FileHandler' driver.
CRITICAL - 2023-08-14 16:52:58 --> syntax error, unexpected single-quoted string "tbl_purchase_item", expecting identifier or variable or "{" or "$"
in APPPATH\Models\Ajax_model.php on line 814.
 1 SYSTEMPATH\Autoloader\Autoloader.php(289): CodeIgniter\Autoloader\Autoloader->includeFile('C:\\Users\\Furniture House\\Dropbox\\01.Projects\\htdocs\\new\\admin.furniturehousemanila.com\\app\\Models\\Ajax_model.php')
 2 SYSTEMPATH\Autoloader\Autoloader.php(267): CodeIgniter\Autoloader\Autoloader->loadInNamespace('App\\Models\\Ajax_model')
 3 APPPATH\Controllers\Ajax_controller.php(29): CodeIgniter\Autoloader\Autoloader->loadClass('App\\Models\\Ajax_model')
 4 SYSTEMPATH\CodeIgniter.php(906): App\Controllers\Ajax_controller->__construct()
 5 SYSTEMPATH\CodeIgniter.php(490): CodeIgniter\CodeIgniter->createController()
 6 SYSTEMPATH\CodeIgniter.php(368): CodeIgniter\CodeIgniter->handleRequest(null, Object(Config\Cache), false)
 7 FCPATH\index.php(67): CodeIgniter\CodeIgniter->run()
INFO - 2023-08-14 16:52:59 --> Session: Class initialized using 'CodeIgniter\Session\Handlers\FileHandler' driver.
CRITICAL - 2023-08-14 16:52:59 --> syntax error, unexpected single-quoted string "tbl_purchase_item", expecting identifier or variable or "{" or "$"
in APPPATH\Models\Ajax_model.php on line 814.
 1 SYSTEMPATH\Autoloader\Autoloader.php(289): CodeIgniter\Autoloader\Autoloader->includeFile('C:\\Users\\Furniture House\\Dropbox\\01.Projects\\htdocs\\new\\admin.furniturehousemanila.com\\app\\Models\\Ajax_model.php')
 2 SYSTEMPATH\Autoloader\Autoloader.php(267): CodeIgniter\Autoloader\Autoloader->loadInNamespace('App\\Models\\Ajax_model')
 3 APPPATH\Controllers\Ajax_controller.php(29): CodeIgniter\Autoloader\Autoloader->loadClass('App\\Models\\Ajax_model')
 4 SYSTEMPATH\CodeIgniter.php(906): App\Controllers\Ajax_controller->__construct()
 5 SYSTEMPATH\CodeIgniter.php(490): CodeIgniter\CodeIgniter->createController()
 6 SYSTEMPATH\CodeIgniter.php(368): CodeIgniter\CodeIgniter->handleRequest(null, Object(Config\Cache), false)
 7 FCPATH\index.php(67): CodeIgniter\CodeIgniter->run()
INFO - 2023-08-14 16:53:00 --> Session: Class initialized using 'CodeIgniter\Session\Handlers\FileHandler' driver.
CRITICAL - 2023-08-14 16:53:00 --> syntax error, unexpected single-quoted string "tbl_purchase_item", expecting identifier or variable or "{" or "$"
in APPPATH\Models\Ajax_model.php on line 814.
 1 SYSTEMPATH\Autoloader\Autoloader.php(289): CodeIgniter\Autoloader\Autoloader->includeFile('C:\\Users\\Furniture House\\Dropbox\\01.Projects\\htdocs\\new\\admin.furniturehousemanila.com\\app\\Models\\Ajax_model.php')
 2 SYSTEMPATH\Autoloader\Autoloader.php(267): CodeIgniter\Autoloader\Autoloader->loadInNamespace('App\\Models\\Ajax_model')
 3 APPPATH\Controllers\Ajax_controller.php(29): CodeIgniter\Autoloader\Autoloader->loadClass('App\\Models\\Ajax_model')
 4 SYSTEMPATH\CodeIgniter.php(906): App\Controllers\Ajax_controller->__construct()
 5 SYSTEMPATH\CodeIgniter.php(490): CodeIgniter\CodeIgniter->createController()
 6 SYSTEMPATH\CodeIgniter.php(368): CodeIgniter\CodeIgniter->handleRequest(null, Object(Config\Cache), false)
 7 FCPATH\index.php(67): CodeIgniter\CodeIgniter->run()
INFO - 2023-08-14 16:53:01 --> Session: Class initialized using 'CodeIgniter\Session\Handlers\FileHandler' driver.
CRITICAL - 2023-08-14 16:53:01 --> syntax error, unexpected single-quoted string "tbl_purchase_item", expecting identifier or variable or "{" or "$"
in APPPATH\Models\Ajax_model.php on line 814.
 1 SYSTEMPATH\Autoloader\Autoloader.php(289): CodeIgniter\Autoloader\Autoloader->includeFile('C:\\Users\\Furniture House\\Dropbox\\01.Projects\\htdocs\\new\\admin.furniturehousemanila.com\\app\\Models\\Ajax_model.php')
 2 SYSTEMPATH\Autoloader\Autoloader.php(267): CodeIgniter\Autoloader\Autoloader->loadInNamespace('App\\Models\\Ajax_model')
 3 APPPATH\Controllers\Ajax_controller.php(29): CodeIgniter\Autoloader\Autoloader->loadClass('App\\Models\\Ajax_model')
 4 SYSTEMPATH\CodeIgniter.php(906): App\Controllers\Ajax_controller->__construct()
 5 SYSTEMPATH\CodeIgniter.php(490): CodeIgniter\CodeIgniter->createController()
 6 SYSTEMPATH\CodeIgniter.php(368): CodeIgniter\CodeIgniter->handleRequest(null, Object(Config\Cache), false)
 7 FCPATH\index.php(67): CodeIgniter\CodeIgniter->run()
INFO - 2023-08-14 16:53:02 --> Session: Class initialized using 'CodeIgniter\Session\Handlers\FileHandler' driver.
CRITICAL - 2023-08-14 16:53:02 --> syntax error, unexpected single-quoted string "tbl_purchase_item", expecting identifier or variable or "{" or "$"
in APPPATH\Models\Ajax_model.php on line 814.
 1 SYSTEMPATH\Autoloader\Autoloader.php(289): CodeIgniter\Autoloader\Autoloader->includeFile('C:\\Users\\Furniture House\\Dropbox\\01.Projects\\htdocs\\new\\admin.furniturehousemanila.com\\app\\Models\\Ajax_model.php')
 2 SYSTEMPATH\Autoloader\Autoloader.php(267): CodeIgniter\Autoloader\Autoloader->loadInNamespace('App\\Models\\Ajax_model')
 3 APPPATH\Controllers\Ajax_controller.php(29): CodeIgniter\Autoloader\Autoloader->loadClass('App\\Models\\Ajax_model')
 4 SYSTEMPATH\CodeIgniter.php(906): App\Controllers\Ajax_controller->__construct()
 5 SYSTEMPATH\CodeIgniter.php(490): CodeIgniter\CodeIgniter->createController()
 6 SYSTEMPATH\CodeIgniter.php(368): CodeIgniter\CodeIgniter->handleRequest(null, Object(Config\Cache), false)
 7 FCPATH\index.php(67): CodeIgniter\CodeIgniter->run()
INFO - 2023-08-14 16:53:03 --> Session: Class initialized using 'CodeIgniter\Session\Handlers\FileHandler' driver.
CRITICAL - 2023-08-14 16:53:03 --> syntax error, unexpected single-quoted string "tbl_purchase_item", expecting identifier or variable or "{" or "$"
in APPPATH\Models\Ajax_model.php on line 814.
 1 SYSTEMPATH\Autoloader\Autoloader.php(289): CodeIgniter\Autoloader\Autoloader->includeFile('C:\\Users\\Furniture House\\Dropbox\\01.Projects\\htdocs\\new\\admin.furniturehousemanila.com\\app\\Models\\Ajax_model.php')
 2 SYSTEMPATH\Autoloader\Autoloader.php(267): CodeIgniter\Autoloader\Autoloader->loadInNamespace('App\\Models\\Ajax_model')
 3 APPPATH\Controllers\Ajax_controller.php(29): CodeIgniter\Autoloader\Autoloader->loadClass('App\\Models\\Ajax_model')
 4 SYSTEMPATH\CodeIgniter.php(906): App\Controllers\Ajax_controller->__construct()
 5 SYSTEMPATH\CodeIgniter.php(490): CodeIgniter\CodeIgniter->createController()
 6 SYSTEMPATH\CodeIgniter.php(368): CodeIgniter\CodeIgniter->handleRequest(null, Object(Config\Cache), false)
 7 FCPATH\index.php(67): CodeIgniter\CodeIgniter->run()
INFO - 2023-08-14 16:53:04 --> Session: Class initialized using 'CodeIgniter\Session\Handlers\FileHandler' driver.
CRITICAL - 2023-08-14 16:53:04 --> syntax error, unexpected single-quoted string "tbl_purchase_item", expecting identifier or variable or "{" or "$"
in APPPATH\Models\Ajax_model.php on line 814.
 1 SYSTEMPATH\Autoloader\Autoloader.php(289): CodeIgniter\Autoloader\Autoloader->includeFile('C:\\Users\\Furniture House\\Dropbox\\01.Projects\\htdocs\\new\\admin.furniturehousemanila.com\\app\\Models\\Ajax_model.php')
 2 SYSTEMPATH\Autoloader\Autoloader.php(267): CodeIgniter\Autoloader\Autoloader->loadInNamespace('App\\Models\\Ajax_model')
 3 APPPATH\Controllers\Ajax_controller.php(29): CodeIgniter\Autoloader\Autoloader->loadClass('App\\Models\\Ajax_model')
 4 SYSTEMPATH\CodeIgniter.php(906): App\Controllers\Ajax_controller->__construct()
 5 SYSTEMPATH\CodeIgniter.php(490): CodeIgniter\CodeIgniter->createController()
 6 SYSTEMPATH\CodeIgniter.php(368): CodeIgniter\CodeIgniter->handleRequest(null, Object(Config\Cache), false)
 7 FCPATH\index.php(67): CodeIgniter\CodeIgniter->run()
INFO - 2023-08-14 16:53:05 --> Session: Class initialized using 'CodeIgniter\Session\Handlers\FileHandler' driver.
CRITICAL - 2023-08-14 16:53:05 --> syntax error, unexpected single-quoted string "tbl_purchase_item", expecting identifier or variable or "{" or "$"
in APPPATH\Models\Ajax_model.php on line 814.
 1 SYSTEMPATH\Autoloader\Autoloader.php(289): CodeIgniter\Autoloader\Autoloader->includeFile('C:\\Users\\Furniture House\\Dropbox\\01.Projects\\htdocs\\new\\admin.furniturehousemanila.com\\app\\Models\\Ajax_model.php')
 2 SYSTEMPATH\Autoloader\Autoloader.php(267): CodeIgniter\Autoloader\Autoloader->loadInNamespace('App\\Models\\Ajax_model')
 3 APPPATH\Controllers\Ajax_controller.php(29): CodeIgniter\Autoloader\Autoloader->loadClass('App\\Models\\Ajax_model')
 4 SYSTEMPATH\CodeIgniter.php(906): App\Controllers\Ajax_controller->__construct()
 5 SYSTEMPATH\CodeIgniter.php(490): CodeIgniter\CodeIgniter->createController()
 6 SYSTEMPATH\CodeIgniter.php(368): CodeIgniter\CodeIgniter->handleRequest(null, Object(Config\Cache), false)
 7 FCPATH\index.php(67): CodeIgniter\CodeIgniter->run()
INFO - 2023-08-14 16:53:06 --> Session: Class initialized using 'CodeIgniter\Session\Handlers\FileHandler' driver.
CRITICAL - 2023-08-14 16:53:06 --> syntax error, unexpected single-quoted string "tbl_purchase_item", expecting identifier or variable or "{" or "$"
in APPPATH\Models\Ajax_model.php on line 814.
 1 SYSTEMPATH\Autoloader\Autoloader.php(289): CodeIgniter\Autoloader\Autoloader->includeFile('C:\\Users\\Furniture House\\Dropbox\\01.Projects\\htdocs\\new\\admin.furniturehousemanila.com\\app\\Models\\Ajax_model.php')
 2 SYSTEMPATH\Autoloader\Autoloader.php(267): CodeIgniter\Autoloader\Autoloader->loadInNamespace('App\\Models\\Ajax_model')
 3 APPPATH\Controllers\Ajax_controller.php(29): CodeIgniter\Autoloader\Autoloader->loadClass('App\\Models\\Ajax_model')
 4 SYSTEMPATH\CodeIgniter.php(906): App\Controllers\Ajax_controller->__construct()
 5 SYSTEMPATH\CodeIgniter.php(490): CodeIgniter\CodeIgniter->createController()
 6 SYSTEMPATH\CodeIgniter.php(368): CodeIgniter\CodeIgniter->handleRequest(null, Object(Config\Cache), false)
 7 FCPATH\index.php(67): CodeIgniter\CodeIgniter->run()
INFO - 2023-08-14 16:53:07 --> Session: Class initialized using 'CodeIgniter\Session\Handlers\FileHandler' driver.
CRITICAL - 2023-08-14 16:53:07 --> syntax error, unexpected single-quoted string "tbl_purchase_item", expecting identifier or variable or "{" or "$"
in APPPATH\Models\Ajax_model.php on line 814.
 1 SYSTEMPATH\Autoloader\Autoloader.php(289): CodeIgniter\Autoloader\Autoloader->includeFile('C:\\Users\\Furniture House\\Dropbox\\01.Projects\\htdocs\\new\\admin.furniturehousemanila.com\\app\\Models\\Ajax_model.php')
 2 SYSTEMPATH\Autoloader\Autoloader.php(267): CodeIgniter\Autoloader\Autoloader->loadInNamespace('App\\Models\\Ajax_model')
 3 APPPATH\Controllers\Ajax_controller.php(29): CodeIgniter\Autoloader\Autoloader->loadClass('App\\Models\\Ajax_model')
 4 SYSTEMPATH\CodeIgniter.php(906): App\Controllers\Ajax_controller->__construct()
 5 SYSTEMPATH\CodeIgniter.php(490): CodeIgniter\CodeIgniter->createController()
 6 SYSTEMPATH\CodeIgniter.php(368): CodeIgniter\CodeIgniter->handleRequest(null, Object(Config\Cache), false)
 7 FCPATH\index.php(67): CodeIgniter\CodeIgniter->run()
INFO - 2023-08-14 16:53:08 --> Session: Class initialized using 'CodeIgniter\Session\Handlers\FileHandler' driver.
CRITICAL - 2023-08-14 16:53:08 --> syntax error, unexpected single-quoted string "tbl_purchase_item", expecting identifier or variable or "{" or "$"
in APPPATH\Models\Ajax_model.php on line 814.
 1 SYSTEMPATH\Autoloader\Autoloader.php(289): CodeIgniter\Autoloader\Autoloader->includeFile('C:\\Users\\Furniture House\\Dropbox\\01.Projects\\htdocs\\new\\admin.furniturehousemanila.com\\app\\Models\\Ajax_model.php')
 2 SYSTEMPATH\Autoloader\Autoloader.php(267): CodeIgniter\Autoloader\Autoloader->loadInNamespace('App\\Models\\Ajax_model')
 3 APPPATH\Controllers\Ajax_controller.php(29): CodeIgniter\Autoloader\Autoloader->loadClass('App\\Models\\Ajax_model')
 4 SYSTEMPATH\CodeIgniter.php(906): App\Controllers\Ajax_controller->__construct()
 5 SYSTEMPATH\CodeIgniter.php(490): CodeIgniter\CodeIgniter->createController()
 6 SYSTEMPATH\CodeIgniter.php(368): CodeIgniter\CodeIgniter->handleRequest(null, Object(Config\Cache), false)
 7 FCPATH\index.php(67): CodeIgniter\CodeIgniter->run()
INFO - 2023-08-14 16:53:09 --> Session: Class initialized using 'CodeIgniter\Session\Handlers\FileHandler' driver.
CRITICAL - 2023-08-14 16:53:09 --> syntax error, unexpected single-quoted string "tbl_purchase_item", expecting identifier or variable or "{" or "$"
in APPPATH\Models\Ajax_model.php on line 814.
 1 SYSTEMPATH\Autoloader\Autoloader.php(289): CodeIgniter\Autoloader\Autoloader->includeFile('C:\\Users\\Furniture House\\Dropbox\\01.Projects\\htdocs\\new\\admin.furniturehousemanila.com\\app\\Models\\Ajax_model.php')
 2 SYSTEMPATH\Autoloader\Autoloader.php(267): CodeIgniter\Autoloader\Autoloader->loadInNamespace('App\\Models\\Ajax_model')
 3 APPPATH\Controllers\Ajax_controller.php(29): CodeIgniter\Autoloader\Autoloader->loadClass('App\\Models\\Ajax_model')
 4 SYSTEMPATH\CodeIgniter.php(906): App\Controllers\Ajax_controller->__construct()
 5 SYSTEMPATH\CodeIgniter.php(490): CodeIgniter\CodeIgniter->createController()
 6 SYSTEMPATH\CodeIgniter.php(368): CodeIgniter\CodeIgniter->handleRequest(null, Object(Config\Cache), false)
 7 FCPATH\index.php(67): CodeIgniter\CodeIgniter->run()
INFO - 2023-08-14 16:53:10 --> Session: Class initialized using 'CodeIgniter\Session\Handlers\FileHandler' driver.
CRITICAL - 2023-08-14 16:53:10 --> syntax error, unexpected single-quoted string "tbl_purchase_item", expecting identifier or variable or "{" or "$"
in APPPATH\Models\Ajax_model.php on line 814.
 1 SYSTEMPATH\Autoloader\Autoloader.php(289): CodeIgniter\Autoloader\Autoloader->includeFile('C:\\Users\\Furniture House\\Dropbox\\01.Projects\\htdocs\\new\\admin.furniturehousemanila.com\\app\\Models\\Ajax_model.php')
 2 SYSTEMPATH\Autoloader\Autoloader.php(267): CodeIgniter\Autoloader\Autoloader->loadInNamespace('App\\Models\\Ajax_model')
 3 APPPATH\Controllers\Ajax_controller.php(29): CodeIgniter\Autoloader\Autoloader->loadClass('App\\Models\\Ajax_model')
 4 SYSTEMPATH\CodeIgniter.php(906): App\Controllers\Ajax_controller->__construct()
 5 SYSTEMPATH\CodeIgniter.php(490): CodeIgniter\CodeIgniter->createController()
 6 SYSTEMPATH\CodeIgniter.php(368): CodeIgniter\CodeIgniter->handleRequest(null, Object(Config\Cache), false)
 7 FCPATH\index.php(67): CodeIgniter\CodeIgniter->run()
INFO - 2023-08-14 16:53:11 --> Session: Class initialized using 'CodeIgniter\Session\Handlers\FileHandler' driver.
CRITICAL - 2023-08-14 16:53:11 --> syntax error, unexpected single-quoted string "tbl_purchase_item", expecting identifier or variable or "{" or "$"
in APPPATH\Models\Ajax_model.php on line 814.
 1 SYSTEMPATH\Autoloader\Autoloader.php(289): CodeIgniter\Autoloader\Autoloader->includeFile('C:\\Users\\Furniture House\\Dropbox\\01.Projects\\htdocs\\new\\admin.furniturehousemanila.com\\app\\Models\\Ajax_model.php')
 2 SYSTEMPATH\Autoloader\Autoloader.php(267): CodeIgniter\Autoloader\Autoloader->loadInNamespace('App\\Models\\Ajax_model')
 3 APPPATH\Controllers\Ajax_controller.php(29): CodeIgniter\Autoloader\Autoloader->loadClass('App\\Models\\Ajax_model')
 4 SYSTEMPATH\CodeIgniter.php(906): App\Controllers\Ajax_controller->__construct()
 5 SYSTEMPATH\CodeIgniter.php(490): CodeIgniter\CodeIgniter->createController()
 6 SYSTEMPATH\CodeIgniter.php(368): CodeIgniter\CodeIgniter->handleRequest(null, Object(Config\Cache), false)
 7 FCPATH\index.php(67): CodeIgniter\CodeIgniter->run()
INFO - 2023-08-14 16:53:12 --> Session: Class initialized using 'CodeIgniter\Session\Handlers\FileHandler' driver.
CRITICAL - 2023-08-14 16:53:12 --> syntax error, unexpected single-quoted string "tbl_purchase_item", expecting identifier or variable or "{" or "$"
in APPPATH\Models\Ajax_model.php on line 814.
 1 SYSTEMPATH\Autoloader\Autoloader.php(289): CodeIgniter\Autoloader\Autoloader->includeFile('C:\\Users\\Furniture House\\Dropbox\\01.Projects\\htdocs\\new\\admin.furniturehousemanila.com\\app\\Models\\Ajax_model.php')
 2 SYSTEMPATH\Autoloader\Autoloader.php(267): CodeIgniter\Autoloader\Autoloader->loadInNamespace('App\\Models\\Ajax_model')
 3 APPPATH\Controllers\Ajax_controller.php(29): CodeIgniter\Autoloader\Autoloader->loadClass('App\\Models\\Ajax_model')
 4 SYSTEMPATH\CodeIgniter.php(906): App\Controllers\Ajax_controller->__construct()
 5 SYSTEMPATH\CodeIgniter.php(490): CodeIgniter\CodeIgniter->createController()
 6 SYSTEMPATH\CodeIgniter.php(368): CodeIgniter\CodeIgniter->handleRequest(null, Object(Config\Cache), false)
 7 FCPATH\index.php(67): CodeIgniter\CodeIgniter->run()
INFO - 2023-08-14 16:53:13 --> Session: Class initialized using 'CodeIgniter\Session\Handlers\FileHandler' driver.
CRITICAL - 2023-08-14 16:53:13 --> syntax error, unexpected single-quoted string "tbl_purchase_item", expecting identifier or variable or "{" or "$"
in APPPATH\Models\Ajax_model.php on line 814.
 1 SYSTEMPATH\Autoloader\Autoloader.php(289): CodeIgniter\Autoloader\Autoloader->includeFile('C:\\Users\\Furniture House\\Dropbox\\01.Projects\\htdocs\\new\\admin.furniturehousemanila.com\\app\\Models\\Ajax_model.php')
 2 SYSTEMPATH\Autoloader\Autoloader.php(267): CodeIgniter\Autoloader\Autoloader->loadInNamespace('App\\Models\\Ajax_model')
 3 APPPATH\Controllers\Ajax_controller.php(29): CodeIgniter\Autoloader\Autoloader->loadClass('App\\Models\\Ajax_model')
 4 SYSTEMPATH\CodeIgniter.php(906): App\Controllers\Ajax_controller->__construct()
 5 SYSTEMPATH\CodeIgniter.php(490): CodeIgniter\CodeIgniter->createController()
 6 SYSTEMPATH\CodeIgniter.php(368): CodeIgniter\CodeIgniter->handleRequest(null, Object(Config\Cache), false)
 7 FCPATH\index.php(67): CodeIgniter\CodeIgniter->run()
INFO - 2023-08-14 16:53:14 --> Session: Class initialized using 'CodeIgniter\Session\Handlers\FileHandler' driver.
CRITICAL - 2023-08-14 16:53:14 --> syntax error, unexpected single-quoted string "tbl_purchase_item", expecting identifier or variable or "{" or "$"
in APPPATH\Models\Ajax_model.php on line 814.
 1 SYSTEMPATH\Autoloader\Autoloader.php(289): CodeIgniter\Autoloader\Autoloader->includeFile('C:\\Users\\Furniture House\\Dropbox\\01.Projects\\htdocs\\new\\admin.furniturehousemanila.com\\app\\Models\\Ajax_model.php')
 2 SYSTEMPATH\Autoloader\Autoloader.php(267): CodeIgniter\Autoloader\Autoloader->loadInNamespace('App\\Models\\Ajax_model')
 3 APPPATH\Controllers\Ajax_controller.php(29): CodeIgniter\Autoloader\Autoloader->loadClass('App\\Models\\Ajax_model')
 4 SYSTEMPATH\CodeIgniter.php(906): App\Controllers\Ajax_controller->__construct()
 5 SYSTEMPATH\CodeIgniter.php(490): CodeIgniter\CodeIgniter->createController()
 6 SYSTEMPATH\CodeIgniter.php(368): CodeIgniter\CodeIgniter->handleRequest(null, Object(Config\Cache), false)
 7 FCPATH\index.php(67): CodeIgniter\CodeIgniter->run()
INFO - 2023-08-14 16:53:15 --> Session: Class initialized using 'CodeIgniter\Session\Handlers\FileHandler' driver.
CRITICAL - 2023-08-14 16:53:15 --> syntax error, unexpected single-quoted string "tbl_purchase_item", expecting identifier or variable or "{" or "$"
in APPPATH\Models\Ajax_model.php on line 814.
 1 SYSTEMPATH\Autoloader\Autoloader.php(289): CodeIgniter\Autoloader\Autoloader->includeFile('C:\\Users\\Furniture House\\Dropbox\\01.Projects\\htdocs\\new\\admin.furniturehousemanila.com\\app\\Models\\Ajax_model.php')
 2 SYSTEMPATH\Autoloader\Autoloader.php(267): CodeIgniter\Autoloader\Autoloader->loadInNamespace('App\\Models\\Ajax_model')
 3 APPPATH\Controllers\Ajax_controller.php(29): CodeIgniter\Autoloader\Autoloader->loadClass('App\\Models\\Ajax_model')
 4 SYSTEMPATH\CodeIgniter.php(906): App\Controllers\Ajax_controller->__construct()
 5 SYSTEMPATH\CodeIgniter.php(490): CodeIgniter\CodeIgniter->createController()
 6 SYSTEMPATH\CodeIgniter.php(368): CodeIgniter\CodeIgniter->handleRequest(null, Object(Config\Cache), false)
 7 FCPATH\index.php(67): CodeIgniter\CodeIgniter->run()
INFO - 2023-08-14 16:53:16 --> Session: Class initialized using 'CodeIgniter\Session\Handlers\FileHandler' driver.
CRITICAL - 2023-08-14 16:53:16 --> syntax error, unexpected single-quoted string "tbl_purchase_item", expecting identifier or variable or "{" or "$"
in APPPATH\Models\Ajax_model.php on line 814.
 1 SYSTEMPATH\Autoloader\Autoloader.php(289): CodeIgniter\Autoloader\Autoloader->includeFile('C:\\Users\\Furniture House\\Dropbox\\01.Projects\\htdocs\\new\\admin.furniturehousemanila.com\\app\\Models\\Ajax_model.php')
 2 SYSTEMPATH\Autoloader\Autoloader.php(267): CodeIgniter\Autoloader\Autoloader->loadInNamespace('App\\Models\\Ajax_model')
 3 APPPATH\Controllers\Ajax_controller.php(29): CodeIgniter\Autoloader\Autoloader->loadClass('App\\Models\\Ajax_model')
 4 SYSTEMPATH\CodeIgniter.php(906): App\Controllers\Ajax_controller->__construct()
 5 SYSTEMPATH\CodeIgniter.php(490): CodeIgniter\CodeIgniter->createController()
 6 SYSTEMPATH\CodeIgniter.php(368): CodeIgniter\CodeIgniter->handleRequest(null, Object(Config\Cache), false)
 7 FCPATH\index.php(67): CodeIgniter\CodeIgniter->run()
INFO - 2023-08-14 16:53:17 --> Session: Class initialized using 'CodeIgniter\Session\Handlers\FileHandler' driver.
CRITICAL - 2023-08-14 16:53:17 --> syntax error, unexpected single-quoted string "tbl_purchase_item", expecting identifier or variable or "{" or "$"
in APPPATH\Models\Ajax_model.php on line 814.
 1 SYSTEMPATH\Autoloader\Autoloader.php(289): CodeIgniter\Autoloader\Autoloader->includeFile('C:\\Users\\Furniture House\\Dropbox\\01.Projects\\htdocs\\new\\admin.furniturehousemanila.com\\app\\Models\\Ajax_model.php')
 2 SYSTEMPATH\Autoloader\Autoloader.php(267): CodeIgniter\Autoloader\Autoloader->loadInNamespace('App\\Models\\Ajax_model')
 3 APPPATH\Controllers\Ajax_controller.php(29): CodeIgniter\Autoloader\Autoloader->loadClass('App\\Models\\Ajax_model')
 4 SYSTEMPATH\CodeIgniter.php(906): App\Controllers\Ajax_controller->__construct()
 5 SYSTEMPATH\CodeIgniter.php(490): CodeIgniter\CodeIgniter->createController()
 6 SYSTEMPATH\CodeIgniter.php(368): CodeIgniter\CodeIgniter->handleRequest(null, Object(Config\Cache), false)
 7 FCPATH\index.php(67): CodeIgniter\CodeIgniter->run()
INFO - 2023-08-14 16:53:18 --> Session: Class initialized using 'CodeIgniter\Session\Handlers\FileHandler' driver.
CRITICAL - 2023-08-14 16:53:18 --> syntax error, unexpected single-quoted string "tbl_purchase_item", expecting identifier or variable or "{" or "$"
in APPPATH\Models\Ajax_model.php on line 814.
 1 SYSTEMPATH\Autoloader\Autoloader.php(289): CodeIgniter\Autoloader\Autoloader->includeFile('C:\\Users\\Furniture House\\Dropbox\\01.Projects\\htdocs\\new\\admin.furniturehousemanila.com\\app\\Models\\Ajax_model.php')
 2 SYSTEMPATH\Autoloader\Autoloader.php(267): CodeIgniter\Autoloader\Autoloader->loadInNamespace('App\\Models\\Ajax_model')
 3 APPPATH\Controllers\Ajax_controller.php(29): CodeIgniter\Autoloader\Autoloader->loadClass('App\\Models\\Ajax_model')
 4 SYSTEMPATH\CodeIgniter.php(906): App\Controllers\Ajax_controller->__construct()
 5 SYSTEMPATH\CodeIgniter.php(490): CodeIgniter\CodeIgniter->createController()
 6 SYSTEMPATH\CodeIgniter.php(368): CodeIgniter\CodeIgniter->handleRequest(null, Object(Config\Cache), false)
 7 FCPATH\index.php(67): CodeIgniter\CodeIgniter->run()
INFO - 2023-08-14 16:53:19 --> Session: Class initialized using 'CodeIgniter\Session\Handlers\FileHandler' driver.
CRITICAL - 2023-08-14 16:53:19 --> syntax error, unexpected single-quoted string "tbl_purchase_item", expecting identifier or variable or "{" or "$"
in APPPATH\Models\Ajax_model.php on line 814.
 1 SYSTEMPATH\Autoloader\Autoloader.php(289): CodeIgniter\Autoloader\Autoloader->includeFile('C:\\Users\\Furniture House\\Dropbox\\01.Projects\\htdocs\\new\\admin.furniturehousemanila.com\\app\\Models\\Ajax_model.php')
 2 SYSTEMPATH\Autoloader\Autoloader.php(267): CodeIgniter\Autoloader\Autoloader->loadInNamespace('App\\Models\\Ajax_model')
 3 APPPATH\Controllers\Ajax_controller.php(29): CodeIgniter\Autoloader\Autoloader->loadClass('App\\Models\\Ajax_model')
 4 SYSTEMPATH\CodeIgniter.php(906): App\Controllers\Ajax_controller->__construct()
 5 SYSTEMPATH\CodeIgniter.php(490): CodeIgniter\CodeIgniter->createController()
 6 SYSTEMPATH\CodeIgniter.php(368): CodeIgniter\CodeIgniter->handleRequest(null, Object(Config\Cache), false)
 7 FCPATH\index.php(67): CodeIgniter\CodeIgniter->run()
INFO - 2023-08-14 16:53:20 --> Session: Class initialized using 'CodeIgniter\Session\Handlers\FileHandler' driver.
CRITICAL - 2023-08-14 16:53:20 --> syntax error, unexpected single-quoted string "tbl_purchase_item", expecting identifier or variable or "{" or "$"
in APPPATH\Models\Ajax_model.php on line 814.
 1 SYSTEMPATH\Autoloader\Autoloader.php(289): CodeIgniter\Autoloader\Autoloader->includeFile('C:\\Users\\Furniture House\\Dropbox\\01.Projects\\htdocs\\new\\admin.furniturehousemanila.com\\app\\Models\\Ajax_model.php')
 2 SYSTEMPATH\Autoloader\Autoloader.php(267): CodeIgniter\Autoloader\Autoloader->loadInNamespace('App\\Models\\Ajax_model')
 3 APPPATH\Controllers\Ajax_controller.php(29): CodeIgniter\Autoloader\Autoloader->loadClass('App\\Models\\Ajax_model')
 4 SYSTEMPATH\CodeIgniter.php(906): App\Controllers\Ajax_controller->__construct()
 5 SYSTEMPATH\CodeIgniter.php(490): CodeIgniter\CodeIgniter->createController()
 6 SYSTEMPATH\CodeIgniter.php(368): CodeIgniter\CodeIgniter->handleRequest(null, Object(Config\Cache), false)
 7 FCPATH\index.php(67): CodeIgniter\CodeIgniter->run()
INFO - 2023-08-14 16:53:21 --> Session: Class initialized using 'CodeIgniter\Session\Handlers\FileHandler' driver.
CRITICAL - 2023-08-14 16:53:21 --> syntax error, unexpected single-quoted string "tbl_purchase_item", expecting identifier or variable or "{" or "$"
in APPPATH\Models\Ajax_model.php on line 814.
 1 SYSTEMPATH\Autoloader\Autoloader.php(289): CodeIgniter\Autoloader\Autoloader->includeFile('C:\\Users\\Furniture House\\Dropbox\\01.Projects\\htdocs\\new\\admin.furniturehousemanila.com\\app\\Models\\Ajax_model.php')
 2 SYSTEMPATH\Autoloader\Autoloader.php(267): CodeIgniter\Autoloader\Autoloader->loadInNamespace('App\\Models\\Ajax_model')
 3 APPPATH\Controllers\Ajax_controller.php(29): CodeIgniter\Autoloader\Autoloader->loadClass('App\\Models\\Ajax_model')
 4 SYSTEMPATH\CodeIgniter.php(906): App\Controllers\Ajax_controller->__construct()
 5 SYSTEMPATH\CodeIgniter.php(490): CodeIgniter\CodeIgniter->createController()
 6 SYSTEMPATH\CodeIgniter.php(368): CodeIgniter\CodeIgniter->handleRequest(null, Object(Config\Cache), false)
 7 FCPATH\index.php(67): CodeIgniter\CodeIgniter->run()
INFO - 2023-08-14 16:53:22 --> Session: Class initialized using 'CodeIgniter\Session\Handlers\FileHandler' driver.
CRITICAL - 2023-08-14 16:53:22 --> syntax error, unexpected single-quoted string "tbl_purchase_item", expecting identifier or variable or "{" or "$"
in APPPATH\Models\Ajax_model.php on line 814.
 1 SYSTEMPATH\Autoloader\Autoloader.php(289): CodeIgniter\Autoloader\Autoloader->includeFile('C:\\Users\\Furniture House\\Dropbox\\01.Projects\\htdocs\\new\\admin.furniturehousemanila.com\\app\\Models\\Ajax_model.php')
 2 SYSTEMPATH\Autoloader\Autoloader.php(267): CodeIgniter\Autoloader\Autoloader->loadInNamespace('App\\Models\\Ajax_model')
 3 APPPATH\Controllers\Ajax_controller.php(29): CodeIgniter\Autoloader\Autoloader->loadClass('App\\Models\\Ajax_model')
 4 SYSTEMPATH\CodeIgniter.php(906): App\Controllers\Ajax_controller->__construct()
 5 SYSTEMPATH\CodeIgniter.php(490): CodeIgniter\CodeIgniter->createController()
 6 SYSTEMPATH\CodeIgniter.php(368): CodeIgniter\CodeIgniter->handleRequest(null, Object(Config\Cache), false)
 7 FCPATH\index.php(67): CodeIgniter\CodeIgniter->run()
INFO - 2023-08-14 16:53:23 --> Session: Class initialized using 'CodeIgniter\Session\Handlers\FileHandler' driver.
CRITICAL - 2023-08-14 16:53:23 --> syntax error, unexpected single-quoted string "tbl_purchase_item", expecting identifier or variable or "{" or "$"
in APPPATH\Models\Ajax_model.php on line 814.
 1 SYSTEMPATH\Autoloader\Autoloader.php(289): CodeIgniter\Autoloader\Autoloader->includeFile('C:\\Users\\Furniture House\\Dropbox\\01.Projects\\htdocs\\new\\admin.furniturehousemanila.com\\app\\Models\\Ajax_model.php')
 2 SYSTEMPATH\Autoloader\Autoloader.php(267): CodeIgniter\Autoloader\Autoloader->loadInNamespace('App\\Models\\Ajax_model')
 3 APPPATH\Controllers\Ajax_controller.php(29): CodeIgniter\Autoloader\Autoloader->loadClass('App\\Models\\Ajax_model')
 4 SYSTEMPATH\CodeIgniter.php(906): App\Controllers\Ajax_controller->__construct()
 5 SYSTEMPATH\CodeIgniter.php(490): CodeIgniter\CodeIgniter->createController()
 6 SYSTEMPATH\CodeIgniter.php(368): CodeIgniter\CodeIgniter->handleRequest(null, Object(Config\Cache), false)
 7 FCPATH\index.php(67): CodeIgniter\CodeIgniter->run()
